menu.exe: 00000C28: 13:21:09 []:>--------------------------------------------------------------<
menu.exe: 00000C28: 13:21:09 [TUniServerModule]:Server First Init.
menu.exe: 00000C28: 13:21:09 [TUniServerModule]:Starting HTTP Server on Port: 8077...
menu.exe: 00000C28: 13:21:09 [TUniServerModule]:HTTP Server Started on Port: 8077
menu.exe: 00000C28: 13:27:43 [TUniServerModule]:Shutting Down Server.
menu.exe: 00000C28: 13:27:43 [TUniServerModule]:Stopping HTTP Server.
menu.exe: 00000C28: 13:27:44 [TUniServerModule]:HTTP Server Stopped.
menu.exe: 00000C28: 13:27:44 [TUniGUISessionManager]:Terminating Session manager.
menu.exe: 00000C28: 13:27:44 [TUniGUISessionManager]:Stopping Cache Eraser...
menu.exe: 00000C28: 13:27:44 [TUniGUISessionManager]:Cache Eraser Stopped.
menu.exe: 00000C28: 13:27:44 [TUniGUISessionManager]:Destroying Worker Threads.
menu.exe: 00000C28: 13:27:44 [TUniGUISessionManager]:Session manager terminated.
menu.exe: 00000C28: 13:27:44 [TUniServerModule]:Server Shutdown Completed.
menu.exe: 00000C28: 13:27:44 []:<-------------------------------------------------------------->
menu.exe: 00000C28: 13:27:44 [Terminated]:Exit Code: 0
menu.exe: 000029F4: 13:27:50 []:>--------------------------------------------------------------<
menu.exe: 000029F4: 13:27:50 [TUniServerModule]:Server First Init.
menu.exe: 000029F4: 13:27:50 [TUniServerModule]:Starting HTTP Server on Port: 8077...
menu.exe: 000029F4: 13:27:50 [TUniServerModule]:HTTP Server Started on Port: 8077
menu.exe: 00001CE0: 13:27:52 [127.0.0.1]:EUniSessionException : Invalid session or session Timeout. (Session not found: kHlXBYeyER1055B9660 ) : Addr: $007CDB52
menu.exe: 000029F4: 13:29:18 [TUniServerModule]:Shutting Down Server.
menu.exe: 000029F4: 13:29:18 [TUniServerModule]:Stopping HTTP Server.
menu.exe: 000029F4: 13:29:19 [TUniServerModule]:HTTP Server Stopped.
menu.exe: 000029F4: 13:29:19 [TUniGUISessionManager]:Terminating Session manager.
menu.exe: 000029F4: 13:29:19 [TUniGUISessionManager]:Stopping Cache Eraser...
menu.exe: 000029F4: 13:29:19 [TUniGUISessionManager]:Cache Eraser Stopped.
menu.exe: 000029F4: 13:29:19 [TUniGUISessionManager]:Destroying Worker Threads.
menu.exe: 000029F4: 13:29:19 [TUniGUISessionManager]:Session manager terminated.
menu.exe: 000029F4: 13:29:19 [TUniServerModule]:Server Shutdown Completed.
menu.exe: 000029F4: 13:29:19 []:<-------------------------------------------------------------->
menu.exe: 000029F4: 13:29:19 [Terminated]:Exit Code: 0
menu.exe: 000022CC: 13:29:25 []:>--------------------------------------------------------------<
menu.exe: 000022CC: 13:29:25 [TUniServerModule]:Server First Init.
menu.exe: 000022CC: 13:29:25 [TUniServerModule]:Starting HTTP Server on Port: 8077...
menu.exe: 000022CC: 13:29:25 [TUniServerModule]:HTTP Server Started on Port: 8077
menu.exe: 00000A6C: 13:29:25 [127.0.0.1]:EUniSessionException : Invalid session or session Timeout. (Session not found: UAzLU4AjSQ1055B9826 ) : Addr: $007CDB52
menu.exe: 000022CC: 13:30:00 [TUniServerModule]:Shutting Down Server.
menu.exe: 000022CC: 13:30:00 [TUniServerModule]:Stopping HTTP Server.
menu.exe: 000022CC: 13:30:01 [TUniServerModule]:HTTP Server Stopped.
menu.exe: 000022CC: 13:30:01 [TUniGUISessionManager]:Terminating Session manager.
menu.exe: 000022CC: 13:30:01 [TUniGUISessionManager]:Stopping Cache Eraser...
menu.exe: 000022CC: 13:30:01 [TUniGUISessionManager]:Cache Eraser Stopped.
menu.exe: 000022CC: 13:30:01 [TUniGUISessionManager]:Destroying Worker Threads.
menu.exe: 000022CC: 13:30:01 [TUniGUISessionManager]:Session manager terminated.
menu.exe: 000022CC: 13:30:01 [TUniServerModule]:Server Shutdown Completed.
menu.exe: 000022CC: 13:30:01 []:<-------------------------------------------------------------->
menu.exe: 000022CC: 13:30:01 [Terminated]:Exit Code: 0
menu.exe: 00002190: 13:30:07 []:>--------------------------------------------------------------<
menu.exe: 00002190: 13:30:07 [TUniServerModule]:Server First Init.
menu.exe: 00002190: 13:30:07 [TUniServerModule]:Starting HTTP Server on Port: 8077...
menu.exe: 00002190: 13:30:07 [TUniServerModule]:HTTP Server Started on Port: 8077
menu.exe: 00000A70: 13:30:10 [127.0.0.1]:EUniSessionException : Invalid session or session Timeout. (Session not found: FWrWKCsyC11055B9892 ) : Addr: $007CDB52
menu.exe: 00002190: 13:31:16 [TUniServerModule]:Shutting Down Server.
menu.exe: 00002190: 13:31:16 [TUniServerModule]:Stopping HTTP Server.
menu.exe: 00002190: 13:31:17 [TUniServerModule]:HTTP Server Stopped.
menu.exe: 00002190: 13:31:17 [TUniGUISessionManager]:Terminating Session manager.
menu.exe: 00002190: 13:31:17 [TUniGUISessionManager]:Stopping Cache Eraser...
menu.exe: 00002190: 13:31:18 [TUniGUISessionManager]:Cache Eraser Stopped.
menu.exe: 00002190: 13:31:18 [TUniGUISessionManager]:Destroying Worker Threads.
menu.exe: 00002190: 13:31:18 [TUniGUISessionManager]:Session manager terminated.
menu.exe: 00002190: 13:31:18 [TUniServerModule]:Server Shutdown Completed.
menu.exe: 00002190: 13:31:18 []:<-------------------------------------------------------------->
menu.exe: 00002190: 13:31:18 [Terminated]:Exit Code: 0
menu.exe: 00002848: 13:31:23 []:>--------------------------------------------------------------<
menu.exe: 00002848: 13:31:23 [TUniServerModule]:Server First Init.
menu.exe: 00002848: 13:31:23 [TUniServerModule]:Starting HTTP Server on Port: 8077...
menu.exe: 00002848: 13:31:23 [TUniServerModule]:HTTP Server Started on Port: 8077
menu.exe: 000001C0: 13:31:27 [127.0.0.1]:EUniSessionException : Invalid session or session Timeout. (Session not found: R3LgLDzpwX1055B98C6 ) : Addr: $007CDB52
menu.exe: 00002848: 13:38:14 [TUniServerModule]:Shutting Down Server.
menu.exe: 00002848: 13:38:14 [TUniServerModule]:Stopping HTTP Server.
menu.exe: 00002848: 13:38:15 [TUniServerModule]:HTTP Server Stopped.
menu.exe: 00002848: 13:38:15 [TUniGUISessionManager]:Terminating Session manager.
menu.exe: 00002848: 13:38:15 [TUniGUISessionManager]:Stopping Cache Eraser...
menu.exe: 00002848: 13:38:15 [TUniGUISessionManager]:Cache Eraser Stopped.
menu.exe: 00002848: 13:38:15 [TUniGUISessionManager]:Destroying Worker Threads.
menu.exe: 00002848: 13:38:15 [TUniGUISessionManager]:Session manager terminated.
menu.exe: 00002848: 13:38:15 [TUniServerModule]:Server Shutdown Completed.
menu.exe: 00002848: 13:38:15 []:<-------------------------------------------------------------->
menu.exe: 00002848: 13:38:15 [Terminated]:Exit Code: 0
menu.exe: 000021E8: 13:38:24 []:>--------------------------------------------------------------<
menu.exe: 000021E8: 13:38:24 [TUniServerModule]:Server First Init.
menu.exe: 000021E8: 13:38:25 [TUniServerModule]:Starting HTTP Server on Port: 8077...
menu.exe: 000021E8: 13:38:25 [TUniServerModule]:HTTP Server Started on Port: 8077
menu.exe: 000020E8: 13:38:38 [127.0.0.1]:EUniSessionException : Invalid session or session Timeout. (Session not found: B2ZMkRA5jy1055B993B ) : Addr: $007CD7E6
menu.exe: 000021E8: 13:39:15 [TUniServerModule]:Shutting Down Server.
menu.exe: 000021E8: 13:39:15 [TUniServerModule]:Stopping HTTP Server.
menu.exe: 000021E8: 13:39:16 [TUniServerModule]:HTTP Server Stopped.
menu.exe: 000021E8: 13:39:16 [TUniGUISessionManager]:Terminating Session manager.
menu.exe: 000021E8: 13:39:16 [TUniGUISessionManager]:Stopping Cache Eraser...
menu.exe: 000021E8: 13:39:16 [TUniGUISessionManager]:Cache Eraser Stopped.
menu.exe: 000021E8: 13:39:16 [TUniGUISessionManager]:Destroying Worker Threads.
menu.exe: 000021E8: 13:39:16 [TUniGUISessionManager]:Session manager terminated.
menu.exe: 000021E8: 13:39:16 [TUniServerModule]:Server Shutdown Completed.
menu.exe: 000021E8: 13:39:16 []:<-------------------------------------------------------------->
menu.exe: 000021E8: 13:39:16 [Terminated]:Exit Code: 0
menu.exe: 0000213C: 13:39:25 []:>--------------------------------------------------------------<
menu.exe: 0000213C: 13:39:25 [TUniServerModule]:Server First Init.
menu.exe: 0000213C: 13:39:25 [TUniServerModule]:Starting HTTP Server on Port: 8077...
menu.exe: 0000213C: 13:39:25 [TUniServerModule]:HTTP Server Started on Port: 8077
menu.exe: 0000213C: 13:39:56 [TUniServerModule]:Shutting Down Server.
menu.exe: 0000213C: 13:39:56 [TUniServerModule]:Stopping HTTP Server.
menu.exe: 0000213C: 13:39:57 [TUniServerModule]:HTTP Server Stopped.
menu.exe: 0000213C: 13:39:57 [TUniGUISessionManager]:Terminating Session manager.
menu.exe: 0000213C: 13:39:57 [TUniGUISessionManager]:Stopping Cache Eraser...
menu.exe: 0000213C: 13:39:57 [TUniGUISessionManager]:Cache Eraser Stopped.
menu.exe: 0000213C: 13:39:57 [TUniGUISessionManager]:Destroying Worker Threads.
menu.exe: 0000213C: 13:39:57 [TUniGUISessionManager]:Session manager terminated.
menu.exe: 0000213C: 13:39:57 [TUniServerModule]:Server Shutdown Completed.
menu.exe: 0000213C: 13:39:57 []:<-------------------------------------------------------------->
menu.exe: 0000213C: 13:39:57 [Terminated]:Exit Code: 0
menu.exe: 00001558: 13:42:12 []:>--------------------------------------------------------------<
menu.exe: 00001558: 13:42:12 [TUniServerModule]:Server First Init.
menu.exe: 00001558: 13:42:12 [TUniServerModule]:Starting HTTP Server on Port: 8077...
menu.exe: 00001558: 13:42:12 [TUniServerModule]:HTTP Server Started on Port: 8077
menu.exe: 00000FC0: 13:42:13 [127.0.0.1]:EUniSessionException : Invalid session or session Timeout. (Session not found: KSrbP8hALN1055B9BCA ) : Addr: $007CDB52
menu.exe: 00001558: 13:42:42 [TUniServerModule]:Shutting Down Server.
menu.exe: 00001558: 13:42:42 [TUniServerModule]:Stopping HTTP Server.
menu.exe: 00001558: 13:42:43 [TUniServerModule]:HTTP Server Stopped.
menu.exe: 00001558: 13:42:43 [TUniGUISessionManager]:Terminating Session manager.
menu.exe: 00001558: 13:42:43 [TUniGUISessionManager]:Stopping Cache Eraser...
menu.exe: 00001558: 13:42:43 [TUniGUISessionManager]:Cache Eraser Stopped.
menu.exe: 00001558: 13:42:43 [TUniGUISessionManager]:Destroying Worker Threads.
menu.exe: 00001558: 13:42:43 [TUniGUISessionManager]:Session manager terminated.
menu.exe: 00001558: 13:42:43 [TUniServerModule]:Server Shutdown Completed.
menu.exe: 00001558: 13:42:43 []:<-------------------------------------------------------------->
menu.exe: 00001558: 13:42:43 [Terminated]:Exit Code: 0
menu.exe: 00001A38: 13:42:49 []:>--------------------------------------------------------------<
menu.exe: 00001A38: 13:42:49 [TUniServerModule]:Server First Init.
menu.exe: 00001A38: 13:42:49 [TUniServerModule]:Starting HTTP Server on Port: 8077...
menu.exe: 00001A38: 13:42:49 [TUniServerModule]:HTTP Server Started on Port: 8077
menu.exe: 00001D9C: 13:42:51 [127.0.0.1]:EUniSessionException : Invalid session or session Timeout. (Session not found: icKvOunKEF1055B9C0C ) : Addr: $007CDB52
menu.exe: 00001A38: 13:43:08 [TUniServerModule]:Shutting Down Server.
menu.exe: 00001A38: 13:43:08 [TUniServerModule]:Stopping HTTP Server.
menu.exe: 00001A38: 13:43:09 [TUniServerModule]:HTTP Server Stopped.
menu.exe: 00001A38: 13:43:09 [TUniGUISessionManager]:Terminating Session manager.
menu.exe: 00001A38: 13:43:09 [TUniGUISessionManager]:Stopping Cache Eraser...
menu.exe: 00001A38: 13:43:09 [TUniGUISessionManager]:Cache Eraser Stopped.
menu.exe: 00001A38: 13:43:09 [TUniGUISessionManager]:Destroying Worker Threads.
menu.exe: 00001A38: 13:43:09 [TUniGUISessionManager]:Session manager terminated.
menu.exe: 00001A38: 13:43:09 [TUniServerModule]:Server Shutdown Completed.
menu.exe: 00001A38: 13:43:09 []:<-------------------------------------------------------------->
menu.exe: 00001A38: 13:43:09 [Terminated]:Exit Code: 0
menu.exe: 000019EC: 13:44:31 []:>--------------------------------------------------------------<
menu.exe: 000019EC: 13:44:31 [TUniServerModule]:Server First Init.
menu.exe: 000019EC: 13:44:31 [TUniServerModule]:Starting HTTP Server on Port: 8077...
menu.exe: 000019EC: 13:44:31 [TUniServerModule]:HTTP Server Started on Port: 8077
menu.exe: 00001DB4: 13:44:33 [127.0.0.1]:EUniSessionException : Invalid session or session Timeout. (Session not found: QshDnSHJKM1055B9C5E ) : Addr: $007CDB52
menu.exe: 000019EC: 13:46:38 [TUniServerModule]:Shutting Down Server.
menu.exe: 000019EC: 13:46:38 [TUniServerModule]:Stopping HTTP Server.
menu.exe: 000019EC: 13:46:39 [TUniServerModule]:HTTP Server Stopped.
menu.exe: 000019EC: 13:46:39 [TUniGUISessionManager]:Terminating Session manager.
menu.exe: 000019EC: 13:46:39 [TUniGUISessionManager]:Stopping Cache Eraser...
menu.exe: 000019EC: 13:46:39 [TUniGUISessionManager]:Cache Eraser Stopped.
menu.exe: 000019EC: 13:46:39 [TUniGUISessionManager]:Destroying Worker Threads.
menu.exe: 000019EC: 13:46:39 [TUniGUISessionManager]:Session manager terminated.
menu.exe: 000019EC: 13:46:39 [TUniServerModule]:Server Shutdown Completed.
menu.exe: 000019EC: 13:46:39 []:<-------------------------------------------------------------->
menu.exe: 000019EC: 13:46:39 [Terminated]:Exit Code: 0
menu.exe: 00002A3C: 13:46:45 []:>--------------------------------------------------------------<
menu.exe: 00002A3C: 13:46:45 [TUniServerModule]:Server First Init.
menu.exe: 00002A3C: 13:46:45 [TUniServerModule]:Starting HTTP Server on Port: 8077...
menu.exe: 00002A3C: 13:46:45 [TUniServerModule]:HTTP Server Started on Port: 8077
menu.exe: 00001E58: 13:46:55 [127.0.0.1]:EUniSessionException : Invalid session or session Timeout. (Session not found: SRmTwlWBjQ1055B9CB0 ) : Addr: $007CDB52
menu.exe: 00002A3C: 13:49:15 [TUniServerModule]:Shutting Down Server.
menu.exe: 00002A3C: 13:49:15 [TUniServerModule]:Stopping HTTP Server.
menu.exe: 00002A3C: 13:49:16 [TUniServerModule]:HTTP Server Stopped.
menu.exe: 00002A3C: 13:49:16 [TUniGUISessionManager]:Terminating Session manager.
menu.exe: 00002A3C: 13:49:16 [TUniGUISessionManager]:Stopping Cache Eraser...
menu.exe: 00002A3C: 13:49:16 [TUniGUISessionManager]:Cache Eraser Stopped.
menu.exe: 00002A3C: 13:49:16 [TUniGUISessionManager]:Destroying Worker Threads.
menu.exe: 00002A3C: 13:49:16 [TUniGUISessionManager]:Session manager terminated.
menu.exe: 00002A3C: 13:49:17 [TUniServerModule]:Server Shutdown Completed.
menu.exe: 00002A3C: 13:49:17 []:<-------------------------------------------------------------->
menu.exe: 00002A3C: 13:49:17 [Terminated]:Exit Code: 0
menu.exe: 00000B44: 13:49:22 []:>--------------------------------------------------------------<
menu.exe: 00000B44: 13:49:22 [TUniServerModule]:Server First Init.
menu.exe: 00000B44: 13:49:22 [TUniServerModule]:Starting HTTP Server on Port: 8077...
menu.exe: 00000B44: 13:49:22 [TUniServerModule]:HTTP Server Started on Port: 8077
menu.exe: 00001E84: 13:49:29 [127.0.0.1]:EUniSessionException : Invalid session or session Timeout. (Session not found: 9IA4tvCbo61055B9D57 ) : Addr: $007CDB52
menu.exe: 00000B44: 13:50:08 [TUniServerModule]:Shutting Down Server.
menu.exe: 00000B44: 13:50:08 [TUniServerModule]:Stopping HTTP Server.
menu.exe: 00000B44: 13:50:09 [TUniServerModule]:HTTP Server Stopped.
menu.exe: 00000B44: 13:50:09 [TUniGUISessionManager]:Terminating Session manager.
menu.exe: 00000B44: 13:50:09 [TUniGUISessionManager]:Stopping Cache Eraser...
menu.exe: 00000B44: 13:50:09 [TUniGUISessionManager]:Cache Eraser Stopped.
menu.exe: 00000B44: 13:50:09 [TUniGUISessionManager]:Destroying Worker Threads.
menu.exe: 00000B44: 13:50:09 [TUniGUISessionManager]:Session manager terminated.
menu.exe: 00000B44: 13:50:09 [TUniServerModule]:Server Shutdown Completed.
menu.exe: 00000B44: 13:50:09 []:<-------------------------------------------------------------->
menu.exe: 00000B44: 13:50:09 [Terminated]:Exit Code: 0
menu.exe: 00001CF4: 13:50:34 []:>--------------------------------------------------------------<
menu.exe: 00001CF4: 13:50:34 [TUniServerModule]:Server First Init.
menu.exe: 00001CF4: 13:50:34 [TUniServerModule]:Starting HTTP Server on Port: 8077...
menu.exe: 00001CF4: 13:50:34 [TUniServerModule]:HTTP Server Started on Port: 8077
menu.exe: 0000195C: 13:50:36 [127.0.0.1]:EUniSessionException : Invalid session or session Timeout. (Session not found: 9LXT14cSqi1055B9E03 ) : Addr: $007CDB52
menu.exe: 00001CF4: 13:52:31 [TUniServerModule]:Shutting Down Server.
menu.exe: 00001CF4: 13:52:31 [TUniServerModule]:Stopping HTTP Server.
menu.exe: 00001CF4: 13:52:32 [TUniServerModule]:HTTP Server Stopped.
menu.exe: 00001CF4: 13:52:32 [TUniGUISessionManager]:Terminating Session manager.
menu.exe: 00001CF4: 13:52:32 [TUniGUISessionManager]:Stopping Cache Eraser...
menu.exe: 00001CF4: 13:52:32 [TUniGUISessionManager]:Cache Eraser Stopped.
menu.exe: 00001CF4: 13:52:32 [TUniGUISessionManager]:Destroying Worker Threads.
menu.exe: 00001CF4: 13:52:32 [TUniGUISessionManager]:Session manager terminated.
menu.exe: 00001CF4: 13:52:33 [TUniServerModule]:Server Shutdown Completed.
menu.exe: 00001CF4: 13:52:33 []:<-------------------------------------------------------------->
menu.exe: 00001CF4: 13:52:33 [Terminated]:Exit Code: 0
menu.exe: 000024C4: 14:04:17 []:>--------------------------------------------------------------<
menu.exe: 000024C4: 14:04:17 [TUniServerModule]:Server First Init.
menu.exe: 000024C4: 14:04:17 [TUniServerModule]:Starting HTTP Server on Port: 8077...
menu.exe: 000024C4: 14:04:17 [TUniServerModule]:HTTP Server Started on Port: 8077
menu.exe: 000012F4: 14:04:21 [127.0.0.1]:EUniSessionException : Invalid session or session Timeout. (Session not found: XFRuAeNXj41055B9E51 ) : Addr: $007D0846
menu.exe: 000024C4: 14:06:12 [TUniServerModule]:Shutting Down Server.
menu.exe: 000024C4: 14:06:12 [TUniServerModule]:Stopping HTTP Server.
menu.exe: 000024C4: 14:06:13 [TUniServerModule]:HTTP Server Stopped.
menu.exe: 000024C4: 14:06:13 [TUniGUISessionManager]:Terminating Session manager.
menu.exe: 000024C4: 14:06:13 [TUniGUISessionManager]:Stopping Cache Eraser...
menu.exe: 000024C4: 14:06:13 [TUniGUISessionManager]:Cache Eraser Stopped.
menu.exe: 000024C4: 14:06:13 [TUniGUISessionManager]:Destroying Worker Threads.
menu.exe: 000024C4: 14:06:13 [TUniGUISessionManager]:Session manager terminated.
menu.exe: 000024C4: 14:06:13 [TUniServerModule]:Server Shutdown Completed.
menu.exe: 000024C4: 14:06:13 []:<-------------------------------------------------------------->
menu.exe: 000024C4: 14:06:13 [Terminated]:Exit Code: 0
menu.exe: 0000129C: 14:06:20 []:>--------------------------------------------------------------<
menu.exe: 0000129C: 14:06:20 [TUniServerModule]:Server First Init.
menu.exe: 0000129C: 14:06:21 [TUniServerModule]:Starting HTTP Server on Port: 8077...
menu.exe: 0000129C: 14:06:21 [TUniServerModule]:HTTP Server Started on Port: 8077
menu.exe: 000023AC: 14:06:23 [127.0.0.1]:EUniSessionException : Invalid session or session Timeout. (Session not found: Cz4PPYH85Z1055BA20C ) : Addr: $007D0846
menu.exe: 0000129C: 14:07:09 [TUniServerModule]:Shutting Down Server.
menu.exe: 0000129C: 14:07:09 [TUniServerModule]:Stopping HTTP Server.
menu.exe: 0000129C: 14:07:10 [TUniServerModule]:HTTP Server Stopped.
menu.exe: 0000129C: 14:07:10 [TUniGUISessionManager]:Terminating Session manager.
menu.exe: 0000129C: 14:07:10 [TUniGUISessionManager]:Stopping Cache Eraser...
menu.exe: 0000129C: 14:07:10 [TUniGUISessionManager]:Cache Eraser Stopped.
menu.exe: 0000129C: 14:07:10 [TUniGUISessionManager]:Destroying Worker Threads.
menu.exe: 0000129C: 14:07:10 [TUniGUISessionManager]:Session manager terminated.
menu.exe: 0000129C: 14:07:10 [TUniServerModule]:Server Shutdown Completed.
menu.exe: 0000129C: 14:07:10 []:<-------------------------------------------------------------->
menu.exe: 0000129C: 14:07:10 [Terminated]:Exit Code: 0
menu.exe: 00002300: 14:07:30 []:>--------------------------------------------------------------<
menu.exe: 00002300: 14:07:30 [TUniServerModule]:Server First Init.
menu.exe: 00002300: 14:07:30 [TUniServerModule]:Starting HTTP Server on Port: 8077...
menu.exe: 00002300: 14:07:30 [TUniServerModule]:HTTP Server Started on Port: 8077
menu.exe: 0000196C: 14:07:33 [127.0.0.1]:EUniSessionException : Invalid session or session Timeout. (Session not found: TJDJsVHenb1055BA299 ) : Addr: $007D0846
menu.exe: 00002300: 14:08:20 [TUniServerModule]:Shutting Down Server.
menu.exe: 00002300: 14:08:20 [TUniServerModule]:Stopping HTTP Server.
menu.exe: 00002300: 14:08:21 [TUniServerModule]:HTTP Server Stopped.
menu.exe: 00002300: 14:08:21 [TUniGUISessionManager]:Terminating Session manager.
menu.exe: 00002300: 14:08:21 [TUniGUISessionManager]:Stopping Cache Eraser...
menu.exe: 00002300: 14:08:21 [TUniGUISessionManager]:Cache Eraser Stopped.
menu.exe: 00002300: 14:08:21 [TUniGUISessionManager]:Destroying Worker Threads.
menu.exe: 00002300: 14:08:21 [TUniGUISessionManager]:Session manager terminated.
menu.exe: 00002300: 14:08:21 [TUniServerModule]:Server Shutdown Completed.
menu.exe: 00002300: 14:08:21 []:<-------------------------------------------------------------->
menu.exe: 00002300: 14:08:21 [Terminated]:Exit Code: 0
menu.exe: 00000A20: 14:08:27 []:>--------------------------------------------------------------<
menu.exe: 00000A20: 14:08:27 [TUniServerModule]:Server First Init.
menu.exe: 00000A20: 14:08:27 [TUniServerModule]:Starting HTTP Server on Port: 8077...
menu.exe: 00000A20: 14:08:27 [TUniServerModule]:HTTP Server Started on Port: 8077
menu.exe: 00002530: 14:08:29 [127.0.0.1]:EUniSessionException : Invalid session or session Timeout. (Session not found: s2rn9Fbp221055BA2EA ) : Addr: $007D0846
menu.exe: 00000A20: 14:09:10 [TUniServerModule]:Shutting Down Server.
menu.exe: 00000A20: 14:09:10 [TUniServerModule]:Stopping HTTP Server.
menu.exe: 00000A20: 14:09:11 [TUniServerModule]:HTTP Server Stopped.
menu.exe: 00000A20: 14:09:11 [TUniGUISessionManager]:Terminating Session manager.
menu.exe: 00000A20: 14:09:11 [TUniGUISessionManager]:Stopping Cache Eraser...
menu.exe: 00000A20: 14:09:11 [TUniGUISessionManager]:Cache Eraser Stopped.
menu.exe: 00000A20: 14:09:12 [TUniGUISessionManager]:Destroying Worker Threads.
menu.exe: 00000A20: 14:09:12 [TUniGUISessionManager]:Session manager terminated.
menu.exe: 00000A20: 14:09:12 [TUniServerModule]:Server Shutdown Completed.
menu.exe: 00000A20: 14:09:12 []:<-------------------------------------------------------------->
menu.exe: 00000A20: 14:09:12 [Terminated]:Exit Code: 0
menu.exe: 00001418: 14:09:50 []:>--------------------------------------------------------------<
menu.exe: 00001418: 14:09:50 [TUniServerModule]:Server First Init.
menu.exe: 00001418: 14:09:50 [TUniServerModule]:Starting HTTP Server on Port: 8077...
menu.exe: 00001418: 14:09:50 [TUniServerModule]:HTTP Server Started on Port: 8077
menu.exe: 00002890: 14:09:54 [127.0.0.1]:EUniSessionException : Invalid session or session Timeout. (Session not found: ugQAAjv4Uw1055BA32B ) : Addr: $007D0846
menu.exe: 00001418: 14:10:06 [TUniServerModule]:Shutting Down Server.
menu.exe: 00001418: 14:10:06 [TUniServerModule]:Stopping HTTP Server.
menu.exe: 00001418: 14:10:07 [TUniServerModule]:HTTP Server Stopped.
menu.exe: 00001418: 14:10:07 [TUniGUISessionManager]:Terminating Session manager.
menu.exe: 00001418: 14:10:07 [TUniGUISessionManager]:Stopping Cache Eraser...
menu.exe: 00001418: 14:10:07 [TUniGUISessionManager]:Cache Eraser Stopped.
menu.exe: 00001418: 14:10:07 [TUniGUISessionManager]:Destroying Worker Threads.
menu.exe: 00001418: 14:10:07 [TUniGUISessionManager]:Session manager terminated.
menu.exe: 00001418: 14:10:07 [TUniServerModule]:Server Shutdown Completed.
menu.exe: 00001418: 14:10:07 []:<-------------------------------------------------------------->
menu.exe: 00001418: 14:10:07 [Terminated]:Exit Code: 0
menu.exe: 000025CC: 14:10:39 []:>--------------------------------------------------------------<
menu.exe: 000025CC: 14:10:39 [TUniServerModule]:Server First Init.
menu.exe: 000025CC: 14:10:39 [TUniServerModule]:Starting HTTP Server on Port: 8077...
menu.exe: 000025CC: 14:10:39 [TUniServerModule]:HTTP Server Started on Port: 8077
menu.exe: 000019E8: 14:10:44 [127.0.0.1]:EUniSessionException : Invalid session or session Timeout. (Session not found: K7NmeClgJ61055BA38D ) : Addr: $007D0846
menu.exe: 000025CC: 14:11:30 [TUniServerModule]:Shutting Down Server.
menu.exe: 000025CC: 14:11:30 [TUniServerModule]:Stopping HTTP Server.
menu.exe: 000025CC: 14:11:31 [TUniServerModule]:HTTP Server Stopped.
menu.exe: 000025CC: 14:11:31 [TUniGUISessionManager]:Terminating Session manager.
menu.exe: 000025CC: 14:11:31 [TUniGUISessionManager]:Stopping Cache Eraser...
menu.exe: 000025CC: 14:11:31 [TUniGUISessionManager]:Cache Eraser Stopped.
menu.exe: 000025CC: 14:11:31 [TUniGUISessionManager]:Destroying Worker Threads.
menu.exe: 000025CC: 14:11:31 [TUniGUISessionManager]:Session manager terminated.
menu.exe: 000025CC: 14:11:32 [TUniServerModule]:Server Shutdown Completed.
menu.exe: 000025CC: 14:11:32 []:<-------------------------------------------------------------->
menu.exe: 000025CC: 14:11:32 [Terminated]:Exit Code: 0
menu.exe: 00002074: 14:11:39 []:>--------------------------------------------------------------<
menu.exe: 00002074: 14:11:39 [TUniServerModule]:Server First Init.
menu.exe: 00002074: 14:11:39 [TUniServerModule]:Starting HTTP Server on Port: 8077...
menu.exe: 00002074: 14:11:39 [TUniServerModule]:HTTP Server Started on Port: 8077
menu.exe: 0000195C: 14:11:41 [127.0.0.1]:EUniSessionException : Invalid session or session Timeout. (Session not found: ftwVuAtM911055BA3C7 ) : Addr: $007D0846
menu.exe: 00002074: 14:11:50 [TUniServerModule]:Shutting Down Server.
menu.exe: 00002074: 14:11:50 [TUniServerModule]:Stopping HTTP Server.
menu.exe: 00002074: 14:11:51 [TUniServerModule]:HTTP Server Stopped.
menu.exe: 00002074: 14:11:51 [TUniGUISessionManager]:Terminating Session manager.
menu.exe: 00002074: 14:11:51 [TUniGUISessionManager]:Stopping Cache Eraser...
menu.exe: 00002074: 14:11:51 [TUniGUISessionManager]:Cache Eraser Stopped.
menu.exe: 00002074: 14:11:51 [TUniGUISessionManager]:Destroying Worker Threads.
menu.exe: 00002074: 14:11:51 [TUniGUISessionManager]:Session manager terminated.
menu.exe: 00002074: 14:11:51 [TUniServerModule]:Server Shutdown Completed.
menu.exe: 00002074: 14:11:51 []:<-------------------------------------------------------------->
menu.exe: 00002074: 14:11:51 [Terminated]:Exit Code: 0
menu.exe: 000022B4: 14:12:18 []:>--------------------------------------------------------------<
menu.exe: 000022B4: 14:12:18 [TUniServerModule]:Server First Init.
menu.exe: 000022B4: 14:12:18 [TUniServerModule]:Starting HTTP Server on Port: 8077...
menu.exe: 000022B4: 14:12:18 [TUniServerModule]:HTTP Server Started on Port: 8077
menu.exe: 000010A8: 14:12:18 [127.0.0.1]:EUniSessionException : Invalid session or session Timeout. (Session not found: WpcKlUMzGn1055BA409 ) : Addr: $007D0846
menu.exe: 000022B4: 14:12:24 [TUniServerModule]:Shutting Down Server.
menu.exe: 000022B4: 14:12:24 [TUniServerModule]:Stopping HTTP Server.
menu.exe: 000022B4: 14:12:25 [TUniServerModule]:HTTP Server Stopped.
menu.exe: 000022B4: 14:12:25 [TUniGUISessionManager]:Terminating Session manager.
menu.exe: 000022B4: 14:12:25 [TUniGUISessionManager]:Stopping Cache Eraser...
menu.exe: 000022B4: 14:12:25 [TUniGUISessionManager]:Cache Eraser Stopped.
menu.exe: 000022B4: 14:12:25 [TUniGUISessionManager]:Destroying Worker Threads.
menu.exe: 000022B4: 14:12:25 [TUniGUISessionManager]:Session manager terminated.
menu.exe: 000022B4: 14:12:25 [TUniServerModule]:Server Shutdown Completed.
menu.exe: 000022B4: 14:12:25 []:<-------------------------------------------------------------->
menu.exe: 000022B4: 14:12:25 [Terminated]:Exit Code: 0
menu.exe: 00000A5C: 14:12:39 []:>--------------------------------------------------------------<
menu.exe: 00000A5C: 14:12:39 [TUniServerModule]:Server First Init.
menu.exe: 00000A5C: 14:12:39 [TUniServerModule]:Starting HTTP Server on Port: 8077...
menu.exe: 00000A5C: 14:12:39 [TUniServerModule]:HTTP Server Started on Port: 8077
menu.exe: 00001F94: 14:12:42 [127.0.0.1]:EUniSessionException : Invalid session or session Timeout. (Session not found: 1h8bnzqE7J1055BA434 ) : Addr: $007D0846
menu.exe: 00000A5C: 14:13:05 [TUniServerModule]:Shutting Down Server.
menu.exe: 00000A5C: 14:13:05 [TUniServerModule]:Stopping HTTP Server.
menu.exe: 00000A5C: 14:13:06 [TUniServerModule]:HTTP Server Stopped.
menu.exe: 00000A5C: 14:13:06 [TUniGUISessionManager]:Terminating Session manager.
menu.exe: 00000A5C: 14:13:06 [TUniGUISessionManager]:Stopping Cache Eraser...
menu.exe: 00000A5C: 14:13:06 [TUniGUISessionManager]:Cache Eraser Stopped.
menu.exe: 00000A5C: 14:13:06 [TUniGUISessionManager]:Destroying Worker Threads.
menu.exe: 00000A5C: 14:13:06 [TUniGUISessionManager]:Session manager terminated.
menu.exe: 00000A5C: 14:13:07 [TUniServerModule]:Server Shutdown Completed.
menu.exe: 00000A5C: 14:13:07 []:<-------------------------------------------------------------->
menu.exe: 00000A5C: 14:13:07 [Terminated]:Exit Code: 0
menu.exe: 00002680: 14:13:58 []:>--------------------------------------------------------------<
menu.exe: 00002680: 14:13:58 [TUniServerModule]:Server First Init.
menu.exe: 00002680: 14:13:58 [TUniServerModule]:Starting HTTP Server on Port: 8077...
menu.exe: 00002680: 14:13:58 [TUniServerModule]:HTTP Server Started on Port: 8077
menu.exe: 00001A38: 14:14:00 [127.0.0.1]:EUniSessionException : Invalid session or session Timeout. (Session not found: pDYgJTYKG51055BA47E ) : Addr: $007D0846
menu.exe: 00001A38: 14:14:00 [127.0.0.1]:EUniSessionException : Invalid session or session Timeout. (Session not found: pDYgJTYKG51055BA47E ) : Addr: $007D0846
menu.exe: 00002680: 15:42:00 [TUniServerModule]:Shutting Down Server.
menu.exe: 00002680: 15:42:00 [TUniServerModule]:Stopping HTTP Server.
menu.exe: 00002680: 15:42:00 [TUniServerModule]:HTTP Server Stopped.
menu.exe: 00002680: 15:42:00 [TUniGUISessionManager]:Terminating Session manager.
menu.exe: 00002680: 15:42:00 [TUniGUISessionManager]:Stopping Cache Eraser...
menu.exe: 00002680: 15:42:00 [TUniGUISessionManager]:Cache Eraser Stopped.
menu.exe: 00002680: 15:42:00 [TUniGUISessionManager]:Destroying Worker Threads.
menu.exe: 00002680: 15:42:00 [TUniGUISessionManager]:Session manager terminated.
menu.exe: 00002680: 15:42:00 [TUniServerModule]:Server Shutdown Completed.
menu.exe: 00002680: 15:42:00 []:<-------------------------------------------------------------->
menu.exe: 00002680: 15:42:00 [Terminated]:Exit Code: 0
menu.exe: 00001C04: 15:42:11 []:>--------------------------------------------------------------<
menu.exe: 00001C04: 15:42:11 [TUniServerModule]:Server First Init.
menu.exe: 00001C04: 15:42:11 [TUniServerModule]:Starting HTTP Server on Port: 8077...
menu.exe: 00001C04: 15:42:11 [TUniServerModule]:HTTP Server Started on Port: 8077
menu.exe: 00001D34: 15:42:17 [127.0.0.1]:EUniSessionException : Invalid session or session Timeout. (Session not found: sUls8BmGHf1055BA4AC ) : Addr: $007D0846
menu.exe: 00001C04: 15:44:41 [TUniServerModule]:Shutting Down Server.
menu.exe: 00001C04: 15:44:41 [TUniServerModule]:Stopping HTTP Server.
menu.exe: 00001C04: 15:44:42 [TUniServerModule]:HTTP Server Stopped.
menu.exe: 00001C04: 15:44:42 [TUniGUISessionManager]:Terminating Session manager.
menu.exe: 00001C04: 15:44:42 [TUniGUISessionManager]:Stopping Cache Eraser...
menu.exe: 00001C04: 15:44:42 [TUniGUISessionManager]:Cache Eraser Stopped.
menu.exe: 00001C04: 15:44:42 [TUniGUISessionManager]:Destroying Worker Threads.
menu.exe: 00001C04: 15:44:42 [TUniGUISessionManager]:Session manager terminated.
menu.exe: 00001C04: 15:44:42 [TUniServerModule]:Server Shutdown Completed.
menu.exe: 00001C04: 15:44:42 []:<-------------------------------------------------------------->
menu.exe: 00001C04: 15:44:42 [Terminated]:Exit Code: 0
menu.exe: 00001684: 15:44:48 []:>--------------------------------------------------------------<
menu.exe: 00001684: 15:44:48 [TUniServerModule]:Server First Init.
menu.exe: 00001684: 15:44:48 [TUniServerModule]:Starting HTTP Server on Port: 8077...
menu.exe: 00001684: 15:44:48 [TUniServerModule]:HTTP Server Started on Port: 8077
menu.exe: 00000B3C: 15:44:52 [127.0.0.1]:EUniSessionException : Invalid session or session Timeout. (Session not found: jQd9YPtYA61055BBC9C ) : Addr: $007D0846
menu.exe: 00001684: 16:44:18 [TUniServerModule]:Shutting Down Server.
menu.exe: 00001684: 16:44:18 [TUniServerModule]:Stopping HTTP Server.
menu.exe: 00001684: 16:44:19 [TUniServerModule]:HTTP Server Stopped.
menu.exe: 00001684: 16:44:19 [TUniGUISessionManager]:Terminating Session manager.
menu.exe: 00001684: 16:44:19 [TUniGUISessionManager]:Stopping Cache Eraser...
menu.exe: 00001684: 16:44:19 [TUniGUISessionManager]:Cache Eraser Stopped.
menu.exe: 00001684: 16:44:19 [TUniGUISessionManager]:Destroying Worker Threads.
menu.exe: 00001684: 16:44:19 [TUniGUISessionManager]:Session manager terminated.
menu.exe: 00001684: 16:44:19 [TUniServerModule]:Server Shutdown Completed.
menu.exe: 00001684: 16:44:19 []:<-------------------------------------------------------------->
menu.exe: 00001684: 16:44:20 [Terminated]:Exit Code: 0
menu.exe: 00002554: 16:56:20 []:>--------------------------------------------------------------<
menu.exe: 00002554: 16:56:20 [TUniServerModule]:Server First Init.
menu.exe: 00002554: 16:56:20 [TUniServerModule]:Starting HTTP Server on Port: 8077...
menu.exe: 00002554: 16:56:20 [TUniServerModule]:HTTP Server Started on Port: 8077
menu.exe: 00001408: 16:56:22 [127.0.0.1]:EUniSessionException : Invalid session or session Timeout. (Session not found: 8n4TCA8kxU1055BBD50 ) : Addr: $007D0846
menu.exe: 00002554: 16:57:17 [TUniServerModule]:Shutting Down Server.
menu.exe: 00002554: 16:57:17 [TUniServerModule]:Stopping HTTP Server.
menu.exe: 00002554: 16:57:18 [TUniServerModule]:HTTP Server Stopped.
menu.exe: 00002554: 16:57:18 [TUniGUISessionManager]:Terminating Session manager.
menu.exe: 00002554: 16:57:18 [TUniGUISessionManager]:Stopping Cache Eraser...
menu.exe: 00002554: 16:57:18 [TUniGUISessionManager]:Cache Eraser Stopped.
menu.exe: 00002554: 16:57:18 [TUniGUISessionManager]:Destroying Worker Threads.
menu.exe: 00002554: 16:57:18 [TUniGUISessionManager]:Session manager terminated.
menu.exe: 00002554: 16:57:18 [TUniServerModule]:Server Shutdown Completed.
menu.exe: 00002554: 16:57:18 []:<-------------------------------------------------------------->
menu.exe: 00002554: 16:57:18 [Terminated]:Exit Code: 0
menu.exe: 00001D30: 16:57:24 []:>--------------------------------------------------------------<
menu.exe: 00001D30: 16:57:24 [TUniServerModule]:Server First Init.
menu.exe: 00001D30: 16:57:24 [TUniServerModule]:Starting HTTP Server on Port: 8077...
menu.exe: 00001D30: 16:57:24 [TUniServerModule]:HTTP Server Started on Port: 8077
menu.exe: 00001AF4: 16:57:24 [127.0.0.1]:EUniSessionException : Invalid session or session Timeout. (Session not found: LjTTC5sUCa1055BD0B5 ) : Addr: $007D0846
menu.exe: 00001D30: 17:01:27 [TUniServerModule]:Shutting Down Server.
menu.exe: 00001D30: 17:01:27 [TUniServerModule]:Stopping HTTP Server.
menu.exe: 00001D30: 17:01:28 [TUniServerModule]:HTTP Server Stopped.
menu.exe: 00001D30: 17:01:28 [TUniGUISessionManager]:Terminating Session manager.
menu.exe: 00001D30: 17:01:28 [TUniGUISessionManager]:Stopping Cache Eraser...
menu.exe: 00001D30: 17:01:28 [TUniGUISessionManager]:Cache Eraser Stopped.
menu.exe: 00001D30: 17:01:28 [TUniGUISessionManager]:Destroying Worker Threads.
menu.exe: 00001D30: 17:01:28 [TUniGUISessionManager]:Session manager terminated.
menu.exe: 00001D30: 17:01:28 [TUniServerModule]:Server Shutdown Completed.
menu.exe: 00001D30: 17:01:28 []:<-------------------------------------------------------------->
menu.exe: 00001D30: 17:01:28 [Terminated]:Exit Code: 0
menu.exe: 00002B60: 18:49:34 []:>--------------------------------------------------------------<
menu.exe: 00002B60: 18:49:34 [TUniServerModule]:Server First Init.
menu.exe: 00002B60: 18:49:34 [TUniServerModule]:Starting HTTP Server on Port: 8077...
menu.exe: 00002B60: 18:49:34 [TUniServerModule]:HTTP Server Started on Port: 8077
menu.exe: 00002B60: 18:55:58 [TUniServerModule]:Shutting Down Server.
menu.exe: 00002B60: 18:55:58 [TUniServerModule]:Stopping HTTP Server.
menu.exe: 00002B60: 18:55:59 [TUniServerModule]:HTTP Server Stopped.
menu.exe: 00002B60: 18:55:59 [TUniGUISessionManager]:Terminating Session manager.
menu.exe: 00002B60: 18:55:59 [TUniGUISessionManager]:Stopping Cache Eraser...
menu.exe: 00002B60: 18:55:59 [TUniGUISessionManager]:Cache Eraser Stopped.
menu.exe: 00002B60: 18:55:59 [TUniGUISessionManager]:Destroying Worker Threads.
menu.exe: 00002B60: 18:55:59 [TUniGUISessionManager]:Session manager terminated.
menu.exe: 00002B60: 18:55:59 [TUniServerModule]:Server Shutdown Completed.
menu.exe: 00002B60: 18:55:59 []:<-------------------------------------------------------------->
menu.exe: 00002B60: 18:55:59 [Terminated]:Exit Code: 0
menu.exe: 000013C4: 18:56:08 []:>--------------------------------------------------------------<
menu.exe: 000013C4: 18:56:08 [TUniServerModule]:Server First Init.
menu.exe: 000013C4: 18:56:08 [TUniServerModule]:Starting HTTP Server on Port: 8077...
menu.exe: 000013C4: 18:56:08 [TUniServerModule]:HTTP Server Started on Port: 8077
menu.exe: 00000CA4: 18:56:22 [127.0.0.1]:EUniSessionException : Invalid session or session Timeout. (Session not found: PcZ9hEwQPC1055BEFE4 ) : Addr: $007D0846
menu.exe: 000013C4: 18:58:07 [TUniServerModule]:Shutting Down Server.
menu.exe: 000013C4: 18:58:07 [TUniServerModule]:Stopping HTTP Server.
menu.exe: 000013C4: 18:58:08 [TUniServerModule]:HTTP Server Stopped.
menu.exe: 000013C4: 18:58:08 [TUniGUISessionManager]:Terminating Session manager.
menu.exe: 000013C4: 18:58:08 [TUniGUISessionManager]:Stopping Cache Eraser...
menu.exe: 000013C4: 18:58:08 [TUniGUISessionManager]:Cache Eraser Stopped.
menu.exe: 000013C4: 18:58:08 [TUniGUISessionManager]:Destroying Worker Threads.
menu.exe: 000013C4: 18:58:08 [TUniGUISessionManager]:Session manager terminated.
menu.exe: 000013C4: 18:58:08 [TUniServerModule]:Server Shutdown Completed.
menu.exe: 000013C4: 18:58:09 []:<-------------------------------------------------------------->
menu.exe: 000013C4: 18:58:09 [Terminated]:Exit Code: 0
menu.exe: 00000F4C: 18:58:14 []:>--------------------------------------------------------------<
menu.exe: 00000F4C: 18:58:14 [TUniServerModule]:Server First Init.
menu.exe: 00000F4C: 18:58:14 [TUniServerModule]:Starting HTTP Server on Port: 8077...
menu.exe: 00000F4C: 18:58:14 [TUniServerModule]:HTTP Server Started on Port: 8077
menu.exe: 00002BC0: 18:58:19 [127.0.0.1]:EUniSessionException : Invalid session or session Timeout. (Session not found: Htfr1sDqI41055BF143 ) : Addr: $007D0846
menu.exe: 00000F4C: 18:59:01 [TUniServerModule]:Shutting Down Server.
menu.exe: 00000F4C: 18:59:01 [TUniServerModule]:Stopping HTTP Server.
menu.exe: 00000F4C: 18:59:03 [TUniServerModule]:HTTP Server Stopped.
menu.exe: 00000F4C: 18:59:03 [TUniGUISessionManager]:Terminating Session manager.
menu.exe: 00000F4C: 18:59:03 [TUniGUISessionManager]:Stopping Cache Eraser...
menu.exe: 00000F4C: 18:59:03 [TUniGUISessionManager]:Cache Eraser Stopped.
menu.exe: 00000F4C: 18:59:03 [TUniGUISessionManager]:Destroying Worker Threads.
menu.exe: 00000F4C: 18:59:03 [TUniGUISessionManager]:Session manager terminated.
menu.exe: 00000F4C: 18:59:03 [TUniServerModule]:Server Shutdown Completed.
menu.exe: 00000F4C: 18:59:03 []:<-------------------------------------------------------------->
menu.exe: 00000F4C: 18:59:03 [Terminated]:Exit Code: 0
menu.exe: 00002260: 18:59:08 []:>--------------------------------------------------------------<
menu.exe: 00002260: 18:59:08 [TUniServerModule]:Server First Init.
menu.exe: 00002260: 18:59:08 [TUniServerModule]:Starting HTTP Server on Port: 8077...
menu.exe: 00002260: 18:59:08 [TUniServerModule]:HTTP Server Started on Port: 8077
menu.exe: 000027FC: 18:59:14 [127.0.0.1]:EUniSessionException : Invalid session or session Timeout. (Session not found: oAgVAq1B8c1055BF1CA ) : Addr: $007D0846
menu.exe: 00002260: 19:02:02 [TUniServerModule]:Shutting Down Server.
menu.exe: 00002260: 19:02:02 [TUniServerModule]:Stopping HTTP Server.
menu.exe: 00002260: 19:02:03 [TUniServerModule]:HTTP Server Stopped.
menu.exe: 00002260: 19:02:03 [TUniGUISessionManager]:Terminating Session manager.
menu.exe: 00002260: 19:02:03 [TUniGUISessionManager]:Stopping Cache Eraser...
menu.exe: 00002260: 19:02:03 [TUniGUISessionManager]:Cache Eraser Stopped.
menu.exe: 00002260: 19:02:03 [TUniGUISessionManager]:Destroying Worker Threads.
menu.exe: 00002260: 19:02:03 [TUniGUISessionManager]:Session manager terminated.
menu.exe: 00002260: 19:02:03 [TUniServerModule]:Server Shutdown Completed.
menu.exe: 00002260: 19:02:03 []:<-------------------------------------------------------------->
menu.exe: 00002260: 19:02:03 [Terminated]:Exit Code: 0
menu.exe: 000009CC: 19:02:10 []:>--------------------------------------------------------------<
menu.exe: 000009CC: 19:02:10 [TUniServerModule]:Server First Init.
menu.exe: 000009CC: 19:02:10 [TUniServerModule]:Starting HTTP Server on Port: 8077...
menu.exe: 000009CC: 19:02:10 [TUniServerModule]:HTTP Server Started on Port: 8077
menu.exe: 00001A9C: 19:02:31 [127.0.0.1]:EUniSessionException : Invalid session or session Timeout. (Session not found: ZThbkmNhtN1055BF209 ) : Addr: $007D0846
menu.exe: 000009CC: 19:05:56 [TUniServerModule]:Shutting Down Server.
menu.exe: 000009CC: 19:05:56 [TUniServerModule]:Stopping HTTP Server.
menu.exe: 000009CC: 19:05:57 [TUniServerModule]:HTTP Server Stopped.
menu.exe: 000009CC: 19:05:57 [TUniGUISessionManager]:Terminating Session manager.
menu.exe: 000009CC: 19:05:57 [TUniGUISessionManager]:Stopping Cache Eraser...
menu.exe: 000009CC: 19:05:57 [TUniGUISessionManager]:Cache Eraser Stopped.
menu.exe: 000009CC: 19:05:57 [TUniGUISessionManager]:Destroying Worker Threads.
menu.exe: 000009CC: 19:05:57 [TUniGUISessionManager]:Session manager terminated.
menu.exe: 000009CC: 19:05:57 [TUniServerModule]:Server Shutdown Completed.
menu.exe: 000009CC: 19:05:57 []:<-------------------------------------------------------------->
menu.exe: 000009CC: 19:05:57 [Terminated]:Exit Code: 0
menu.exe: 00001A48: 19:06:04 []:>--------------------------------------------------------------<
menu.exe: 00001A48: 19:06:04 [TUniServerModule]:Server First Init.
menu.exe: 00001A48: 19:06:04 [TUniServerModule]:Starting HTTP Server on Port: 8077...
menu.exe: 00001A48: 19:06:04 [TUniServerModule]:HTTP Server Started on Port: 8077
menu.exe: 00000F78: 19:06:09 [127.0.0.1]:EUniSessionException : Invalid session or session Timeout. (Session not found: rCrztF8xGG1055BF2EE ) : Addr: $007D093A
menu.exe: 00001A48: 19:06:26 [TUniServerModule]:Shutting Down Server.
menu.exe: 00001A48: 19:06:26 [TUniServerModule]:Stopping HTTP Server.
menu.exe: 00001A48: 19:06:26 [TUniServerModule]:HTTP Server Stopped.
menu.exe: 00001A48: 19:06:26 [TUniGUISessionManager]:Terminating Session manager.
menu.exe: 00001A48: 19:06:26 [TUniGUISessionManager]:Stopping Cache Eraser...
menu.exe: 00001A48: 19:06:26 [TUniGUISessionManager]:Cache Eraser Stopped.
menu.exe: 00001A48: 19:06:27 [TUniGUISessionManager]:Destroying Worker Threads.
menu.exe: 00001A48: 19:06:27 [TUniGUISessionManager]:Session manager terminated.
menu.exe: 00001A48: 19:06:27 [TUniServerModule]:Server Shutdown Completed.
menu.exe: 00001A48: 19:06:27 []:<-------------------------------------------------------------->
menu.exe: 00001A48: 19:06:27 [Terminated]:Exit Code: 0
menu.exe: 00000840: 19:06:33 []:>--------------------------------------------------------------<
menu.exe: 00000840: 19:06:33 [TUniServerModule]:Server First Init.
menu.exe: 00000840: 19:06:33 [TUniServerModule]:Starting HTTP Server on Port: 8077...
menu.exe: 00000840: 19:06:33 [TUniServerModule]:HTTP Server Started on Port: 8077
menu.exe: 00000C68: 19:06:36 [127.0.0.1]:EUniSessionException : Invalid session or session Timeout. (Session not found: Pe1Uenry9Q1055BF3E9 ) : Addr: $007D093A
menu.exe: 00000840: 19:07:29 [TUniServerModule]:Shutting Down Server.
menu.exe: 00000840: 19:07:29 [TUniServerModule]:Stopping HTTP Server.
menu.exe: 00000840: 19:07:30 [TUniServerModule]:HTTP Server Stopped.
menu.exe: 00000840: 19:07:30 [TUniGUISessionManager]:Terminating Session manager.
menu.exe: 00000840: 19:07:30 [TUniGUISessionManager]:Stopping Cache Eraser...
menu.exe: 00000840: 19:07:30 [TUniGUISessionManager]:Cache Eraser Stopped.
menu.exe: 00000840: 19:07:30 [TUniGUISessionManager]:Destroying Worker Threads.
menu.exe: 00000840: 19:07:31 [TUniGUISessionManager]:Session manager terminated.
menu.exe: 00000840: 19:07:31 [TUniServerModule]:Server Shutdown Completed.
menu.exe: 00000840: 19:07:31 []:<-------------------------------------------------------------->
menu.exe: 00000840: 19:07:31 [Terminated]:Exit Code: 0
menu.exe: 000007F0: 19:07:37 []:>--------------------------------------------------------------<
menu.exe: 000007F0: 19:07:37 [TUniServerModule]:Server First Init.
menu.exe: 000007F0: 19:07:37 [TUniServerModule]:Starting HTTP Server on Port: 8077...
menu.exe: 000007F0: 19:07:37 [TUniServerModule]:HTTP Server Started on Port: 8077
menu.exe: 00000FB0: 19:07:38 [127.0.0.1]:EUniSessionException : Invalid session or session Timeout. (Session not found: 8gxvgAWGkE1055BF409 ) : Addr: $007D093A
menu.exe: 000007F0: 19:09:09 [TUniServerModule]:Shutting Down Server.
menu.exe: 000007F0: 19:09:09 [TUniServerModule]:Stopping HTTP Server.
menu.exe: 000007F0: 19:09:10 [TUniServerModule]:HTTP Server Stopped.
menu.exe: 000007F0: 19:09:10 [TUniGUISessionManager]:Terminating Session manager.
menu.exe: 000007F0: 19:09:10 [TUniGUISessionManager]:Stopping Cache Eraser...
menu.exe: 000007F0: 19:09:10 [TUniGUISessionManager]:Cache Eraser Stopped.
menu.exe: 000007F0: 19:09:10 [TUniGUISessionManager]:Destroying Worker Threads.
menu.exe: 000007F0: 19:09:10 [TUniGUISessionManager]:Session manager terminated.
menu.exe: 000007F0: 19:09:10 [TUniServerModule]:Server Shutdown Completed.
menu.exe: 000007F0: 19:09:11 []:<-------------------------------------------------------------->
menu.exe: 000007F0: 19:09:11 [Terminated]:Exit Code: 0
menu.exe: 00000A38: 19:09:16 []:>--------------------------------------------------------------<
menu.exe: 00000A38: 19:09:16 [TUniServerModule]:Server First Init.
menu.exe: 00000A38: 19:09:16 [TUniServerModule]:Starting HTTP Server on Port: 8077...
menu.exe: 00000A38: 19:09:16 [TUniServerModule]:HTTP Server Started on Port: 8077
menu.exe: 00000D18: 19:09:21 [127.0.0.1]:EUniSessionException : Invalid session or session Timeout. (Session not found: hPjBbEx8Ce1055BF451 ) : Addr: $007D093A
menu.exe: 00000A38: 19:10:30 [TUniServerModule]:Shutting Down Server.
menu.exe: 00000A38: 19:10:30 [TUniServerModule]:Stopping HTTP Server.
menu.exe: 00000A38: 19:10:31 [TUniServerModule]:HTTP Server Stopped.
menu.exe: 00000A38: 19:10:31 [TUniGUISessionManager]:Terminating Session manager.
menu.exe: 00000A38: 19:10:31 [TUniGUISessionManager]:Stopping Cache Eraser...
menu.exe: 00000A38: 19:10:31 [TUniGUISessionManager]:Cache Eraser Stopped.
menu.exe: 00000A38: 19:10:31 [TUniGUISessionManager]:Destroying Worker Threads.
menu.exe: 00000A38: 19:10:31 [TUniGUISessionManager]:Session manager terminated.
menu.exe: 00000A38: 19:10:31 [TUniServerModule]:Server Shutdown Completed.
menu.exe: 00000A38: 19:10:31 []:<-------------------------------------------------------------->
menu.exe: 00000A38: 19:10:31 [Terminated]:Exit Code: 0
menu.exe: 00002B34: 19:10:37 []:>--------------------------------------------------------------<
menu.exe: 00002B34: 19:10:37 [TUniServerModule]:Server First Init.
menu.exe: 00002B34: 19:10:37 [TUniServerModule]:Starting HTTP Server on Port: 8077...
menu.exe: 00002B34: 19:10:37 [TUniServerModule]:HTTP Server Started on Port: 8077
menu.exe: 00002A48: 19:10:42 [127.0.0.1]:EUniSessionException : Invalid session or session Timeout. (Session not found: 5y22Hz2O4n1055BF4C8 ) : Addr: $007D093A
menu.exe: 00002B34: 19:10:54 [TUniServerModule]:Shutting Down Server.
menu.exe: 00002B34: 19:10:54 [TUniServerModule]:Stopping HTTP Server.
menu.exe: 00002B34: 19:10:55 [TUniServerModule]:HTTP Server Stopped.
menu.exe: 00002B34: 19:10:55 [TUniGUISessionManager]:Terminating Session manager.
menu.exe: 00002B34: 19:10:55 [TUniGUISessionManager]:Stopping Cache Eraser...
menu.exe: 00002B34: 19:10:55 [TUniGUISessionManager]:Cache Eraser Stopped.
menu.exe: 00002B34: 19:10:55 [TUniGUISessionManager]:Destroying Worker Threads.
menu.exe: 00002B34: 19:10:55 [TUniGUISessionManager]:Session manager terminated.
menu.exe: 00002B34: 19:10:55 [TUniServerModule]:Server Shutdown Completed.
menu.exe: 00002B34: 19:10:55 []:<-------------------------------------------------------------->
menu.exe: 00002B34: 19:10:55 [Terminated]:Exit Code: 0
menu.exe: 00000534: 19:11:01 []:>--------------------------------------------------------------<
menu.exe: 00000534: 19:11:01 [TUniServerModule]:Server First Init.
menu.exe: 00000534: 19:11:01 [TUniServerModule]:Starting HTTP Server on Port: 8077...
menu.exe: 00000534: 19:11:01 [TUniServerModule]:HTTP Server Started on Port: 8077
menu.exe: 00002668: 19:11:02 [127.0.0.1]:EUniSessionException : Invalid session or session Timeout. (Session not found: ZcTOewZ6zF1055BF525 ) : Addr: $007D093A
menu.exe: 00000534: 19:11:17 [TUniServerModule]:Shutting Down Server.
menu.exe: 00000534: 19:11:17 [TUniServerModule]:Stopping HTTP Server.
menu.exe: 00000534: 19:11:18 [TUniServerModule]:HTTP Server Stopped.
menu.exe: 00000534: 19:11:18 [TUniGUISessionManager]:Terminating Session manager.
menu.exe: 00000534: 19:11:18 [TUniGUISessionManager]:Stopping Cache Eraser...
menu.exe: 00000534: 19:11:18 [TUniGUISessionManager]:Cache Eraser Stopped.
menu.exe: 00000534: 19:11:18 [TUniGUISessionManager]:Destroying Worker Threads.
menu.exe: 00000534: 19:11:18 [TUniGUISessionManager]:Session manager terminated.
menu.exe: 00000534: 19:11:19 [TUniServerModule]:Server Shutdown Completed.
menu.exe: 00000534: 19:11:19 []:<-------------------------------------------------------------->
menu.exe: 00000534: 19:11:19 [Terminated]:Exit Code: 0
menu.exe: 00001080: 19:11:24 []:>--------------------------------------------------------------<
menu.exe: 00001080: 19:11:24 [TUniServerModule]:Server First Init.
menu.exe: 00001080: 19:11:24 [TUniServerModule]:Starting HTTP Server on Port: 8077...
menu.exe: 00001080: 19:11:24 [TUniServerModule]:HTTP Server Started on Port: 8077
menu.exe: 0000213C: 19:11:25 [127.0.0.1]:EUniSessionException : Invalid session or session Timeout. (Session not found: rLdQv93uHU1055BF53D ) : Addr: $007D093A
menu.exe: 00001080: 19:11:43 [TUniServerModule]:Shutting Down Server.
menu.exe: 00001080: 19:11:43 [TUniServerModule]:Stopping HTTP Server.
menu.exe: 00001080: 19:11:44 [TUniServerModule]:HTTP Server Stopped.
menu.exe: 00001080: 19:11:44 [TUniGUISessionManager]:Terminating Session manager.
menu.exe: 00001080: 19:11:44 [TUniGUISessionManager]:Stopping Cache Eraser...
menu.exe: 00001080: 19:11:44 [TUniGUISessionManager]:Cache Eraser Stopped.
menu.exe: 00001080: 19:11:44 [TUniGUISessionManager]:Destroying Worker Threads.
menu.exe: 00001080: 19:11:44 [TUniGUISessionManager]:Session manager terminated.
menu.exe: 00001080: 19:11:44 [TUniServerModule]:Server Shutdown Completed.
menu.exe: 00001080: 19:11:44 []:<-------------------------------------------------------------->
menu.exe: 00001080: 19:11:44 [Terminated]:Exit Code: 0
menu.exe: 00001E64: 19:11:50 []:>--------------------------------------------------------------<
menu.exe: 00001E64: 19:11:50 [TUniServerModule]:Server First Init.
menu.exe: 00001E64: 19:11:50 [TUniServerModule]:Starting HTTP Server on Port: 8077...
menu.exe: 00001E64: 19:11:50 [TUniServerModule]:HTTP Server Started on Port: 8077
menu.exe: 00002650: 19:11:51 [127.0.0.1]:EUniSessionException : Invalid session or session Timeout. (Session not found: 7bzJSn6XcS1055BF558 ) : Addr: $007D093A
menu.exe: 00001E64: 19:12:09 [TUniServerModule]:Shutting Down Server.
menu.exe: 00001E64: 19:12:09 [TUniServerModule]:Stopping HTTP Server.
menu.exe: 00001E64: 19:12:10 [TUniServerModule]:HTTP Server Stopped.
menu.exe: 00001E64: 19:12:10 [TUniGUISessionManager]:Terminating Session manager.
menu.exe: 00001E64: 19:12:10 [TUniGUISessionManager]:Stopping Cache Eraser...
menu.exe: 00001E64: 19:12:10 [TUniGUISessionManager]:Cache Eraser Stopped.
menu.exe: 00001E64: 19:12:10 [TUniGUISessionManager]:Destroying Worker Threads.
menu.exe: 00001E64: 19:12:11 [TUniGUISessionManager]:Session manager terminated.
menu.exe: 00001E64: 19:12:11 [TUniServerModule]:Server Shutdown Completed.
menu.exe: 00001E64: 19:12:11 []:<-------------------------------------------------------------->
menu.exe: 00001E64: 19:12:11 [Terminated]:Exit Code: 0
menu.exe: 00001BDC: 19:12:17 []:>--------------------------------------------------------------<
menu.exe: 00001BDC: 19:12:17 [TUniServerModule]:Server First Init.
menu.exe: 00001BDC: 19:12:17 [TUniServerModule]:Starting HTTP Server on Port: 8077...
menu.exe: 00001BDC: 19:12:17 [TUniServerModule]:HTTP Server Started on Port: 8077
menu.exe: 000003B4: 19:12:20 [127.0.0.1]:EUniSessionException : Invalid session or session Timeout. (Session not found: eTff2KJXBa1055BF576 ) : Addr: $007D093A
menu.exe: 00001BDC: 19:15:50 [TUniServerModule]:Shutting Down Server.
menu.exe: 00001BDC: 19:15:50 [TUniServerModule]:Stopping HTTP Server.
menu.exe: 00001BDC: 19:15:51 [TUniServerModule]:HTTP Server Stopped.
menu.exe: 00001BDC: 19:15:51 [TUniGUISessionManager]:Terminating Session manager.
menu.exe: 00001BDC: 19:15:51 [TUniGUISessionManager]:Stopping Cache Eraser...
menu.exe: 00001BDC: 19:15:51 [TUniGUISessionManager]:Cache Eraser Stopped.
menu.exe: 00001BDC: 19:15:51 [TUniGUISessionManager]:Destroying Worker Threads.
menu.exe: 00001BDC: 19:15:51 [TUniGUISessionManager]:Session manager terminated.
menu.exe: 00001BDC: 19:15:51 [TUniServerModule]:Server Shutdown Completed.
menu.exe: 00001BDC: 19:15:51 []:<-------------------------------------------------------------->
menu.exe: 00001BDC: 19:15:51 [Terminated]:Exit Code: 0
menu.exe: 00002100: 19:15:57 []:>--------------------------------------------------------------<
menu.exe: 00002100: 19:15:57 [TUniServerModule]:Server First Init.
menu.exe: 00002100: 19:15:57 [TUniServerModule]:Starting HTTP Server on Port: 8077...
menu.exe: 00002100: 19:15:57 [TUniServerModule]:HTTP Server Started on Port: 8077
menu.exe: 00002658: 19:16:01 [127.0.0.1]:EUniSessionException : Invalid session or session Timeout. (Session not found: dzdnQ2Zufh1055BF597 ) : Addr: $007D093A
menu.exe: 00002440: 19:40:57 [127.0.0.1]:EUniSessionException : Invalid session or session Timeout. (Session not found: dcDrCPGEsv1055BF697 ) : Addr: $007D093A
menu.exe: 00002100: 19:41:03 [TUniServerModule]:Shutting Down Server.
menu.exe: 00002100: 19:41:03 [TUniServerModule]:Stopping HTTP Server.
menu.exe: 00002100: 19:41:04 [TUniServerModule]:HTTP Server Stopped.
menu.exe: 00002100: 19:41:04 [TUniGUISessionManager]:Terminating Session manager.
menu.exe: 00002100: 19:41:04 [TUniGUISessionManager]:Stopping Cache Eraser...
menu.exe: 00002100: 19:41:04 [TUniGUISessionManager]:Cache Eraser Stopped.
menu.exe: 00002100: 19:41:04 [TUniGUISessionManager]:Destroying Worker Threads.
menu.exe: 00002100: 19:41:04 [TUniGUISessionManager]:Session manager terminated.
menu.exe: 00002100: 19:41:04 [TUniServerModule]:Server Shutdown Completed.
menu.exe: 00002100: 19:41:04 []:<-------------------------------------------------------------->
menu.exe: 00002100: 19:41:04 [Terminated]:Exit Code: 0
menu.exe: 00002308: 19:41:12 []:>--------------------------------------------------------------<
menu.exe: 00002308: 19:41:12 [TUniServerModule]:Server First Init.
menu.exe: 00002308: 19:41:12 [TUniServerModule]:Starting HTTP Server on Port: 8077...
menu.exe: 00002308: 19:41:12 [TUniServerModule]:HTTP Server Started on Port: 8077
menu.exe: 00002308: 19:43:12 [TUniServerModule]:Shutting Down Server.
menu.exe: 00002308: 19:43:12 [TUniServerModule]:Stopping HTTP Server.
menu.exe: 00002308: 19:43:13 [TUniServerModule]:HTTP Server Stopped.
menu.exe: 00002308: 19:43:13 [TUniGUISessionManager]:Terminating Session manager.
menu.exe: 00002308: 19:43:13 [TUniGUISessionManager]:Stopping Cache Eraser...
menu.exe: 00002308: 19:43:13 [TUniGUISessionManager]:Cache Eraser Stopped.
menu.exe: 00002308: 19:43:13 [TUniGUISessionManager]:Destroying Worker Threads.
menu.exe: 00002308: 19:43:13 [TUniGUISessionManager]:Session manager terminated.
menu.exe: 00002308: 19:43:13 [TUniServerModule]:Server Shutdown Completed.
menu.exe: 00002308: 19:43:13 []:<-------------------------------------------------------------->
menu.exe: 00002308: 19:43:13 [Terminated]:Exit Code: 0
menu.exe: 000002B0: 19:43:49 []:>--------------------------------------------------------------<
menu.exe: 000002B0: 19:43:49 [TUniServerModule]:Server First Init.
menu.exe: 000002B0: 19:43:49 [TUniServerModule]:Starting HTTP Server on Port: 8077...
menu.exe: 000002B0: 19:43:49 [TUniServerModule]:HTTP Server Started on Port: 8077
menu.exe: 000002B0: 19:44:37 [TUniServerModule]:Shutting Down Server.
menu.exe: 000002B0: 19:44:37 [TUniServerModule]:Stopping HTTP Server.
menu.exe: 000002B0: 19:44:38 [TUniServerModule]:HTTP Server Stopped.
menu.exe: 000002B0: 19:44:38 [TUniGUISessionManager]:Terminating Session manager.
menu.exe: 000002B0: 19:44:38 [TUniGUISessionManager]:Stopping Cache Eraser...
menu.exe: 000002B0: 19:44:38 [TUniGUISessionManager]:Cache Eraser Stopped.
menu.exe: 000002B0: 19:44:38 [TUniGUISessionManager]:Destroying Worker Threads.
menu.exe: 000002B0: 19:44:38 [TUniGUISessionManager]:Session manager terminated.
menu.exe: 000002B0: 19:44:38 [TUniServerModule]:Server Shutdown Completed.
menu.exe: 000002B0: 19:44:38 []:<-------------------------------------------------------------->
menu.exe: 000002B0: 19:44:38 [Terminated]:Exit Code: 0
menu.exe: 00000EAC: 19:44:44 []:>--------------------------------------------------------------<
menu.exe: 00000EAC: 19:44:44 [TUniServerModule]:Server First Init.
menu.exe: 00000EAC: 19:44:44 [TUniServerModule]:Starting HTTP Server on Port: 8077...
menu.exe: 00000EAC: 19:44:44 [TUniServerModule]:HTTP Server Started on Port: 8077
menu.exe: 00000060: 19:44:47 [127.0.0.1]:EUniSessionException : Invalid session or session Timeout. (Session not found: zeYjt7niMV1055BFE29 ) : Addr: $007D093A
menu.exe: 00000EAC: 19:46:06 [TUniServerModule]:Shutting Down Server.
menu.exe: 00000EAC: 19:46:06 [TUniServerModule]:Stopping HTTP Server.
menu.exe: 00000EAC: 19:46:07 [TUniServerModule]:HTTP Server Stopped.
menu.exe: 00000EAC: 19:46:07 [TUniGUISessionManager]:Terminating Session manager.
menu.exe: 00000EAC: 19:46:07 [TUniGUISessionManager]:Stopping Cache Eraser...
menu.exe: 00000EAC: 19:46:07 [TUniGUISessionManager]:Cache Eraser Stopped.
menu.exe: 00000EAC: 19:46:07 [TUniGUISessionManager]:Destroying Worker Threads.
menu.exe: 00000EAC: 19:46:07 [TUniGUISessionManager]:Session manager terminated.
menu.exe: 00000EAC: 19:46:07 [TUniServerModule]:Server Shutdown Completed.
menu.exe: 00000EAC: 19:46:07 []:<-------------------------------------------------------------->
menu.exe: 00000EAC: 19:46:07 [Terminated]:Exit Code: 0
menu.exe: 0000063C: 19:46:13 []:>--------------------------------------------------------------<
menu.exe: 0000063C: 19:46:13 [TUniServerModule]:Server First Init.
menu.exe: 0000063C: 19:46:13 [TUniServerModule]:Starting HTTP Server on Port: 8077...
menu.exe: 0000063C: 19:46:13 [TUniServerModule]:HTTP Server Started on Port: 8077
menu.exe: 000014B4: 19:46:16 [127.0.0.1]:EUniSessionException : Invalid session or session Timeout. (Session not found: 9AOLdeWeuo1055BFE65 ) : Addr: $007D093A
menu.exe: 0000063C: 19:47:03 [TUniServerModule]:Shutting Down Server.
menu.exe: 0000063C: 19:47:03 [TUniServerModule]:Stopping HTTP Server.
menu.exe: 0000063C: 19:47:04 [TUniServerModule]:HTTP Server Stopped.
menu.exe: 0000063C: 19:47:04 [TUniGUISessionManager]:Terminating Session manager.
menu.exe: 0000063C: 19:47:04 [TUniGUISessionManager]:Stopping Cache Eraser...
menu.exe: 0000063C: 19:47:05 [TUniGUISessionManager]:Cache Eraser Stopped.
menu.exe: 0000063C: 19:47:05 [TUniGUISessionManager]:Destroying Worker Threads.
menu.exe: 0000063C: 19:47:05 [TUniGUISessionManager]:Session manager terminated.
menu.exe: 0000063C: 19:47:05 [TUniServerModule]:Server Shutdown Completed.
menu.exe: 0000063C: 19:47:05 []:<-------------------------------------------------------------->
menu.exe: 0000063C: 19:47:05 [Terminated]:Exit Code: 0
menu.exe: 00002910: 19:47:14 []:>--------------------------------------------------------------<
menu.exe: 00002910: 19:47:14 [TUniServerModule]:Server First Init.
menu.exe: 00002910: 19:47:14 [TUniServerModule]:Starting HTTP Server on Port: 8077...
menu.exe: 00002910: 19:47:14 [TUniServerModule]:HTTP Server Started on Port: 8077
menu.exe: 0000213C: 19:47:17 [127.0.0.1]:EUniSessionException : Invalid session or session Timeout. (Session not found: 8PqFlQUEKw1055BFECC ) : Addr: $007D093A
menu.exe: 00002910: 19:47:45 [TUniServerModule]:Shutting Down Server.
menu.exe: 00002910: 19:47:45 [TUniServerModule]:Stopping HTTP Server.
menu.exe: 00002910: 19:47:46 [TUniServerModule]:HTTP Server Stopped.
menu.exe: 00002910: 19:47:46 [TUniGUISessionManager]:Terminating Session manager.
menu.exe: 00002910: 19:47:46 [TUniGUISessionManager]:Stopping Cache Eraser...
menu.exe: 00002910: 19:47:46 [TUniGUISessionManager]:Cache Eraser Stopped.
menu.exe: 00002910: 19:47:46 [TUniGUISessionManager]:Destroying Worker Threads.
menu.exe: 00002910: 19:47:46 [TUniGUISessionManager]:Session manager terminated.
menu.exe: 00002910: 19:47:46 [TUniServerModule]:Server Shutdown Completed.
menu.exe: 00002910: 19:47:46 []:<-------------------------------------------------------------->
menu.exe: 00002910: 19:47:46 [Terminated]:Exit Code: 0
menu.exe: 00000844: 19:47:52 []:>--------------------------------------------------------------<
menu.exe: 00000844: 19:47:52 [TUniServerModule]:Server First Init.
menu.exe: 00000844: 19:47:52 [TUniServerModule]:Starting HTTP Server on Port: 8077...
menu.exe: 00000844: 19:47:52 [TUniServerModule]:HTTP Server Started on Port: 8077
menu.exe: 00000740: 19:47:57 [127.0.0.1]:EUniSessionException : Invalid session or session Timeout. (Session not found: sZtqm5Mchd1055BFF12 ) : Addr: $007D093A
menu.exe: 00000844: 19:48:59 [TUniServerModule]:Shutting Down Server.
menu.exe: 00000844: 19:48:59 [TUniServerModule]:Stopping HTTP Server.
menu.exe: 00000844: 19:49:00 [TUniServerModule]:HTTP Server Stopped.
menu.exe: 00000844: 19:49:00 [TUniGUISessionManager]:Terminating Session manager.
menu.exe: 00000844: 19:49:00 [TUniGUISessionManager]:Stopping Cache Eraser...
menu.exe: 00000844: 19:49:00 [TUniGUISessionManager]:Cache Eraser Stopped.
menu.exe: 00000844: 19:49:00 [TUniGUISessionManager]:Destroying Worker Threads.
menu.exe: 00000844: 19:49:00 [TUniGUISessionManager]:Session manager terminated.
menu.exe: 00000844: 19:49:00 [TUniServerModule]:Server Shutdown Completed.
menu.exe: 00000844: 19:49:00 []:<-------------------------------------------------------------->
menu.exe: 00000844: 19:49:00 [Terminated]:Exit Code: 0
menu.exe: 00001EDC: 19:49:06 []:>--------------------------------------------------------------<
menu.exe: 00001EDC: 19:49:06 [TUniServerModule]:Server First Init.
menu.exe: 00001EDC: 19:49:06 [TUniServerModule]:Starting HTTP Server on Port: 8077...
menu.exe: 00001EDC: 19:49:06 [TUniServerModule]:HTTP Server Started on Port: 8077
menu.exe: 00001A20: 19:49:11 [127.0.0.1]:EUniSessionException : Invalid session or session Timeout. (Session not found: UVSKIf84TB1055BFF41 ) : Addr: $007D093A
menu.exe: 00001EDC: 19:49:27 [TUniServerModule]:Shutting Down Server.
menu.exe: 00001EDC: 19:49:27 [TUniServerModule]:Stopping HTTP Server.
menu.exe: 00001EDC: 19:49:28 [TUniServerModule]:HTTP Server Stopped.
menu.exe: 00001EDC: 19:49:28 [TUniGUISessionManager]:Terminating Session manager.
menu.exe: 00001EDC: 19:49:28 [TUniGUISessionManager]:Stopping Cache Eraser...
menu.exe: 00001EDC: 19:49:28 [TUniGUISessionManager]:Cache Eraser Stopped.
menu.exe: 00001EDC: 19:49:28 [TUniGUISessionManager]:Destroying Worker Threads.
menu.exe: 00001EDC: 19:49:28 [TUniGUISessionManager]:Session manager terminated.
menu.exe: 00001EDC: 19:49:28 [TUniServerModule]:Server Shutdown Completed.
menu.exe: 00001EDC: 19:49:28 []:<-------------------------------------------------------------->
menu.exe: 00001EDC: 19:49:28 [Terminated]:Exit Code: 0
menu.exe: 00001C90: 19:49:35 []:>--------------------------------------------------------------<
menu.exe: 00001C90: 19:49:35 [TUniServerModule]:Server First Init.
menu.exe: 00001C90: 19:49:35 [TUniServerModule]:Starting HTTP Server on Port: 8077...
menu.exe: 00001C90: 19:49:35 [TUniServerModule]:HTTP Server Started on Port: 8077
menu.exe: 000007EC: 19:49:36 [127.0.0.1]:EUniSessionException : Invalid session or session Timeout. (Session not found: 82jhAeDpsh1055BFF96 ) : Addr: $007D093A
menu.exe: 00001C90: 19:54:59 [TUniServerModule]:Shutting Down Server.
menu.exe: 00001C90: 19:54:59 [TUniServerModule]:Stopping HTTP Server.
menu.exe: 00001C90: 19:55:00 [TUniServerModule]:HTTP Server Stopped.
menu.exe: 00001C90: 19:55:00 [TUniGUISessionManager]:Terminating Session manager.
menu.exe: 00001C90: 19:55:00 [TUniGUISessionManager]:Stopping Cache Eraser...
menu.exe: 00001C90: 19:55:00 [TUniGUISessionManager]:Cache Eraser Stopped.
menu.exe: 00001C90: 19:55:00 [TUniGUISessionManager]:Destroying Worker Threads.
menu.exe: 00001C90: 19:55:00 [TUniGUISessionManager]:Session manager terminated.
menu.exe: 00001C90: 19:55:00 [TUniServerModule]:Server Shutdown Completed.
menu.exe: 00001C90: 19:55:00 []:<-------------------------------------------------------------->
menu.exe: 00001C90: 19:55:00 [Terminated]:Exit Code: 0
menu.exe: 00001E04: 19:55:07 []:>--------------------------------------------------------------<
menu.exe: 00001E04: 19:55:07 [TUniServerModule]:Server First Init.
menu.exe: 00001E04: 19:55:07 [TUniServerModule]:Starting HTTP Server on Port: 8077...
menu.exe: 00001E04: 19:55:07 [TUniServerModule]:HTTP Server Started on Port: 8077
menu.exe: 00002018: 19:55:11 [127.0.0.1]:EUniSessionException : Invalid session or session Timeout. (Session not found: lGWBsGFOCA1055C003C ) : Addr: $007D093A
menu.exe: 00001E04: 19:55:51 [TUniServerModule]:Shutting Down Server.
menu.exe: 00001E04: 19:55:51 [TUniServerModule]:Stopping HTTP Server.
menu.exe: 00001E04: 19:55:52 [TUniServerModule]:HTTP Server Stopped.
menu.exe: 00001E04: 19:55:52 [TUniGUISessionManager]:Terminating Session manager.
menu.exe: 00001E04: 19:55:52 [TUniGUISessionManager]:Stopping Cache Eraser...
menu.exe: 00001E04: 19:55:52 [TUniGUISessionManager]:Cache Eraser Stopped.
menu.exe: 00001E04: 19:55:52 [TUniGUISessionManager]:Destroying Worker Threads.
menu.exe: 00001E04: 19:55:52 [TUniGUISessionManager]:Session manager terminated.
menu.exe: 00001E04: 19:55:52 [TUniServerModule]:Server Shutdown Completed.
menu.exe: 00001E04: 19:55:52 []:<-------------------------------------------------------------->
menu.exe: 00001E04: 19:55:52 [Terminated]:Exit Code: 0
menu.exe: 00001BC8: 19:55:58 []:>--------------------------------------------------------------<
menu.exe: 00001BC8: 19:55:58 [TUniServerModule]:Server First Init.
menu.exe: 00001BC8: 19:55:58 [TUniServerModule]:Starting HTTP Server on Port: 8077...
menu.exe: 00001BC8: 19:55:58 [TUniServerModule]:HTTP Server Started on Port: 8077
menu.exe: 00001328: 19:55:59 [127.0.0.1]:EUniSessionException : Invalid session or session Timeout. (Session not found: siZSkgOITf1055C0137 ) : Addr: $007D093A
menu.exe: 00001BC8: 19:56:21 [TUniServerModule]:Shutting Down Server.
menu.exe: 00001BC8: 19:56:21 [TUniServerModule]:Stopping HTTP Server.
menu.exe: 00001BC8: 19:56:22 [TUniServerModule]:HTTP Server Stopped.
menu.exe: 00001BC8: 19:56:22 [TUniGUISessionManager]:Terminating Session manager.
menu.exe: 00001BC8: 19:56:22 [TUniGUISessionManager]:Stopping Cache Eraser...
menu.exe: 00001BC8: 19:56:22 [TUniGUISessionManager]:Cache Eraser Stopped.
menu.exe: 00001BC8: 19:56:22 [TUniGUISessionManager]:Destroying Worker Threads.
menu.exe: 00001BC8: 19:56:22 [TUniGUISessionManager]:Session manager terminated.
menu.exe: 00001BC8: 19:56:22 [TUniServerModule]:Server Shutdown Completed.
menu.exe: 00001BC8: 19:56:22 []:<-------------------------------------------------------------->
menu.exe: 00001BC8: 19:56:22 [Terminated]:Exit Code: 0
menu.exe: 000024A8: 19:56:29 []:>--------------------------------------------------------------<
menu.exe: 000024A8: 19:56:29 [TUniServerModule]:Server First Init.
menu.exe: 000024A8: 19:56:29 [TUniServerModule]:Starting HTTP Server on Port: 8077...
menu.exe: 000024A8: 19:56:29 [TUniServerModule]:HTTP Server Started on Port: 8077
menu.exe: 00001BCC: 19:56:31 [127.0.0.1]:EUniSessionException : Invalid session or session Timeout. (Session not found: Zyk8mtr85f1055C016E ) : Addr: $007D093A
menu.exe: 000024A8: 19:56:54 [TUniServerModule]:Shutting Down Server.
menu.exe: 000024A8: 19:56:54 [TUniServerModule]:Stopping HTTP Server.
menu.exe: 000024A8: 19:56:55 [TUniServerModule]:HTTP Server Stopped.
menu.exe: 000024A8: 19:56:55 [TUniGUISessionManager]:Terminating Session manager.
menu.exe: 000024A8: 19:56:56 [TUniGUISessionManager]:Stopping Cache Eraser...
menu.exe: 000024A8: 19:56:56 [TUniGUISessionManager]:Cache Eraser Stopped.
menu.exe: 000024A8: 19:56:56 [TUniGUISessionManager]:Destroying Worker Threads.
menu.exe: 000024A8: 19:56:56 [TUniGUISessionManager]:Session manager terminated.
menu.exe: 000024A8: 19:56:56 [TUniServerModule]:Server Shutdown Completed.
menu.exe: 000024A8: 19:56:56 []:<-------------------------------------------------------------->
menu.exe: 000024A8: 19:56:56 [Terminated]:Exit Code: 0
menu.exe: 000009F8: 19:57:02 []:>--------------------------------------------------------------<
menu.exe: 000009F8: 19:57:02 [TUniServerModule]:Server First Init.
menu.exe: 000009F8: 19:57:02 [TUniServerModule]:Starting HTTP Server on Port: 8077...
menu.exe: 000009F8: 19:57:02 [TUniServerModule]:HTTP Server Started on Port: 8077
menu.exe: 00001978: 19:57:04 [127.0.0.1]:EUniSessionException : Invalid session or session Timeout. (Session not found: 3QljH5FgAF1055C0194 ) : Addr: $007D093A
menu.exe: 000009F8: 19:57:17 [TUniServerModule]:Shutting Down Server.
menu.exe: 000009F8: 19:57:17 [TUniServerModule]:Stopping HTTP Server.
menu.exe: 000009F8: 19:57:18 [TUniServerModule]:HTTP Server Stopped.
menu.exe: 000009F8: 19:57:18 [TUniGUISessionManager]:Terminating Session manager.
menu.exe: 000009F8: 19:57:18 [TUniGUISessionManager]:Stopping Cache Eraser...
menu.exe: 000009F8: 19:57:18 [TUniGUISessionManager]:Cache Eraser Stopped.
menu.exe: 000009F8: 19:57:18 [TUniGUISessionManager]:Destroying Worker Threads.
menu.exe: 000009F8: 19:57:18 [TUniGUISessionManager]:Session manager terminated.
menu.exe: 000009F8: 19:57:18 [TUniServerModule]:Server Shutdown Completed.
menu.exe: 000009F8: 19:57:18 []:<-------------------------------------------------------------->
menu.exe: 000009F8: 19:57:18 [Terminated]:Exit Code: 0
menu.exe: 00001440: 19:57:23 []:>--------------------------------------------------------------<
menu.exe: 00001440: 19:57:24 [TUniServerModule]:Server First Init.
menu.exe: 00001440: 19:57:24 [TUniServerModule]:Starting HTTP Server on Port: 8077...
menu.exe: 00001440: 19:57:24 [TUniServerModule]:HTTP Server Started on Port: 8077
menu.exe: 00001BDC: 19:57:31 [127.0.0.1]:EUniSessionException : Invalid session or session Timeout. (Session not found: H3Q42rYCq21055C01B9 ) : Addr: $007D093A
menu.exe: 00001440: 19:57:49 [TUniServerModule]:Shutting Down Server.
menu.exe: 00001440: 19:57:49 [TUniServerModule]:Stopping HTTP Server.
menu.exe: 00001440: 19:57:50 [TUniServerModule]:HTTP Server Stopped.
menu.exe: 00001440: 19:57:50 [TUniGUISessionManager]:Terminating Session manager.
menu.exe: 00001440: 19:57:50 [TUniGUISessionManager]:Stopping Cache Eraser...
menu.exe: 00001440: 19:57:50 [TUniGUISessionManager]:Cache Eraser Stopped.
menu.exe: 00001440: 19:57:50 [TUniGUISessionManager]:Destroying Worker Threads.
menu.exe: 00001440: 19:57:50 [TUniGUISessionManager]:Session manager terminated.
menu.exe: 00001440: 19:57:50 [TUniServerModule]:Server Shutdown Completed.
menu.exe: 00001440: 19:57:50 []:<-------------------------------------------------------------->
menu.exe: 00001440: 19:57:50 [Terminated]:Exit Code: 0
menu.exe: 00002838: 19:58:08 []:>--------------------------------------------------------------<
menu.exe: 00002838: 19:58:08 [TUniServerModule]:Server First Init.
menu.exe: 00002838: 19:58:08 [TUniServerModule]:Starting HTTP Server on Port: 8077...
menu.exe: 00002838: 19:58:08 [TUniServerModule]:HTTP Server Started on Port: 8077
menu.exe: 000024BC: 19:58:10 [127.0.0.1]:EUniSessionException : Invalid session or session Timeout. (Session not found: qT8g5uSA8u1055C01E2 ) : Addr: $007D093A
menu.exe: 00002838: 19:58:17 [TUniServerModule]:Shutting Down Server.
menu.exe: 00002838: 19:58:17 [TUniServerModule]:Stopping HTTP Server.
menu.exe: 00002838: 19:58:19 [TUniServerModule]:HTTP Server Stopped.
menu.exe: 00002838: 19:58:19 [TUniGUISessionManager]:Terminating Session manager.
menu.exe: 00002838: 19:58:19 [TUniGUISessionManager]:Stopping Cache Eraser...
menu.exe: 00002838: 19:58:19 [TUniGUISessionManager]:Cache Eraser Stopped.
menu.exe: 00002838: 19:58:19 [TUniGUISessionManager]:Destroying Worker Threads.
menu.exe: 00002838: 19:58:19 [TUniGUISessionManager]:Session manager terminated.
menu.exe: 00002838: 19:58:19 [TUniServerModule]:Server Shutdown Completed.
menu.exe: 00002838: 19:58:19 []:<-------------------------------------------------------------->
menu.exe: 00002838: 19:58:19 [Terminated]:Exit Code: 0
menu.exe: 000020A8: 19:59:04 []:>--------------------------------------------------------------<
menu.exe: 000020A8: 19:59:04 [TUniServerModule]:Server First Init.
menu.exe: 000020A8: 19:59:04 [TUniServerModule]:Starting HTTP Server on Port: 8077...
menu.exe: 000020A8: 19:59:04 [TUniServerModule]:HTTP Server Started on Port: 8077
menu.exe: 00001F90: 19:59:05 [127.0.0.1]:EUniSessionException : Invalid session or session Timeout. (Session not found: MIdwFpvHzr1055C0206 ) : Addr: $007D093A
menu.exe: 000020A8: 19:59:50 [TUniServerModule]:Shutting Down Server.
menu.exe: 000020A8: 19:59:50 [TUniServerModule]:Stopping HTTP Server.
menu.exe: 000020A8: 19:59:51 [TUniServerModule]:HTTP Server Stopped.
menu.exe: 000020A8: 19:59:51 [TUniGUISessionManager]:Terminating Session manager.
menu.exe: 000020A8: 19:59:51 [TUniGUISessionManager]:Stopping Cache Eraser...
menu.exe: 000020A8: 19:59:51 [TUniGUISessionManager]:Cache Eraser Stopped.
menu.exe: 000020A8: 19:59:51 [TUniGUISessionManager]:Destroying Worker Threads.
menu.exe: 000020A8: 19:59:51 [TUniGUISessionManager]:Session manager terminated.
menu.exe: 000020A8: 19:59:51 [TUniServerModule]:Server Shutdown Completed.
menu.exe: 000020A8: 19:59:51 []:<-------------------------------------------------------------->
menu.exe: 000020A8: 19:59:51 [Terminated]:Exit Code: 0
menu.exe: 000008C8: 20:00:21 []:>--------------------------------------------------------------<
menu.exe: 000008C8: 20:00:21 [TUniServerModule]:Server First Init.
menu.exe: 000008C8: 20:00:21 [TUniServerModule]:Starting HTTP Server on Port: 8077...
menu.exe: 000008C8: 20:00:21 [TUniServerModule]:HTTP Server Started on Port: 8077
menu.exe: 00001E48: 20:00:29 [127.0.0.1]:EUniSessionException : Invalid session or session Timeout. (Session not found: SwBUq9mKri1055C0246 ) : Addr: $007D093A
menu.exe: 000008C8: 20:00:47 [TUniServerModule]:Shutting Down Server.
menu.exe: 000008C8: 20:00:47 [TUniServerModule]:Stopping HTTP Server.
menu.exe: 000008C8: 20:00:48 [TUniServerModule]:HTTP Server Stopped.
menu.exe: 000008C8: 20:00:48 [TUniGUISessionManager]:Terminating Session manager.
menu.exe: 000008C8: 20:00:48 [TUniGUISessionManager]:Stopping Cache Eraser...
menu.exe: 000008C8: 20:00:48 [TUniGUISessionManager]:Cache Eraser Stopped.
menu.exe: 000008C8: 20:00:48 [TUniGUISessionManager]:Destroying Worker Threads.
menu.exe: 000008C8: 20:00:48 [TUniGUISessionManager]:Session manager terminated.
menu.exe: 000008C8: 20:00:48 [TUniServerModule]:Server Shutdown Completed.
menu.exe: 000008C8: 20:00:48 []:<-------------------------------------------------------------->
menu.exe: 000008C8: 20:00:48 [Terminated]:Exit Code: 0
menu.exe: 000002F8: 20:01:35 []:>--------------------------------------------------------------<
menu.exe: 000002F8: 20:01:35 [TUniServerModule]:Server First Init.
menu.exe: 000002F8: 20:01:35 [TUniServerModule]:Starting HTTP Server on Port: 8077...
menu.exe: 000002F8: 20:01:35 [TUniServerModule]:HTTP Server Started on Port: 8077
menu.exe: 000014B4: 20:01:41 [127.0.0.1]:EUniSessionException : Invalid session or session Timeout. (Session not found: abUWAm8Jmo1055C02A7 ) : Addr: $007D093A
menu.exe: 000002F8: 20:02:18 [TUniServerModule]:Shutting Down Server.
menu.exe: 000002F8: 20:02:18 [TUniServerModule]:Stopping HTTP Server.
menu.exe: 000002F8: 20:02:19 [TUniServerModule]:HTTP Server Stopped.
menu.exe: 000002F8: 20:02:19 [TUniGUISessionManager]:Terminating Session manager.
menu.exe: 000002F8: 20:02:19 [TUniGUISessionManager]:Stopping Cache Eraser...
menu.exe: 000002F8: 20:02:19 [TUniGUISessionManager]:Cache Eraser Stopped.
menu.exe: 000002F8: 20:02:19 [TUniGUISessionManager]:Destroying Worker Threads.
menu.exe: 000002F8: 20:02:19 [TUniGUISessionManager]:Session manager terminated.
menu.exe: 000002F8: 20:02:19 [TUniServerModule]:Server Shutdown Completed.
menu.exe: 000002F8: 20:02:19 []:<-------------------------------------------------------------->
menu.exe: 000002F8: 20:02:19 [Terminated]:Exit Code: 0
menu.exe: 00001598: 20:02:25 []:>--------------------------------------------------------------<
menu.exe: 00001598: 20:02:25 [TUniServerModule]:Server First Init.
menu.exe: 00001598: 20:02:25 [TUniServerModule]:Starting HTTP Server on Port: 8077...
menu.exe: 00001598: 20:02:25 [TUniServerModule]:HTTP Server Started on Port: 8077
menu.exe: 0000266C: 20:02:27 [127.0.0.1]:EUniSessionException : Invalid session or session Timeout. (Session not found: OPrGNeWvJE1055C02FA ) : Addr: $007D093A
menu.exe: 00001598: 20:03:56 [TUniServerModule]:Shutting Down Server.
menu.exe: 00001598: 20:03:57 [TUniServerModule]:Stopping HTTP Server.
menu.exe: 00001598: 20:03:58 [TUniServerModule]:HTTP Server Stopped.
menu.exe: 00001598: 20:03:58 [TUniGUISessionManager]:Terminating Session manager.
menu.exe: 00001598: 20:03:58 [TUniGUISessionManager]:Stopping Cache Eraser...
menu.exe: 00001598: 20:03:58 [TUniGUISessionManager]:Cache Eraser Stopped.
menu.exe: 00001598: 20:03:58 [TUniGUISessionManager]:Destroying Worker Threads.
menu.exe: 00001598: 20:03:58 [TUniGUISessionManager]:Session manager terminated.
menu.exe: 00001598: 20:03:58 [TUniServerModule]:Server Shutdown Completed.
menu.exe: 00001598: 20:03:58 []:<-------------------------------------------------------------->
menu.exe: 00001598: 20:03:58 [Terminated]:Exit Code: 0
menu.exe: 000004A8: 20:04:04 []:>--------------------------------------------------------------<
menu.exe: 000004A8: 20:04:04 [TUniServerModule]:Server First Init.
menu.exe: 000004A8: 20:04:04 [TUniServerModule]:Starting HTTP Server on Port: 8077...
menu.exe: 000004A8: 20:04:04 [TUniServerModule]:HTTP Server Started on Port: 8077
menu.exe: 00002310: 20:04:08 [127.0.0.1]:EUniSessionException : Invalid session or session Timeout. (Session not found: IKcfpa24iU1055C0330 ) : Addr: $007D093A
menu.exe: 000004A8: 20:04:23 [TUniServerModule]:Shutting Down Server.
menu.exe: 000004A8: 20:04:23 [TUniServerModule]:Stopping HTTP Server.
menu.exe: 000004A8: 20:04:24 [TUniServerModule]:HTTP Server Stopped.
menu.exe: 000004A8: 20:04:24 [TUniGUISessionManager]:Terminating Session manager.
menu.exe: 000004A8: 20:04:24 [TUniGUISessionManager]:Stopping Cache Eraser...
menu.exe: 000004A8: 20:04:24 [TUniGUISessionManager]:Cache Eraser Stopped.
menu.exe: 000004A8: 20:04:24 [TUniGUISessionManager]:Destroying Worker Threads.
menu.exe: 000004A8: 20:04:24 [TUniGUISessionManager]:Session manager terminated.
menu.exe: 000004A8: 20:04:24 [TUniServerModule]:Server Shutdown Completed.
menu.exe: 000004A8: 20:04:24 []:<-------------------------------------------------------------->
menu.exe: 000004A8: 20:04:24 [Terminated]:Exit Code: 0
menu.exe: 00000A50: 20:04:30 []:>--------------------------------------------------------------<
menu.exe: 00000A50: 20:04:30 [TUniServerModule]:Server First Init.
menu.exe: 00000A50: 20:04:30 [TUniServerModule]:Starting HTTP Server on Port: 8077...
menu.exe: 00000A50: 20:04:30 [TUniServerModule]:HTTP Server Started on Port: 8077
menu.exe: 00001C08: 20:04:31 [127.0.0.1]:EUniSessionException : Invalid session or session Timeout. (Session not found: THVk32Muff1055C03A4 ) : Addr: $007D093A
menu.exe: 00000A50: 20:04:44 [TUniServerModule]:Shutting Down Server.
menu.exe: 00000A50: 20:04:44 [TUniServerModule]:Stopping HTTP Server.
menu.exe: 00000A50: 20:04:45 [TUniServerModule]:HTTP Server Stopped.
menu.exe: 00000A50: 20:04:45 [TUniGUISessionManager]:Terminating Session manager.
menu.exe: 00000A50: 20:04:45 [TUniGUISessionManager]:Stopping Cache Eraser...
menu.exe: 00000A50: 20:04:45 [TUniGUISessionManager]:Cache Eraser Stopped.
menu.exe: 00000A50: 20:04:45 [TUniGUISessionManager]:Destroying Worker Threads.
menu.exe: 00000A50: 20:04:45 [TUniGUISessionManager]:Session manager terminated.
menu.exe: 00000A50: 20:04:45 [TUniServerModule]:Server Shutdown Completed.
menu.exe: 00000A50: 20:04:45 []:<-------------------------------------------------------------->
menu.exe: 00000A50: 20:04:45 [Terminated]:Exit Code: 0
menu.exe: 00001570: 20:04:51 []:>--------------------------------------------------------------<
menu.exe: 00001570: 20:04:51 [TUniServerModule]:Server First Init.
menu.exe: 00001570: 20:04:51 [TUniServerModule]:Starting HTTP Server on Port: 8077...
menu.exe: 00001570: 20:04:51 [TUniServerModule]:HTTP Server Started on Port: 8077
menu.exe: 00002908: 20:04:51 [127.0.0.1]:EUniSessionException : Invalid session or session Timeout. (Session not found: NJThrQxDn61055C03BF ) : Addr: $007D093A
menu.exe: 00001570: 20:05:03 [TUniServerModule]:Shutting Down Server.
menu.exe: 00001570: 20:05:03 [TUniServerModule]:Stopping HTTP Server.
menu.exe: 00001570: 20:05:04 [TUniServerModule]:HTTP Server Stopped.
menu.exe: 00001570: 20:05:04 [TUniGUISessionManager]:Terminating Session manager.
menu.exe: 00001570: 20:05:04 [TUniGUISessionManager]:Stopping Cache Eraser...
menu.exe: 00001570: 20:05:04 [TUniGUISessionManager]:Cache Eraser Stopped.
menu.exe: 00001570: 20:05:04 [TUniGUISessionManager]:Destroying Worker Threads.
menu.exe: 00001570: 20:05:04 [TUniGUISessionManager]:Session manager terminated.
menu.exe: 00001570: 20:05:04 [TUniServerModule]:Server Shutdown Completed.
menu.exe: 00001570: 20:05:04 []:<-------------------------------------------------------------->
menu.exe: 00001570: 20:05:04 [Terminated]:Exit Code: 0
menu.exe: 00001DFC: 20:05:11 []:>--------------------------------------------------------------<
menu.exe: 00001DFC: 20:05:11 [TUniServerModule]:Server First Init.
menu.exe: 00001DFC: 20:05:11 [TUniServerModule]:Starting HTTP Server on Port: 8077...
menu.exe: 00001DFC: 20:05:11 [TUniServerModule]:HTTP Server Started on Port: 8077
menu.exe: 00000278: 20:05:11 [127.0.0.1]:EUniSessionException : Invalid session or session Timeout. (Session not found: UDWbAQXlfO1055C03D7 ) : Addr: $007D093A
menu.exe: 00000278: 20:05:33 [127.0.0.1]:EUniSessionException : Invalid session or session Timeout. (Session not found: t9Te2WxxyN1055BFFB3 ) : Addr: $007D093A
menu.exe: 00001DFC: 20:07:56 [TUniServerModule]:Shutting Down Server.
menu.exe: 00001DFC: 20:07:56 [TUniServerModule]:Stopping HTTP Server.
menu.exe: 00001DFC: 20:07:57 [TUniServerModule]:HTTP Server Stopped.
menu.exe: 00001DFC: 20:07:58 [TUniGUISessionManager]:Terminating Session manager.
menu.exe: 00001DFC: 20:07:58 [TUniGUISessionManager]:Stopping Cache Eraser...
menu.exe: 00001DFC: 20:07:58 [TUniGUISessionManager]:Cache Eraser Stopped.
menu.exe: 00001DFC: 20:07:58 [TUniGUISessionManager]:Destroying Worker Threads.
menu.exe: 00001DFC: 20:07:58 [TUniGUISessionManager]:Session manager terminated.
menu.exe: 00001DFC: 20:07:58 [TUniServerModule]:Server Shutdown Completed.
menu.exe: 00001DFC: 20:07:58 []:<-------------------------------------------------------------->
menu.exe: 00001DFC: 20:07:58 [Terminated]:Exit Code: 0
menu.exe: 000023BC: 20:12:30 []:>--------------------------------------------------------------<
menu.exe: 000023BC: 20:12:30 [TUniServerModule]:Server First Init.
menu.exe: 000023BC: 20:12:30 [TUniServerModule]:Starting HTTP Server on Port: 8077...
menu.exe: 000023BC: 20:12:30 [TUniServerModule]:HTTP Server Started on Port: 8077
menu.exe: 00001350: 20:12:40 [127.0.0.1]:EUniSessionException : Invalid session or session Timeout. (Session not found: kLfOgoyRlK1055C03EE ) : Addr: $007D093A
menu.exe: 00001350: 20:12:43 [127.0.0.1]:EAccessViolation : Access violation at address 89F85589. Read of address 89F85589 : Addr: $89F85589
menu.exe: 00001350: 20:12:43 [127.0.0.1]:EAccessViolation : Access violation at address 00C98C48 in module 'menu.exe'. Read of address 00000538 : Addr: $00C98C48
menu.exe: 000023BC: 20:14:44 [TUniServerModule]:Shutting Down Server.
menu.exe: 000023BC: 20:14:44 [TUniServerModule]:Stopping HTTP Server.
menu.exe: 000023BC: 20:14:45 [TUniServerModule]:HTTP Server Stopped.
menu.exe: 000023BC: 20:14:45 [TUniGUISessionManager]:Terminating Session manager.
menu.exe: 000023BC: 20:14:45 [TUniGUISessionManager]:Stopping Cache Eraser...
menu.exe: 000023BC: 20:14:45 [TUniGUISessionManager]:Cache Eraser Stopped.
menu.exe: 000023BC: 20:14:45 [TUniGUISessionManager]:Destroying Worker Threads.
menu.exe: 000023BC: 20:14:45 [TUniGUISessionManager]:Session manager terminated.
menu.exe: 000023BC: 20:14:45 [TUniServerModule]:Server Shutdown Completed.
menu.exe: 000023BC: 20:14:45 []:<-------------------------------------------------------------->
menu.exe: 000023BC: 20:14:45 [Terminated]:Exit Code: 0
menu.exe: 00001AA0: 20:14:54 []:>--------------------------------------------------------------<
menu.exe: 00001AA0: 20:14:54 [TUniServerModule]:Server First Init.
menu.exe: 00001AA0: 20:14:54 [TUniServerModule]:Starting HTTP Server on Port: 8077...
menu.exe: 00001AA0: 20:14:54 [TUniServerModule]:HTTP Server Started on Port: 8077
menu.exe: 00002910: 20:14:56 [127.0.0.1]:EUniSessionException : Invalid session or session Timeout. (Session not found: DvHM674GF81055C05F5 ) : Addr: $007D093A
menu.exe: 00002910: 20:15:00 [127.0.0.1]:EAccessViolation : Access violation at address 89F85589. Read of address 89F85589 : Addr: $89F85589
menu.exe: 00002910: 20:15:00 [127.0.0.1]:EAccessViolation : Access violation at address 00C98C48 in module 'menu.exe'. Read of address 00000538 : Addr: $00C98C48
menu.exe: 00001AA0: 20:15:43 [TUniServerModule]:Shutting Down Server.
menu.exe: 00001AA0: 20:15:43 [TUniServerModule]:Stopping HTTP Server.
menu.exe: 00001AA0: 20:15:44 [TUniServerModule]:HTTP Server Stopped.
menu.exe: 00001AA0: 20:15:44 [TUniGUISessionManager]:Terminating Session manager.
menu.exe: 00001AA0: 20:15:44 [TUniGUISessionManager]:Stopping Cache Eraser...
menu.exe: 00001AA0: 20:15:44 [TUniGUISessionManager]:Cache Eraser Stopped.
menu.exe: 00001AA0: 20:15:44 [TUniGUISessionManager]:Destroying Worker Threads.
menu.exe: 00001AA0: 20:15:44 [TUniGUISessionManager]:Session manager terminated.
menu.exe: 00001AA0: 20:15:44 [TUniServerModule]:Server Shutdown Completed.
menu.exe: 00001AA0: 20:15:44 []:<-------------------------------------------------------------->
menu.exe: 00001AA0: 20:15:44 [Terminated]:Exit Code: 0
menu.exe: 00000554: 20:16:06 []:>--------------------------------------------------------------<
menu.exe: 00000554: 20:16:06 [TUniServerModule]:Server First Init.
menu.exe: 00000554: 20:16:06 [TUniServerModule]:Starting HTTP Server on Port: 8077...
menu.exe: 00000554: 20:16:06 [TUniServerModule]:HTTP Server Started on Port: 8077
menu.exe: 00002658: 20:16:12 [127.0.0.1]:EAccessViolation : Access violation at address 89F85589. Read of address 89F85589 : Addr: $89F85589
menu.exe: 00002658: 20:16:12 [127.0.0.1]:EAccessViolation : Access violation at address 00C98C48 in module 'menu.exe'. Read of address 00000538 : Addr: $00C98C48
menu.exe: 00000554: 20:16:18 [TUniServerModule]:Shutting Down Server.
menu.exe: 00000554: 20:16:18 [TUniServerModule]:Stopping HTTP Server.
menu.exe: 00000554: 20:16:19 [TUniServerModule]:HTTP Server Stopped.
menu.exe: 00000554: 20:16:19 [TUniGUISessionManager]:Terminating Session manager.
menu.exe: 00000554: 20:16:19 [TUniGUISessionManager]:Stopping Cache Eraser...
menu.exe: 00000554: 20:16:19 [TUniGUISessionManager]:Cache Eraser Stopped.
menu.exe: 00000554: 20:16:19 [TUniGUISessionManager]:Destroying Worker Threads.
menu.exe: 00000554: 20:16:19 [TUniGUISessionManager]:Session manager terminated.
menu.exe: 00000554: 20:16:20 [TUniServerModule]:Server Shutdown Completed.
menu.exe: 00000554: 20:16:20 []:<-------------------------------------------------------------->
menu.exe: 00000554: 20:16:20 [Terminated]:Exit Code: 0
menu.exe: 00000644: 20:17:27 []:>--------------------------------------------------------------<
menu.exe: 00000644: 20:17:27 [TUniServerModule]:Server First Init.
menu.exe: 00000644: 20:17:27 [TUniServerModule]:Starting HTTP Server on Port: 8077...
menu.exe: 00000644: 20:17:27 [TUniServerModule]:HTTP Server Started on Port: 8077
menu.exe: 00001200: 20:17:32 [127.0.0.1]:EUniSessionException : Invalid session or session Timeout. (Session not found: EMEtx8JiFT1055C06E6 ) : Addr: $007D093A
menu.exe: 00001200: 20:17:35 [127.0.0.1]:EAccessViolation : Access violation at address 00C98C48 in module 'menu.exe'. Read of address 00000538 : Addr: $00C98C48
menu.exe: 00001200: 20:17:40 [127.0.0.1]:EAccessViolation : Access violation at address 00C98C48 in module 'menu.exe'. Read of address 00000538 : Addr: $00C98C48
menu.exe: 00000644: 20:17:48 [TUniServerModule]:Shutting Down Server.
menu.exe: 00000644: 20:17:48 [TUniServerModule]:Stopping HTTP Server.
menu.exe: 00000644: 20:17:49 [TUniServerModule]:HTTP Server Stopped.
menu.exe: 00000644: 20:17:49 [TUniGUISessionManager]:Terminating Session manager.
menu.exe: 00000644: 20:17:50 [TUniGUISessionManager]:Stopping Cache Eraser...
menu.exe: 00000644: 20:17:50 [TUniGUISessionManager]:Cache Eraser Stopped.
menu.exe: 00000644: 20:17:50 [TUniGUISessionManager]:Destroying Worker Threads.
menu.exe: 00000644: 20:17:50 [TUniGUISessionManager]:Session manager terminated.
menu.exe: 00000644: 20:17:50 [TUniServerModule]:Server Shutdown Completed.
menu.exe: 00000644: 20:17:50 []:<-------------------------------------------------------------->
menu.exe: 00000644: 20:17:50 [Terminated]:Exit Code: 0
menu.exe: 00000D80: 20:19:04 []:>--------------------------------------------------------------<
menu.exe: 00000D80: 20:19:04 [TUniServerModule]:Server First Init.
menu.exe: 00000D80: 20:19:04 [TUniServerModule]:Starting HTTP Server on Port: 8077...
menu.exe: 00000D80: 20:19:04 [TUniServerModule]:HTTP Server Started on Port: 8077
menu.exe: 00001C20: 20:19:06 [127.0.0.1]:EUniSessionException : Invalid session or session Timeout. (Session not found: ZEPMKGKJrU1055C0747 ) : Addr: $007D093A
menu.exe: 00000D80: 20:22:42 [TUniServerModule]:Shutting Down Server.
menu.exe: 00000D80: 20:22:42 [TUniServerModule]:Stopping HTTP Server.
menu.exe: 00000D80: 20:22:43 [TUniServerModule]:HTTP Server Stopped.
menu.exe: 00000D80: 20:22:43 [TUniGUISessionManager]:Terminating Session manager.
menu.exe: 00000D80: 20:22:43 [TUniGUISessionManager]:Stopping Cache Eraser...
menu.exe: 00000D80: 20:22:43 [TUniGUISessionManager]:Cache Eraser Stopped.
menu.exe: 00000D80: 20:22:43 [TUniGUISessionManager]:Destroying Worker Threads.
menu.exe: 00000D80: 20:22:43 [TUniGUISessionManager]:Session manager terminated.
menu.exe: 00000D80: 20:22:43 [TUniServerModule]:Server Shutdown Completed.
menu.exe: 00000D80: 20:22:43 []:<-------------------------------------------------------------->
menu.exe: 00000D80: 20:22:43 [Terminated]:Exit Code: 0
menu.exe: 00002420: 20:22:49 []:>--------------------------------------------------------------<
menu.exe: 00002420: 20:22:49 [TUniServerModule]:Server First Init.
menu.exe: 00002420: 20:22:49 [TUniServerModule]:Starting HTTP Server on Port: 8077...
menu.exe: 00002420: 20:22:49 [TUniServerModule]:HTTP Server Started on Port: 8077
menu.exe: 00002150: 20:22:53 [127.0.0.1]:EUniSessionException : Invalid session or session Timeout. (Session not found: gJD1jwPMZv1055C07B4 ) : Addr: $007D093A
menu.exe: 00002420: 20:24:03 [TUniServerModule]:Shutting Down Server.
menu.exe: 00002420: 20:24:03 [TUniServerModule]:Stopping HTTP Server.
menu.exe: 00002420: 20:24:04 [TUniServerModule]:HTTP Server Stopped.
menu.exe: 00002420: 20:24:04 [TUniGUISessionManager]:Terminating Session manager.
menu.exe: 00002420: 20:24:04 [TUniGUISessionManager]:Stopping Cache Eraser...
menu.exe: 00002420: 20:24:04 [TUniGUISessionManager]:Cache Eraser Stopped.
menu.exe: 00002420: 20:24:04 [TUniGUISessionManager]:Destroying Worker Threads.
menu.exe: 00002420: 20:24:04 [TUniGUISessionManager]:Session manager terminated.
menu.exe: 00002420: 20:24:04 [TUniServerModule]:Server Shutdown Completed.
menu.exe: 00002420: 20:24:04 []:<-------------------------------------------------------------->
menu.exe: 00002420: 20:24:04 [Terminated]:Exit Code: 0
menu.exe: 00002654: 20:24:10 []:>--------------------------------------------------------------<
menu.exe: 00002654: 20:24:10 [TUniServerModule]:Server First Init.
menu.exe: 00002654: 20:24:10 [TUniServerModule]:Starting HTTP Server on Port: 8077...
menu.exe: 00002654: 20:24:10 [TUniServerModule]:HTTP Server Started on Port: 8077
menu.exe: 000008C4: 20:24:13 [127.0.0.1]:EUniSessionException : Invalid session or session Timeout. (Session not found: HpAnTcsG7U1055C08BA ) : Addr: $007D093A
menu.exe: 00002654: 20:25:23 [TUniServerModule]:Shutting Down Server.
menu.exe: 00002654: 20:25:23 [TUniServerModule]:Stopping HTTP Server.
menu.exe: 00002654: 20:25:24 [TUniServerModule]:HTTP Server Stopped.
menu.exe: 00002654: 20:25:24 [TUniGUISessionManager]:Terminating Session manager.
menu.exe: 00002654: 20:25:24 [TUniGUISessionManager]:Stopping Cache Eraser...
menu.exe: 00002654: 20:25:24 [TUniGUISessionManager]:Cache Eraser Stopped.
menu.exe: 00002654: 20:25:24 [TUniGUISessionManager]:Destroying Worker Threads.
menu.exe: 00002654: 20:25:24 [TUniGUISessionManager]:Session manager terminated.
menu.exe: 00002654: 20:25:24 [TUniServerModule]:Server Shutdown Completed.
menu.exe: 00002654: 20:25:24 []:<-------------------------------------------------------------->
menu.exe: 00002654: 20:25:25 [Terminated]:Exit Code: 0
menu.exe: 00001410: 20:25:30 []:>--------------------------------------------------------------<
menu.exe: 00001410: 20:25:30 [TUniServerModule]:Server First Init.
menu.exe: 00001410: 20:25:31 [TUniServerModule]:Starting HTTP Server on Port: 8077...
menu.exe: 00001410: 20:25:31 [TUniServerModule]:HTTP Server Started on Port: 8077
menu.exe: 00000DA4: 20:25:39 [127.0.0.1]:EUniSessionException : Invalid session or session Timeout. (Session not found: rdbJdMNfu11055C0917 ) : Addr: $007D093A
menu.exe: 00001410: 20:26:24 [TUniServerModule]:Shutting Down Server.
menu.exe: 00001410: 20:26:24 [TUniServerModule]:Stopping HTTP Server.
menu.exe: 00001410: 20:26:25 [TUniServerModule]:HTTP Server Stopped.
menu.exe: 00001410: 20:26:26 [TUniGUISessionManager]:Terminating Session manager.
menu.exe: 00001410: 20:26:26 [TUniGUISessionManager]:Stopping Cache Eraser...
menu.exe: 00001410: 20:26:26 [TUniGUISessionManager]:Cache Eraser Stopped.
menu.exe: 00001410: 20:26:26 [TUniGUISessionManager]:Destroying Worker Threads.
menu.exe: 00001410: 20:26:26 [TUniGUISessionManager]:Session manager terminated.
menu.exe: 00001410: 20:26:26 [TUniServerModule]:Server Shutdown Completed.
menu.exe: 00001410: 20:26:26 []:<-------------------------------------------------------------->
menu.exe: 00001410: 20:26:26 [Terminated]:Exit Code: 0
menu.exe: 000020A0: 20:29:23 []:>--------------------------------------------------------------<
menu.exe: 000020A0: 20:29:23 [TUniServerModule]:Server First Init.
menu.exe: 000020A0: 20:29:23 [TUniServerModule]:Starting HTTP Server on Port: 8077...
menu.exe: 000020A0: 20:29:23 [TUniServerModule]:HTTP Server Started on Port: 8077
menu.exe: 00001560: 20:29:30 [127.0.0.1]:EUniSessionException : Invalid session or session Timeout. (Session not found: YHAowgIwye1055C097B ) : Addr: $007D093A
menu.exe: 000020A0: 20:32:02 [TUniServerModule]:Shutting Down Server.
menu.exe: 000020A0: 20:32:02 [TUniServerModule]:Stopping HTTP Server.
menu.exe: 000020A0: 20:32:03 [TUniServerModule]:HTTP Server Stopped.
menu.exe: 000020A0: 20:32:03 [TUniGUISessionManager]:Terminating Session manager.
menu.exe: 000020A0: 20:32:03 [TUniGUISessionManager]:Stopping Cache Eraser...
menu.exe: 000020A0: 20:32:03 [TUniGUISessionManager]:Cache Eraser Stopped.
menu.exe: 000020A0: 20:32:03 [TUniGUISessionManager]:Destroying Worker Threads.
menu.exe: 000020A0: 20:32:03 [TUniGUISessionManager]:Session manager terminated.
menu.exe: 000020A0: 20:32:03 [TUniServerModule]:Server Shutdown Completed.
menu.exe: 000020A0: 20:32:03 []:<-------------------------------------------------------------->
menu.exe: 000020A0: 20:32:03 [Terminated]:Exit Code: 0
menu.exe: 0000018C: 20:32:09 []:>--------------------------------------------------------------<
menu.exe: 0000018C: 20:32:09 [TUniServerModule]:Server First Init.
menu.exe: 0000018C: 20:32:09 [TUniServerModule]:Starting HTTP Server on Port: 8077...
menu.exe: 0000018C: 20:32:09 [TUniServerModule]:HTTP Server Started on Port: 8077
menu.exe: 00001570: 20:32:10 [127.0.0.1]:EUniSessionException : Invalid session or session Timeout. (Session not found: BIYavEVdw61055C0A86 ) : Addr: $007D093A
menu.exe: 0000018C: 20:32:27 [TUniServerModule]:Shutting Down Server.
menu.exe: 0000018C: 20:32:27 [TUniServerModule]:Stopping HTTP Server.
menu.exe: 0000018C: 20:32:28 [TUniServerModule]:HTTP Server Stopped.
menu.exe: 0000018C: 20:32:28 [TUniGUISessionManager]:Terminating Session manager.
menu.exe: 0000018C: 20:32:28 [TUniGUISessionManager]:Stopping Cache Eraser...
menu.exe: 0000018C: 20:32:28 [TUniGUISessionManager]:Cache Eraser Stopped.
menu.exe: 0000018C: 20:32:28 [TUniGUISessionManager]:Destroying Worker Threads.
menu.exe: 0000018C: 20:32:28 [TUniGUISessionManager]:Session manager terminated.
menu.exe: 0000018C: 20:32:28 [TUniServerModule]:Server Shutdown Completed.
menu.exe: 0000018C: 20:32:28 []:<-------------------------------------------------------------->
menu.exe: 0000018C: 20:32:28 [Terminated]:Exit Code: 0
