menu.exe: 000008C0: 00:43:55 []:>--------------------------------------------------------------<
menu.exe: 000008C0: 00:43:55 [TUniServerModule]:Server First Init.
menu.exe: 000008C0: 00:43:55 [TUniServerModule]:Starting HTTP Server on Port: 8077...
menu.exe: 000008C0: 00:43:55 [InitWebServer]:EIdCouldNotBindSocket : Could not bind socket. Address and port are already in use. : Addr: $006DED05
menu.exe: 000008C0: 00:44:00 [TUniServerModule]:Shutting Down Server.
menu.exe: 000008C0: 00:44:00 [TUniServerModule]:Stopping HTTP Server.
menu.exe: 000008C0: 00:44:01 [TUniServerModule]:HTTP Server Stopped.
menu.exe: 000008C0: 00:44:01 [TUniGUISessionManager]:Terminating Session manager.
menu.exe: 000008C0: 00:44:01 [TUniGUISessionManager]:Stopping Cache Eraser...
menu.exe: 000008C0: 00:44:01 [TUniGUISessionManager]:Cache Eraser Stopped.
menu.exe: 000008C0: 00:44:01 [TUniGUISessionManager]:Destroying Worker Threads.
menu.exe: 000008C0: 00:44:01 [TUniGUISessionManager]:Session manager terminated.
menu.exe: 000008C0: 00:44:01 [TUniServerModule]:Server Shutdown Completed.
menu.exe: 000008C0: 00:44:01 []:<-------------------------------------------------------------->
menu.exe: 000008C0: 00:44:01 [Terminated]:Exit Code: 0
menu.exe: 00000A00: 00:44:09 []:>--------------------------------------------------------------<
menu.exe: 00000A00: 00:44:09 [TUniServerModule]:Server First Init.
menu.exe: 00000A00: 00:44:09 [TUniServerModule]:Starting HTTP Server on Port: 8077...
menu.exe: 00000A00: 00:44:09 [TUniServerModule]:HTTP Server Started on Port: 8077
menu.exe: 00000A00: 00:45:49 [TUniServerModule]:Shutting Down Server.
menu.exe: 00000A00: 00:45:49 [TUniServerModule]:Stopping HTTP Server.
menu.exe: 0000288C: 00:55:25 []:>--------------------------------------------------------------<
menu.exe: 0000288C: 00:55:25 [TUniServerModule]:Server First Init.
menu.exe: 0000288C: 00:55:25 [TUniServerModule]:Global Cache Folder Erased. <1> Files deleted.
menu.exe: 0000288C: 00:55:25 [TUniServerModule]:Starting HTTP Server on Port: 8077...
menu.exe: 0000288C: 00:55:25 [TUniServerModule]:HTTP Server Started on Port: 8077
menu.exe: 0000288C: 01:02:05 [TUniServerModule]:Shutting Down Server.
menu.exe: 0000288C: 01:02:06 [TUniServerModule]:Stopping HTTP Server.
menu.exe: 00001B60: 01:29:12 []:>--------------------------------------------------------------<
menu.exe: 00001B60: 01:29:13 [TUniServerModule]:Server First Init.
menu.exe: 00001B60: 01:29:13 [TUniServerModule]:Debug Mode = ON
menu.exe: 00001B60: 01:29:13 [TUniServerModule]:Global Cache Folder Erased. <1> Files deleted.
menu.exe: 00001B60: 01:29:13 [TUniServerModule]:Starting HTTP Server on Port: 8077...
menu.exe: 00001B60: 01:29:13 [TUniServerModule]:HTTP Server Started on Port: 8077
menu.exe: 00002204: 01:30:10 []:>--------------------------------------------------------------<
menu.exe: 00002204: 01:30:10 [TUniServerModule]:Server First Init.
menu.exe: 00002204: 01:30:10 [TUniServerModule]:Global Cache Folder Erased. <1> Files deleted.
menu.exe: 00002204: 01:30:10 [TUniServerModule]:Starting HTTP Server on Port: 8077...
menu.exe: 00002204: 01:30:10 [TUniServerModule]:HTTP Server Started on Port: 8077
menu.exe: 00002204: 01:31:03 [TUniServerModule]:Shutting Down Server.
menu.exe: 00002204: 01:31:03 [TUniServerModule]:Stopping HTTP Server.
menu.exe: 00002818: 01:32:32 []:>--------------------------------------------------------------<
menu.exe: 00002818: 01:32:32 [TUniServerModule]:Server First Init.
menu.exe: 00002818: 01:32:32 [TUniServerModule]:Global Cache Folder Erased. <1> Files deleted.
menu.exe: 00002818: 01:32:32 [TUniServerModule]:Starting HTTP Server on Port: 8077...
menu.exe: 00002818: 01:32:32 [TUniServerModule]:HTTP Server Started on Port: 8077
menu.exe: 00002818: 01:34:49 [TUniServerModule]:Shutting Down Server.
menu.exe: 00002818: 01:34:49 [TUniServerModule]:Stopping HTTP Server.
menu.exe: 00000AB8: 01:35:44 []:>--------------------------------------------------------------<
menu.exe: 00000AB8: 01:35:44 [TUniServerModule]:Server First Init.
menu.exe: 00000AB8: 01:35:44 [TUniServerModule]:Global Cache Folder Erased. <1> Files deleted.
menu.exe: 00000AB8: 01:35:44 [TUniServerModule]:Starting HTTP Server on Port: 8077...
menu.exe: 00000AB8: 01:35:44 [TUniServerModule]:HTTP Server Started on Port: 8077
menu.exe: 00000AB8: 01:36:33 [TUniServerModule]:Shutting Down Server.
menu.exe: 00000AB8: 01:36:33 [TUniServerModule]:Stopping HTTP Server.
menu.exe: 00002520: 01:36:54 []:>--------------------------------------------------------------<
menu.exe: 00002520: 01:36:54 [TUniServerModule]:Server First Init.
menu.exe: 00002520: 01:36:54 [TUniServerModule]:Global Cache Folder Erased. <1> Files deleted.
menu.exe: 00002520: 01:36:54 [TUniServerModule]:Starting HTTP Server on Port: 8077...
menu.exe: 00002520: 01:36:54 [TUniServerModule]:HTTP Server Started on Port: 8077
menu.exe: 00002520: 01:37:14 [TUniServerModule]:Shutting Down Server.
menu.exe: 00002520: 01:37:14 [TUniServerModule]:Stopping HTTP Server.
menu.exe: 00002520: 01:37:15 [TUniServerModule]:HTTP Server Stopped.
menu.exe: 00002520: 01:37:15 [TUniGUISessionManager]:Terminating Session manager.
menu.exe: 00002520: 01:37:15 [TUniGUISessionManager]:Stopping Cache Eraser...
menu.exe: 00002520: 01:37:15 [TUniGUISessionManager]:Cache Eraser Stopped.
menu.exe: 00002520: 01:37:15 [TUniGUISessionManager]:Destroying Worker Threads.
menu.exe: 00002520: 01:37:15 [TUniGUISessionManager]:Session manager terminated.
menu.exe: 00002520: 01:37:15 [TUniServerModule]:Server Shutdown Completed.
menu.exe: 00002520: 01:37:15 []:<-------------------------------------------------------------->
menu.exe: 00002520: 01:37:15 [Terminated]:Exit Code: 0
menu.exe: 00000898: 01:45:50 []:>--------------------------------------------------------------<
menu.exe: 00000898: 01:45:50 [TUniServerModule]:Server First Init.
menu.exe: 00000898: 01:45:50 [TUniServerModule]:Starting HTTP Server on Port: 8077...
menu.exe: 00000898: 01:45:50 [TUniServerModule]:HTTP Server Started on Port: 8077
menu.exe: 00000898: 01:47:37 [TUniServerModule]:Shutting Down Server.
menu.exe: 00000898: 01:47:37 [TUniServerModule]:Stopping HTTP Server.
menu.exe: 00000898: 01:47:38 [TUniServerModule]:HTTP Server Stopped.
menu.exe: 00000898: 01:47:38 [TUniGUISessionManager]:Terminating Session manager.
menu.exe: 00000898: 01:47:38 [TUniGUISessionManager]:Stopping Cache Eraser...
menu.exe: 00000898: 01:47:38 [TUniGUISessionManager]:Cache Eraser Stopped.
menu.exe: 00000898: 01:47:38 [TUniGUISessionManager]:Destroying Worker Threads.
menu.exe: 00000898: 01:47:38 [TUniGUISessionManager]:Session manager terminated.
menu.exe: 00000898: 01:47:38 [TUniServerModule]:Server Shutdown Completed.
menu.exe: 00000898: 01:47:38 []:<-------------------------------------------------------------->
menu.exe: 00000898: 01:47:38 [Terminated]:Exit Code: 0
menu.exe: 0000107C: 01:47:50 []:>--------------------------------------------------------------<
menu.exe: 0000107C: 01:47:50 [TUniServerModule]:Server First Init.
menu.exe: 0000107C: 01:47:50 [TUniServerModule]:Debug Mode = ON
menu.exe: 0000107C: 01:47:50 [TUniServerModule]:Starting HTTP Server on Port: 8077...
menu.exe: 0000107C: 01:47:50 [TUniServerModule]:HTTP Server Started on Port: 8077
menu.exe: 00002654: 01:50:16 []:>--------------------------------------------------------------<
menu.exe: 00002654: 01:50:16 [TUniServerModule]:Server First Init.
menu.exe: 00002654: 01:50:16 [TUniServerModule]:Debug Mode = ON
menu.exe: 00002654: 01:50:16 [TUniServerModule]:Global Cache Folder Erased. <1> Files deleted.
menu.exe: 00002654: 01:50:16 [TUniServerModule]:Starting HTTP Server on Port: 8077...
menu.exe: 00002654: 01:50:16 [TUniServerModule]:HTTP Server Started on Port: 8077
menu.exe: 000007CC: 10:04:44 []:>--------------------------------------------------------------<
menu.exe: 000007CC: 10:04:44 [TUniServerModule]:Server First Init.
menu.exe: 000007CC: 10:04:44 [TUniServerModule]:Global Cache Folder Erased. <1> Files deleted.
menu.exe: 000007CC: 10:04:44 [TUniServerModule]:Starting HTTP Server on Port: 8077...
menu.exe: 000007CC: 10:04:44 [TUniServerModule]:HTTP Server Started on Port: 8077
menu.exe: 000007CC: 10:05:06 [TUniServerModule]:Shutting Down Server.
menu.exe: 000007CC: 10:05:06 [TUniServerModule]:Stopping HTTP Server.
menu.exe: 000007CC: 10:05:07 [TUniServerModule]:HTTP Server Stopped.
menu.exe: 000007CC: 10:05:07 [TUniGUISessionManager]:Terminating Session manager.
menu.exe: 000007CC: 10:05:07 [TUniGUISessionManager]:Stopping Cache Eraser...
menu.exe: 000007CC: 10:05:07 [TUniGUISessionManager]:Cache Eraser Stopped.
menu.exe: 000007CC: 10:05:07 [TUniGUISessionManager]:Destroying Worker Threads.
menu.exe: 000007CC: 10:05:07 [TUniGUISessionManager]:Session manager terminated.
menu.exe: 000007CC: 10:05:07 [TUniServerModule]:Server Shutdown Completed.
menu.exe: 000007CC: 10:05:07 []:<-------------------------------------------------------------->
menu.exe: 000007CC: 10:05:07 [Terminated]:Exit Code: 0
menu.exe: 00002278: 10:06:07 []:>--------------------------------------------------------------<
menu.exe: 00002278: 10:06:07 [TUniServerModule]:Server First Init.
menu.exe: 00002278: 10:06:07 [TUniServerModule]:Starting HTTP Server on Port: 8077...
menu.exe: 00002278: 10:06:07 [TUniServerModule]:HTTP Server Started on Port: 8077
menu.exe: 00001418: 10:06:09 [127.0.0.1]:EUniSessionException : Invalid session or session Timeout. (Session not found: 143y9NW2Ez10559DA75 ) : Addr: $007CD7E6
menu.exe: 00002278: 10:06:19 [TUniServerModule]:Shutting Down Server.
menu.exe: 00002278: 10:06:19 [TUniServerModule]:Stopping HTTP Server.
menu.exe: 00002278: 10:06:20 [TUniServerModule]:HTTP Server Stopped.
menu.exe: 00002278: 10:06:20 [TUniGUISessionManager]:Terminating Session manager.
menu.exe: 00002278: 10:06:20 [TUniGUISessionManager]:Stopping Cache Eraser...
menu.exe: 00002278: 10:06:20 [TUniGUISessionManager]:Cache Eraser Stopped.
menu.exe: 00002278: 10:06:20 [TUniGUISessionManager]:Destroying Worker Threads.
menu.exe: 00002278: 10:06:20 [TUniGUISessionManager]:Session manager terminated.
menu.exe: 00002278: 10:06:20 [TUniServerModule]:Server Shutdown Completed.
menu.exe: 00002278: 10:06:20 []:<-------------------------------------------------------------->
menu.exe: 00002278: 10:06:20 [Terminated]:Exit Code: 0
menu.exe: 000026BC: 10:06:54 []:>--------------------------------------------------------------<
menu.exe: 000026BC: 10:06:54 [TUniServerModule]:Server First Init.
menu.exe: 000026BC: 10:06:54 [TUniServerModule]:Starting HTTP Server on Port: 8077...
menu.exe: 000026BC: 10:06:54 [TUniServerModule]:HTTP Server Started on Port: 8077
menu.exe: 00000F24: 10:06:58 [127.0.0.1]:EUniSessionException : Invalid session or session Timeout. (Session not found: TDAjJWmQ1X10559DACF ) : Addr: $007CD7E6
menu.exe: 000026BC: 10:07:44 [TUniServerModule]:Shutting Down Server.
menu.exe: 000026BC: 10:07:44 [TUniServerModule]:Stopping HTTP Server.
menu.exe: 000026BC: 10:07:45 [TUniServerModule]:HTTP Server Stopped.
menu.exe: 000026BC: 10:07:45 [TUniGUISessionManager]:Terminating Session manager.
menu.exe: 000026BC: 10:07:45 [TUniGUISessionManager]:Stopping Cache Eraser...
menu.exe: 000026BC: 10:07:45 [TUniGUISessionManager]:Cache Eraser Stopped.
menu.exe: 000026BC: 10:07:45 [TUniGUISessionManager]:Destroying Worker Threads.
menu.exe: 000026BC: 10:07:45 [TUniGUISessionManager]:Session manager terminated.
menu.exe: 000026BC: 10:07:45 [TUniServerModule]:Server Shutdown Completed.
menu.exe: 000026BC: 10:07:45 []:<-------------------------------------------------------------->
menu.exe: 000026BC: 10:07:45 [Terminated]:Exit Code: 0
menu.exe: 00002514: 10:24:55 []:>--------------------------------------------------------------<
menu.exe: 00002514: 10:24:55 [TUniServerModule]:Server First Init.
menu.exe: 00002514: 10:24:55 [TUniServerModule]:Starting HTTP Server on Port: 8077...
menu.exe: 00002514: 10:24:55 [TUniServerModule]:HTTP Server Started on Port: 8077
menu.exe: 00001DC0: 10:24:59 [127.0.0.1]:EUniSessionException : Invalid session or session Timeout. (Session not found: 1cbId8dsMg10559DB07 ) : Addr: $007CD7E6
menu.exe: 00002514: 10:33:24 [TUniServerModule]:Shutting Down Server.
menu.exe: 00002514: 10:33:24 [TUniServerModule]:Stopping HTTP Server.
menu.exe: 00002514: 10:33:25 [TUniServerModule]:HTTP Server Stopped.
menu.exe: 00002514: 10:33:25 [TUniGUISessionManager]:Terminating Session manager.
menu.exe: 00002514: 10:33:25 [TUniGUISessionManager]:Stopping Cache Eraser...
menu.exe: 00002514: 10:33:25 [TUniGUISessionManager]:Cache Eraser Stopped.
menu.exe: 00002514: 10:33:25 [TUniGUISessionManager]:Destroying Worker Threads.
menu.exe: 00002514: 10:33:25 [TUniGUISessionManager]:Session manager terminated.
menu.exe: 00002514: 10:33:25 [TUniServerModule]:Server Shutdown Completed.
menu.exe: 00002514: 10:33:26 []:<-------------------------------------------------------------->
menu.exe: 00002514: 10:33:26 [Terminated]:Exit Code: 0
menu.exe: 00001D30: 10:49:33 []:>--------------------------------------------------------------<
menu.exe: 00001D30: 10:49:33 [TUniServerModule]:Server First Init.
menu.exe: 00001D30: 10:49:33 [TUniServerModule]:Starting HTTP Server on Port: 8077...
menu.exe: 00001D30: 10:49:33 [TUniServerModule]:HTTP Server Started on Port: 8077
menu.exe: 00000648: 10:49:37 [127.0.0.1]:EUniSessionException : Invalid session or session Timeout. (Session not found: Yha4FBTq8w10559DFEA ) : Addr: $007CD7E6
menu.exe: 00001D30: 10:51:08 [TUniServerModule]:Shutting Down Server.
menu.exe: 00001D30: 10:51:08 [TUniServerModule]:Stopping HTTP Server.
menu.exe: 00001D30: 10:51:09 [TUniServerModule]:HTTP Server Stopped.
menu.exe: 00001D30: 10:51:09 [TUniGUISessionManager]:Terminating Session manager.
menu.exe: 00001D30: 10:51:09 [TUniGUISessionManager]:Stopping Cache Eraser...
menu.exe: 00001D30: 10:51:09 [TUniGUISessionManager]:Cache Eraser Stopped.
menu.exe: 00001D30: 10:51:09 [TUniGUISessionManager]:Destroying Worker Threads.
menu.exe: 00001D30: 10:51:09 [TUniGUISessionManager]:Session manager terminated.
menu.exe: 00001D30: 10:51:09 [TUniServerModule]:Server Shutdown Completed.
menu.exe: 00001D30: 10:51:09 []:<-------------------------------------------------------------->
menu.exe: 00001D30: 10:51:09 [Terminated]:Exit Code: 0
menu.exe: 000012FC: 10:51:21 []:>--------------------------------------------------------------<
menu.exe: 000012FC: 10:51:21 [TUniServerModule]:Server First Init.
menu.exe: 000012FC: 10:51:21 [TUniServerModule]:Debug Mode = ON
menu.exe: 000012FC: 10:51:21 [TUniServerModule]:Starting HTTP Server on Port: 8077...
menu.exe: 000012FC: 10:51:21 [TUniServerModule]:HTTP Server Started on Port: 8077
menu.exe: 00000508: 10:52:20 []:>--------------------------------------------------------------<
menu.exe: 00000508: 10:52:20 [TUniServerModule]:Server First Init.
menu.exe: 00000508: 10:52:20 [TUniServerModule]:Debug Mode = ON
menu.exe: 00000508: 10:52:20 [TUniServerModule]:Global Cache Folder Erased. <1> Files deleted.
menu.exe: 00000508: 10:52:20 [TUniServerModule]:Starting HTTP Server on Port: 8077...
menu.exe: 00000508: 10:52:20 [TUniServerModule]:HTTP Server Started on Port: 8077
menu.exe: 00001650: 10:53:12 []:>--------------------------------------------------------------<
menu.exe: 00001650: 10:53:12 [TUniServerModule]:Server First Init.
menu.exe: 00001650: 10:53:12 [TUniServerModule]:Global Cache Folder Erased. <4> Files deleted.
menu.exe: 00001650: 10:53:13 [TUniServerModule]:Starting HTTP Server on Port: 8077...
menu.exe: 00001650: 10:53:13 [TUniServerModule]:HTTP Server Started on Port: 8077
menu.exe: 00002018: 10:53:17 [127.0.0.1]:EUniSessionException : Invalid session or session Timeout. (Session not found: SI5qB2PXmE10559E75D ) : Addr: $007CD7E6
menu.exe: 00001650: 10:54:13 [TUniServerModule]:Shutting Down Server.
menu.exe: 00001650: 10:54:13 [TUniServerModule]:Stopping HTTP Server.
menu.exe: 00001650: 10:54:14 [TUniServerModule]:HTTP Server Stopped.
menu.exe: 00001650: 10:54:14 [TUniGUISessionManager]:Terminating Session manager.
menu.exe: 00001650: 10:54:14 [TUniGUISessionManager]:Stopping Cache Eraser...
menu.exe: 00001650: 10:54:14 [TUniGUISessionManager]:Cache Eraser Stopped.
menu.exe: 00001650: 10:54:14 [TUniGUISessionManager]:Destroying Worker Threads.
menu.exe: 00001650: 10:54:14 [TUniGUISessionManager]:Session manager terminated.
menu.exe: 00001650: 10:54:14 [TUniServerModule]:Server Shutdown Completed.
menu.exe: 00001650: 10:54:14 []:<-------------------------------------------------------------->
menu.exe: 00001650: 10:54:14 [Terminated]:Exit Code: 0
menu.exe: 00001BC8: 10:54:23 []:>--------------------------------------------------------------<
menu.exe: 00001BC8: 10:54:23 [TUniServerModule]:Server First Init.
menu.exe: 00001BC8: 10:54:23 [TUniServerModule]:Starting HTTP Server on Port: 8077...
menu.exe: 00001BC8: 10:54:23 [TUniServerModule]:HTTP Server Started on Port: 8077
menu.exe: 00001F58: 10:54:28 [127.0.0.1]:EUniSessionException : Invalid session or session Timeout. (Session not found: lYjEQVpqFb10559E797 ) : Addr: $007CD7E6
menu.exe: 00001BC8: 10:56:05 [TUniServerModule]:Shutting Down Server.
menu.exe: 00001BC8: 10:56:05 [TUniServerModule]:Stopping HTTP Server.
menu.exe: 00001BC8: 10:56:06 [TUniServerModule]:HTTP Server Stopped.
menu.exe: 00001BC8: 10:56:06 [TUniGUISessionManager]:Terminating Session manager.
menu.exe: 00001BC8: 10:56:06 [TUniGUISessionManager]:Stopping Cache Eraser...
menu.exe: 00001BC8: 10:56:06 [TUniGUISessionManager]:Cache Eraser Stopped.
menu.exe: 00001BC8: 10:56:06 [TUniGUISessionManager]:Destroying Worker Threads.
menu.exe: 00001BC8: 10:56:06 [TUniGUISessionManager]:Session manager terminated.
menu.exe: 00001BC8: 10:56:06 [TUniServerModule]:Server Shutdown Completed.
menu.exe: 00001BC8: 10:56:06 []:<-------------------------------------------------------------->
menu.exe: 00001BC8: 10:56:06 [Terminated]:Exit Code: 0
menu.exe: 00001A8C: 10:56:15 []:>--------------------------------------------------------------<
menu.exe: 00001A8C: 10:56:15 [TUniServerModule]:Server First Init.
menu.exe: 00001A8C: 10:56:15 [TUniServerModule]:Starting HTTP Server on Port: 8077...
menu.exe: 00001A8C: 10:56:15 [TUniServerModule]:HTTP Server Started on Port: 8077
menu.exe: 00000B14: 10:56:19 [127.0.0.1]:EUniSessionException : Invalid session or session Timeout. (Session not found: DAaU8iaAxU10559E7E9 ) : Addr: $007CD7E6
menu.exe: 00001A8C: 10:56:45 [TUniServerModule]:Shutting Down Server.
menu.exe: 00001A8C: 10:56:45 [TUniServerModule]:Stopping HTTP Server.
menu.exe: 00001A8C: 10:56:46 [TUniServerModule]:HTTP Server Stopped.
menu.exe: 00001A8C: 10:56:46 [TUniGUISessionManager]:Terminating Session manager.
menu.exe: 00001A8C: 10:56:46 [TUniGUISessionManager]:Stopping Cache Eraser...
menu.exe: 00001A8C: 10:56:46 [TUniGUISessionManager]:Cache Eraser Stopped.
menu.exe: 00001A8C: 10:56:47 [TUniGUISessionManager]:Destroying Worker Threads.
menu.exe: 00001A8C: 10:56:47 [TUniGUISessionManager]:Session manager terminated.
menu.exe: 00001A8C: 10:56:47 [TUniServerModule]:Server Shutdown Completed.
menu.exe: 00001A8C: 10:56:47 []:<-------------------------------------------------------------->
menu.exe: 00001A8C: 10:56:47 [Terminated]:Exit Code: 0
menu.exe: 00001AA0: 10:58:19 []:>--------------------------------------------------------------<
menu.exe: 00001AA0: 10:58:19 [TUniServerModule]:Server First Init.
menu.exe: 00001AA0: 10:58:19 [TUniServerModule]:Starting HTTP Server on Port: 8077...
menu.exe: 00001AA0: 10:58:19 [TUniServerModule]:HTTP Server Started on Port: 8077
menu.exe: 00000100: 10:58:22 [127.0.0.1]:EUniSessionException : Invalid session or session Timeout. (Session not found: Mij8sJfF2D10559E869 ) : Addr: $007CD7E6
menu.exe: 00001AA0: 10:58:42 [TUniServerModule]:Shutting Down Server.
menu.exe: 00001AA0: 10:58:42 [TUniServerModule]:Stopping HTTP Server.
menu.exe: 00001AA0: 10:58:43 [TUniServerModule]:HTTP Server Stopped.
menu.exe: 00001AA0: 10:58:43 [TUniGUISessionManager]:Terminating Session manager.
menu.exe: 00001AA0: 10:58:43 [TUniGUISessionManager]:Stopping Cache Eraser...
menu.exe: 00001AA0: 10:58:43 [TUniGUISessionManager]:Cache Eraser Stopped.
menu.exe: 00001AA0: 10:58:43 [TUniGUISessionManager]:Destroying Worker Threads.
menu.exe: 00001AA0: 10:58:43 [TUniGUISessionManager]:Session manager terminated.
menu.exe: 00001AA0: 10:58:43 [TUniServerModule]:Server Shutdown Completed.
menu.exe: 00001AA0: 10:58:43 []:<-------------------------------------------------------------->
menu.exe: 00001AA0: 10:58:43 [Terminated]:Exit Code: 0
menu.exe: 00000730: 10:59:25 []:>--------------------------------------------------------------<
menu.exe: 00000730: 10:59:25 [TUniServerModule]:Server First Init.
menu.exe: 00000730: 10:59:25 [TUniServerModule]:Debug Mode = ON
menu.exe: 00000730: 10:59:25 [TUniServerModule]:Starting HTTP Server on Port: 8077...
menu.exe: 00000730: 10:59:25 [TUniServerModule]:HTTP Server Started on Port: 8077
menu.exe: 00000264: 11:02:18 [127.0.0.1]:EUniSessionException : Invalid session or session Timeout. (Session not found: cqXJugBB7E10559E8F8 ) : Addr: $007CD7E6
menu.exe: 00002488: 11:03:03 []:>--------------------------------------------------------------<
menu.exe: 00002488: 11:03:03 [TUniServerModule]:Server First Init.
menu.exe: 00002488: 11:03:03 [TUniServerModule]:Global Cache Folder Erased. <2> Files deleted.
menu.exe: 00002488: 11:03:03 [TUniServerModule]:Starting HTTP Server on Port: 8077...
menu.exe: 00002488: 11:03:03 [TUniServerModule]:HTTP Server Started on Port: 8077
menu.exe: 00001238: 11:03:05 [127.0.0.1]:EUniSessionException : Invalid session or session Timeout. (Session not found: nIJFqzoySZ10559E948 ) : Addr: $007CD7E6
menu.exe: 00002488: 11:04:32 [TUniServerModule]:Shutting Down Server.
menu.exe: 00002488: 11:04:32 [TUniServerModule]:Stopping HTTP Server.
menu.exe: 00002488: 11:04:33 [TUniServerModule]:HTTP Server Stopped.
menu.exe: 00002488: 11:04:33 [TUniGUISessionManager]:Terminating Session manager.
menu.exe: 00002488: 11:04:33 [TUniGUISessionManager]:Stopping Cache Eraser...
menu.exe: 00002488: 11:04:33 [TUniGUISessionManager]:Cache Eraser Stopped.
menu.exe: 00002488: 11:04:33 [TUniGUISessionManager]:Destroying Worker Threads.
menu.exe: 00002488: 11:04:33 [TUniGUISessionManager]:Session manager terminated.
menu.exe: 00002488: 11:04:33 [TUniServerModule]:Server Shutdown Completed.
menu.exe: 00002488: 11:04:33 []:<-------------------------------------------------------------->
menu.exe: 00002488: 11:04:33 [Terminated]:Exit Code: 0
menu.exe: 00001B2C: 11:04:42 []:>--------------------------------------------------------------<
menu.exe: 00001B2C: 11:04:42 [TUniServerModule]:Server First Init.
menu.exe: 00001B2C: 11:04:42 [TUniServerModule]:Starting HTTP Server on Port: 8077...
menu.exe: 00001B2C: 11:04:42 [TUniServerModule]:HTTP Server Started on Port: 8077
menu.exe: 000026B4: 11:04:47 [127.0.0.1]:EUniSessionException : Invalid session or session Timeout. (Session not found: uW1KtyDdDS10559EA40 ) : Addr: $007CD7E6
menu.exe: 00001B2C: 11:04:58 [TUniServerModule]:Shutting Down Server.
menu.exe: 00001B2C: 11:04:58 [TUniServerModule]:Stopping HTTP Server.
menu.exe: 00001B2C: 11:04:59 [TUniServerModule]:HTTP Server Stopped.
menu.exe: 00001B2C: 11:04:59 [TUniGUISessionManager]:Terminating Session manager.
menu.exe: 00001B2C: 11:04:59 [TUniGUISessionManager]:Stopping Cache Eraser...
menu.exe: 00001B2C: 11:04:59 [TUniGUISessionManager]:Cache Eraser Stopped.
menu.exe: 00001B2C: 11:04:59 [TUniGUISessionManager]:Destroying Worker Threads.
menu.exe: 00001B2C: 11:04:59 [TUniGUISessionManager]:Session manager terminated.
menu.exe: 00001B2C: 11:04:59 [TUniServerModule]:Server Shutdown Completed.
menu.exe: 00001B2C: 11:04:59 []:<-------------------------------------------------------------->
menu.exe: 00001B2C: 11:04:59 [Terminated]:Exit Code: 0
menu.exe: 00001E68: 11:06:19 []:>--------------------------------------------------------------<
menu.exe: 00001E68: 11:06:19 [TUniServerModule]:Server First Init.
menu.exe: 00001E68: 11:06:19 [TUniServerModule]:Debug Mode = ON
menu.exe: 00001E68: 11:06:19 [TUniServerModule]:Starting HTTP Server on Port: 8077...
menu.exe: 00001E68: 11:06:19 [TUniServerModule]:HTTP Server Started on Port: 8077
menu.exe: 00002088: 11:06:31 [127.0.0.1]:EUniSessionException : Invalid session or session Timeout. (Session not found: 9LT88VgrJk10559EAB6 ) : Addr: $007CD7E6
menu.exe: 00001E68: 11:06:38 [TUniServerModule]:Shutting Down Server.
menu.exe: 00001E68: 11:06:38 [TUniServerModule]:Stopping HTTP Server.
menu.exe: 00001E68: 11:06:38 [TUniServerModule]:HTTP Server Stopped.
menu.exe: 00001E68: 11:06:38 [TUniGUISessionManager]:Terminating Session manager.
menu.exe: 00001E68: 11:06:38 [TUniGUISessionManager]:Stopping Cache Eraser...
menu.exe: 00001E68: 11:06:38 [TUniGUISessionManager]:Cache Eraser Stopped.
menu.exe: 00001E68: 11:06:38 [TUniGUISessionManager]:Destroying Worker Threads.
menu.exe: 00001E68: 11:06:38 [TUniGUISessionManager]:Session manager terminated.
menu.exe: 00001E68: 11:06:39 [TUniServerModule]:Server Shutdown Completed.
menu.exe: 00001E68: 11:06:39 []:<-------------------------------------------------------------->
menu.exe: 00001E68: 11:06:39 [Terminated]:Exit Code: 0
menu.exe: 000006BC: 11:07:42 []:>--------------------------------------------------------------<
menu.exe: 000006BC: 11:07:42 [TUniServerModule]:Server First Init.
menu.exe: 000006BC: 11:07:42 [TUniServerModule]:Starting HTTP Server on Port: 8077...
menu.exe: 000006BC: 11:07:42 [TUniServerModule]:HTTP Server Started on Port: 8077
menu.exe: 00002398: 11:07:45 [127.0.0.1]:EUniSessionException : Invalid session or session Timeout. (Session not found: FFpvkgoKZ110559EB26 ) : Addr: $007CD7E6
menu.exe: 000006BC: 11:07:52 [TUniServerModule]:Shutting Down Server.
menu.exe: 000006BC: 11:07:52 [TUniServerModule]:Stopping HTTP Server.
menu.exe: 000006BC: 11:07:53 [TUniServerModule]:HTTP Server Stopped.
menu.exe: 000006BC: 11:07:53 [TUniGUISessionManager]:Terminating Session manager.
menu.exe: 000006BC: 11:07:53 [TUniGUISessionManager]:Stopping Cache Eraser...
menu.exe: 000006BC: 11:07:53 [TUniGUISessionManager]:Cache Eraser Stopped.
menu.exe: 000006BC: 11:07:53 [TUniGUISessionManager]:Destroying Worker Threads.
menu.exe: 000006BC: 11:07:53 [TUniGUISessionManager]:Session manager terminated.
menu.exe: 000006BC: 11:07:53 [TUniServerModule]:Server Shutdown Completed.
menu.exe: 000006BC: 11:07:53 []:<-------------------------------------------------------------->
menu.exe: 000006BC: 11:07:53 [Terminated]:Exit Code: 0
menu.exe: 00000100: 11:08:57 []:>--------------------------------------------------------------<
menu.exe: 00000100: 11:08:57 [TUniServerModule]:Server First Init.
menu.exe: 00000100: 11:08:57 [TUniServerModule]:Starting HTTP Server on Port: 8077...
menu.exe: 00000100: 11:08:57 [TUniServerModule]:HTTP Server Started on Port: 8077
menu.exe: 00002990: 11:08:59 [127.0.0.1]:EUniSessionException : Invalid session or session Timeout. (Session not found: XShw3DnO1v10559EB84 ) : Addr: $007CD7E6
menu.exe: 00000100: 11:09:04 [TUniServerModule]:Shutting Down Server.
menu.exe: 00000100: 11:09:04 [TUniServerModule]:Stopping HTTP Server.
menu.exe: 00000100: 11:09:05 [TUniServerModule]:HTTP Server Stopped.
menu.exe: 00000100: 11:09:05 [TUniGUISessionManager]:Terminating Session manager.
menu.exe: 00000100: 11:09:05 [TUniGUISessionManager]:Stopping Cache Eraser...
menu.exe: 00000100: 11:09:05 [TUniGUISessionManager]:Cache Eraser Stopped.
menu.exe: 00000100: 11:09:05 [TUniGUISessionManager]:Destroying Worker Threads.
menu.exe: 00000100: 11:09:05 [TUniGUISessionManager]:Session manager terminated.
menu.exe: 00000100: 11:09:05 [TUniServerModule]:Server Shutdown Completed.
menu.exe: 00000100: 11:09:05 []:<-------------------------------------------------------------->
menu.exe: 00000100: 11:09:05 [Terminated]:Exit Code: 0
menu.exe: 00000198: 11:09:21 []:>--------------------------------------------------------------<
menu.exe: 00000198: 11:09:21 [TUniServerModule]:Server First Init.
menu.exe: 00000198: 11:09:21 [TUniServerModule]:Starting HTTP Server on Port: 8077...
menu.exe: 00000198: 11:09:21 [TUniServerModule]:HTTP Server Started on Port: 8077
menu.exe: 000020D8: 11:09:24 [127.0.0.1]:EUniSessionException : Invalid session or session Timeout. (Session not found: EscWlAPjQJ10559EBDA ) : Addr: $007CD7E6
menu.exe: 00000198: 11:09:28 [TUniServerModule]:Shutting Down Server.
menu.exe: 00000198: 11:09:28 [TUniServerModule]:Stopping HTTP Server.
menu.exe: 00000198: 11:09:29 [TUniServerModule]:HTTP Server Stopped.
menu.exe: 00000198: 11:09:29 [TUniGUISessionManager]:Terminating Session manager.
menu.exe: 00000198: 11:09:29 [TUniGUISessionManager]:Stopping Cache Eraser...
menu.exe: 00000198: 11:09:29 [TUniGUISessionManager]:Cache Eraser Stopped.
menu.exe: 00000198: 11:09:29 [TUniGUISessionManager]:Destroying Worker Threads.
menu.exe: 00000198: 11:09:29 [TUniGUISessionManager]:Session manager terminated.
menu.exe: 00000198: 11:09:29 [TUniServerModule]:Server Shutdown Completed.
menu.exe: 00000198: 11:09:29 []:<-------------------------------------------------------------->
menu.exe: 00000198: 11:09:29 [Terminated]:Exit Code: 0
menu.exe: 000010F8: 11:09:45 []:>--------------------------------------------------------------<
menu.exe: 000010F8: 11:09:45 [TUniServerModule]:Server First Init.
menu.exe: 000010F8: 11:09:45 [TUniServerModule]:Starting HTTP Server on Port: 8077...
menu.exe: 000010F8: 11:09:45 [TUniServerModule]:HTTP Server Started on Port: 8077
menu.exe: 00001F88: 11:09:47 [127.0.0.1]:EUniSessionException : Invalid session or session Timeout. (Session not found: 7sdEl8sg1y10559EBF6 ) : Addr: $007CD7E6
menu.exe: 000010F8: 11:09:52 [TUniServerModule]:Shutting Down Server.
menu.exe: 000010F8: 11:09:52 [TUniServerModule]:Stopping HTTP Server.
menu.exe: 000010F8: 11:09:53 [TUniServerModule]:HTTP Server Stopped.
menu.exe: 000010F8: 11:09:53 [TUniGUISessionManager]:Terminating Session manager.
menu.exe: 000010F8: 11:09:53 [TUniGUISessionManager]:Stopping Cache Eraser...
menu.exe: 000010F8: 11:09:53 [TUniGUISessionManager]:Cache Eraser Stopped.
menu.exe: 000010F8: 11:09:53 [TUniGUISessionManager]:Destroying Worker Threads.
menu.exe: 000010F8: 11:09:53 [TUniGUISessionManager]:Session manager terminated.
menu.exe: 000010F8: 11:09:53 [TUniServerModule]:Server Shutdown Completed.
menu.exe: 000010F8: 11:09:53 []:<-------------------------------------------------------------->
menu.exe: 000010F8: 11:09:53 [Terminated]:Exit Code: 0
menu.exe: 00000274: 11:10:19 []:>--------------------------------------------------------------<
menu.exe: 00000274: 11:10:19 [TUniServerModule]:Server First Init.
menu.exe: 00000274: 11:10:19 [TUniServerModule]:Starting HTTP Server on Port: 8077...
menu.exe: 00000274: 11:10:19 [TUniServerModule]:HTTP Server Started on Port: 8077
menu.exe: 00000F88: 11:10:23 [127.0.0.1]:EUniSessionException : Invalid session or session Timeout. (Session not found: k5vsPofHmb10559EC12 ) : Addr: $007CD7E6
menu.exe: 00000274: 11:10:27 [TUniServerModule]:Shutting Down Server.
menu.exe: 00000274: 11:10:27 [TUniServerModule]:Stopping HTTP Server.
menu.exe: 00000274: 11:10:28 [TUniServerModule]:HTTP Server Stopped.
menu.exe: 00000274: 11:10:28 [TUniGUISessionManager]:Terminating Session manager.
menu.exe: 00000274: 11:10:28 [TUniGUISessionManager]:Stopping Cache Eraser...
menu.exe: 00000274: 11:10:28 [TUniGUISessionManager]:Cache Eraser Stopped.
menu.exe: 00000274: 11:10:28 [TUniGUISessionManager]:Destroying Worker Threads.
menu.exe: 00000274: 11:10:28 [TUniGUISessionManager]:Session manager terminated.
menu.exe: 00000274: 11:10:28 [TUniServerModule]:Server Shutdown Completed.
menu.exe: 00000274: 11:10:28 []:<-------------------------------------------------------------->
menu.exe: 00000274: 11:10:28 [Terminated]:Exit Code: 0
menu.exe: 000022E4: 11:12:53 []:>--------------------------------------------------------------<
menu.exe: 000022E4: 11:12:53 [TUniServerModule]:Server First Init.
menu.exe: 000022E4: 11:12:54 [TUniServerModule]:Starting HTTP Server on Port: 8077...
menu.exe: 000022E4: 11:12:54 [TUniServerModule]:HTTP Server Started on Port: 8077
menu.exe: 000022E4: 11:12:58 [TUniServerModule]:Shutting Down Server.
menu.exe: 000022E4: 11:12:58 [TUniServerModule]:Stopping HTTP Server.
menu.exe: 000022E4: 11:12:58 [TUniServerModule]:HTTP Server Stopped.
menu.exe: 000022E4: 11:12:58 [TUniGUISessionManager]:Terminating Session manager.
menu.exe: 000022E4: 11:12:58 [TUniGUISessionManager]:Stopping Cache Eraser...
menu.exe: 000022E4: 11:12:58 [TUniGUISessionManager]:Cache Eraser Stopped.
menu.exe: 000022E4: 11:12:58 [TUniGUISessionManager]:Destroying Worker Threads.
menu.exe: 000022E4: 11:12:58 [TUniGUISessionManager]:Session manager terminated.
menu.exe: 000022E4: 11:12:58 [TUniServerModule]:Server Shutdown Completed.
menu.exe: 000022E4: 11:12:58 []:<-------------------------------------------------------------->
menu.exe: 000022E4: 11:12:58 [Terminated]:Exit Code: 0
menu.exe: 000012C8: 11:13:46 []:>--------------------------------------------------------------<
menu.exe: 000012C8: 11:13:46 [TUniServerModule]:Server First Init.
menu.exe: 000012C8: 11:13:46 [TUniServerModule]:Starting HTTP Server on Port: 8077...
menu.exe: 000012C8: 11:13:46 [TUniServerModule]:HTTP Server Started on Port: 8077
menu.exe: 00000F80: 11:13:51 [127.0.0.1]:EUniSessionException : Invalid session or session Timeout. (Session not found: ZOQrcfdtLs10559EC3B ) : Addr: $007CD7E6
menu.exe: 000012C8: 11:13:56 [TUniServerModule]:Shutting Down Server.
menu.exe: 000012C8: 11:13:56 [TUniServerModule]:Stopping HTTP Server.
menu.exe: 000012C8: 11:13:57 [TUniServerModule]:HTTP Server Stopped.
menu.exe: 000012C8: 11:13:57 [TUniGUISessionManager]:Terminating Session manager.
menu.exe: 000012C8: 11:13:57 [TUniGUISessionManager]:Stopping Cache Eraser...
menu.exe: 000012C8: 11:13:57 [TUniGUISessionManager]:Cache Eraser Stopped.
menu.exe: 000012C8: 11:13:57 [TUniGUISessionManager]:Destroying Worker Threads.
menu.exe: 000012C8: 11:13:57 [TUniGUISessionManager]:Session manager terminated.
menu.exe: 000012C8: 11:13:57 [TUniServerModule]:Server Shutdown Completed.
menu.exe: 000012C8: 11:13:57 []:<-------------------------------------------------------------->
menu.exe: 000012C8: 11:13:57 [Terminated]:Exit Code: 0
menu.exe: 00001EB8: 11:15:18 []:>--------------------------------------------------------------<
menu.exe: 00001EB8: 11:15:18 [TUniServerModule]:Server First Init.
menu.exe: 00001EB8: 11:15:19 [TUniServerModule]:Starting HTTP Server on Port: 8077...
menu.exe: 00001EB8: 11:15:19 [TUniServerModule]:HTTP Server Started on Port: 8077
menu.exe: 00001B60: 11:15:21 [127.0.0.1]:EUniSessionException : Invalid session or session Timeout. (Session not found: LgU6z3Ciu510559ED2C ) : Addr: $007CD7E6
menu.exe: 00001EB8: 11:15:25 [TUniServerModule]:Shutting Down Server.
menu.exe: 00001EB8: 11:15:25 [TUniServerModule]:Stopping HTTP Server.
menu.exe: 00001EB8: 11:15:26 [TUniServerModule]:HTTP Server Stopped.
menu.exe: 00001EB8: 11:15:26 [TUniGUISessionManager]:Terminating Session manager.
menu.exe: 00001EB8: 11:15:26 [TUniGUISessionManager]:Stopping Cache Eraser...
menu.exe: 00001EB8: 11:15:26 [TUniGUISessionManager]:Cache Eraser Stopped.
menu.exe: 00001EB8: 11:15:26 [TUniGUISessionManager]:Destroying Worker Threads.
menu.exe: 00001EB8: 11:15:26 [TUniGUISessionManager]:Session manager terminated.
menu.exe: 00001EB8: 11:15:26 [TUniServerModule]:Server Shutdown Completed.
menu.exe: 00001EB8: 11:15:26 []:<-------------------------------------------------------------->
menu.exe: 00001EB8: 11:15:26 [Terminated]:Exit Code: 0
menu.exe: 00002B30: 11:16:29 []:>--------------------------------------------------------------<
menu.exe: 00002B30: 11:16:29 [TUniServerModule]:Server First Init.
menu.exe: 00002B30: 11:16:29 [TUniServerModule]:Starting HTTP Server on Port: 8077...
menu.exe: 00002B30: 11:16:29 [TUniServerModule]:HTTP Server Started on Port: 8077
menu.exe: 00001D94: 11:16:35 [127.0.0.1]:EUniSessionException : Invalid session or session Timeout. (Session not found: DDvtVkEcey10559ED94 ) : Addr: $007CD7E6
menu.exe: 00002B30: 11:16:40 [TUniServerModule]:Shutting Down Server.
menu.exe: 00002B30: 11:16:40 [TUniServerModule]:Stopping HTTP Server.
menu.exe: 00002B30: 11:16:41 [TUniServerModule]:HTTP Server Stopped.
menu.exe: 00002B30: 11:16:41 [TUniGUISessionManager]:Terminating Session manager.
menu.exe: 00002B30: 11:16:41 [TUniGUISessionManager]:Stopping Cache Eraser...
menu.exe: 00002B30: 11:16:41 [TUniGUISessionManager]:Cache Eraser Stopped.
menu.exe: 00002B30: 11:16:41 [127.0.0.1]:Exception raised while destroying session: Access violation at address 00000000 in module 'menu.exe'. Read of address 00000000
menu.exe: 00002B30: 11:16:41 [127.0.0.1]:EAccessViolation : Access violation at address 00000000 in module 'menu.exe'. Read of address 00000000 : Addr: $00000000
menu.exe: 00002B30: 11:16:41 [TUniGUISessionManager]:Destroying Worker Threads.
menu.exe: 00002B30: 11:16:41 [TUniGUISessionManager]:Session manager terminated.
menu.exe: 00002B30: 11:16:41 [TUniServerModule]:Server Shutdown Completed.
menu.exe: 00002B30: 11:16:41 []:<-------------------------------------------------------------->
menu.exe: 00002B30: 11:16:41 [Terminated]:Exit Code: 0
menu.exe: 00002834: 11:18:01 []:>--------------------------------------------------------------<
menu.exe: 00002834: 11:18:02 [TUniServerModule]:Server First Init.
menu.exe: 00002834: 11:18:02 [TUniServerModule]:Starting HTTP Server on Port: 8077...
menu.exe: 00002834: 11:18:02 [TUniServerModule]:HTTP Server Started on Port: 8077
menu.exe: 00001204: 11:18:05 [127.0.0.1]:EUniSessionException : Invalid session or session Timeout. (Session not found: Q1GXIq7c6m10559EDEA ) : Addr: $007CD7E6
menu.exe: 00002834: 11:18:28 [TUniServerModule]:Shutting Down Server.
menu.exe: 00002834: 11:18:28 [TUniServerModule]:Stopping HTTP Server.
menu.exe: 00002834: 11:18:29 [TUniServerModule]:HTTP Server Stopped.
menu.exe: 00002834: 11:18:29 [TUniGUISessionManager]:Terminating Session manager.
menu.exe: 00002834: 11:18:29 [TUniGUISessionManager]:Stopping Cache Eraser...
menu.exe: 00002834: 11:18:29 [TUniGUISessionManager]:Cache Eraser Stopped.
menu.exe: 00002834: 11:18:29 [127.0.0.1]:Exception raised while destroying session: Invalid pointer operation
menu.exe: 00002834: 11:18:29 [127.0.0.1]:EInvalidPointer : Invalid pointer operation : Addr: $00409A01
menu.exe: 00002834: 11:18:29 [127.0.0.1]:Exception raised while destroying session: Invalid pointer operation
menu.exe: 00002834: 11:18:29 [127.0.0.1]:EInvalidPointer : Invalid pointer operation : Addr: $00409A01
menu.exe: 00002834: 11:18:29 [TUniGUISessionManager]:Destroying Worker Threads.
menu.exe: 00002834: 11:18:29 [TUniGUISessionManager]:Session manager terminated.
menu.exe: 00002834: 11:18:29 [TUniServerModule]:Server Shutdown Completed.
menu.exe: 00002834: 11:18:29 []:<-------------------------------------------------------------->
menu.exe: 00002834: 11:18:29 [Terminated]:Exit Code: 0
menu.exe: 00000C10: 11:22:59 []:>--------------------------------------------------------------<
menu.exe: 00000C10: 11:22:59 [TUniServerModule]:Server First Init.
menu.exe: 00000C10: 11:22:59 [TUniServerModule]:Starting HTTP Server on Port: 8077...
menu.exe: 00000C10: 11:22:59 [TUniServerModule]:HTTP Server Started on Port: 8077
menu.exe: 000027A8: 11:23:01 [127.0.0.1]:EUniSessionException : Invalid session or session Timeout. (Session not found: GCOESRFOa410559EE64 ) : Addr: $007CD7E6
menu.exe: 00000C10: 11:23:09 [TUniServerModule]:Shutting Down Server.
menu.exe: 00000C10: 11:23:09 [TUniServerModule]:Stopping HTTP Server.
menu.exe: 00000C10: 11:23:10 [TUniServerModule]:HTTP Server Stopped.
menu.exe: 00000C10: 11:23:10 [TUniGUISessionManager]:Terminating Session manager.
menu.exe: 00000C10: 11:23:10 [TUniGUISessionManager]:Stopping Cache Eraser...
menu.exe: 00000C10: 11:23:10 [TUniGUISessionManager]:Cache Eraser Stopped.
menu.exe: 00000C10: 11:23:10 [TUniGUISessionManager]:Destroying Worker Threads.
menu.exe: 00000C10: 11:23:10 [TUniGUISessionManager]:Session manager terminated.
menu.exe: 00000C10: 11:23:10 [TUniServerModule]:Server Shutdown Completed.
menu.exe: 00000C10: 11:23:10 []:<-------------------------------------------------------------->
menu.exe: 00000C10: 11:23:10 [Terminated]:Exit Code: 0
menu.exe: 00001AD4: 11:24:01 []:>--------------------------------------------------------------<
menu.exe: 00001AD4: 11:24:01 [TUniServerModule]:Server First Init.
menu.exe: 00001AD4: 11:24:01 [TUniServerModule]:Starting HTTP Server on Port: 8077...
menu.exe: 00001AD4: 11:24:01 [TUniServerModule]:HTTP Server Started on Port: 8077
menu.exe: 0000204C: 11:24:04 [127.0.0.1]:EUniSessionException : Invalid session or session Timeout. (Session not found: pKi253GLNu10559EFA8 ) : Addr: $007CD7E6
menu.exe: 00001AD4: 11:24:10 [TUniServerModule]:Shutting Down Server.
menu.exe: 00001AD4: 11:24:10 [TUniServerModule]:Stopping HTTP Server.
menu.exe: 00001AD4: 11:24:11 [TUniServerModule]:HTTP Server Stopped.
menu.exe: 00001AD4: 11:24:11 [TUniGUISessionManager]:Terminating Session manager.
menu.exe: 00001AD4: 11:24:11 [TUniGUISessionManager]:Stopping Cache Eraser...
menu.exe: 00001AD4: 11:24:11 [TUniGUISessionManager]:Cache Eraser Stopped.
menu.exe: 00001AD4: 11:24:11 [TUniGUISessionManager]:Destroying Worker Threads.
menu.exe: 00001AD4: 11:24:12 [TUniGUISessionManager]:Session manager terminated.
menu.exe: 00001AD4: 11:24:12 [TUniServerModule]:Server Shutdown Completed.
menu.exe: 00001AD4: 11:24:12 []:<-------------------------------------------------------------->
menu.exe: 00001AD4: 11:24:12 [Terminated]:Exit Code: 0
menu.exe: 00001F9C: 11:27:42 []:>--------------------------------------------------------------<
menu.exe: 00001F9C: 11:27:42 [TUniServerModule]:Server First Init.
menu.exe: 00001F9C: 11:27:42 [TUniServerModule]:Starting HTTP Server on Port: 8077...
menu.exe: 00001F9C: 11:27:42 [TUniServerModule]:HTTP Server Started on Port: 8077
menu.exe: 00002870: 11:27:46 [127.0.0.1]:EUniSessionException : Invalid session or session Timeout. (Session not found: mUPCbRtoNI10559EFF1 ) : Addr: $007CD7E6
menu.exe: 00001F9C: 11:27:53 [TUniServerModule]:Shutting Down Server.
menu.exe: 00001F9C: 11:27:53 [TUniServerModule]:Stopping HTTP Server.
menu.exe: 00001F9C: 11:27:55 [TUniServerModule]:HTTP Server Stopped.
menu.exe: 00001F9C: 11:27:55 [TUniGUISessionManager]:Terminating Session manager.
menu.exe: 00001F9C: 11:27:55 [TUniGUISessionManager]:Stopping Cache Eraser...
menu.exe: 00001F9C: 11:27:55 [TUniGUISessionManager]:Cache Eraser Stopped.
menu.exe: 00001F9C: 11:27:55 [TUniGUISessionManager]:Destroying Worker Threads.
menu.exe: 00001F9C: 11:27:55 [TUniGUISessionManager]:Session manager terminated.
menu.exe: 00001F9C: 11:27:55 [TUniServerModule]:Server Shutdown Completed.
menu.exe: 00001F9C: 11:27:55 []:<-------------------------------------------------------------->
menu.exe: 00001F9C: 11:27:55 [Terminated]:Exit Code: 0
menu.exe: 0000239C: 11:29:07 []:>--------------------------------------------------------------<
menu.exe: 0000239C: 11:29:07 [TUniServerModule]:Server First Init.
menu.exe: 0000239C: 11:29:07 [TUniServerModule]:Starting HTTP Server on Port: 8077...
menu.exe: 0000239C: 11:29:07 [TUniServerModule]:HTTP Server Started on Port: 8077
menu.exe: 000003E0: 11:29:12 [127.0.0.1]:EUniSessionException : Invalid session or session Timeout. (Session not found: 7HEzrZ4ctg10559F0F2 ) : Addr: $007CD7E6
menu.exe: 00001ACC: 11:29:22 [127.0.0.1]:EUniSessionException : Invalid session or session Timeout. (Session not found: r2wHaIgrJP10559EE51 ) : Addr: $007CD7E6
menu.exe: 0000239C: 11:29:30 [TUniServerModule]:Shutting Down Server.
menu.exe: 0000239C: 11:29:30 [TUniServerModule]:Stopping HTTP Server.
menu.exe: 0000239C: 11:29:31 [TUniServerModule]:HTTP Server Stopped.
menu.exe: 0000239C: 11:29:31 [TUniGUISessionManager]:Terminating Session manager.
menu.exe: 0000239C: 11:29:31 [TUniGUISessionManager]:Stopping Cache Eraser...
menu.exe: 0000239C: 11:29:31 [TUniGUISessionManager]:Cache Eraser Stopped.
menu.exe: 0000239C: 11:29:31 [TUniGUISessionManager]:Destroying Worker Threads.
menu.exe: 0000239C: 11:29:31 [TUniGUISessionManager]:Session manager terminated.
menu.exe: 0000239C: 11:29:31 [TUniServerModule]:Server Shutdown Completed.
menu.exe: 0000239C: 11:29:31 []:<-------------------------------------------------------------->
menu.exe: 0000239C: 11:29:31 [Terminated]:Exit Code: 0
menu.exe: 00000E4C: 11:35:21 []:>--------------------------------------------------------------<
menu.exe: 00000E4C: 11:35:21 [TUniServerModule]:Server First Init.
menu.exe: 00000E4C: 11:35:21 [TUniServerModule]:Starting HTTP Server on Port: 8077...
menu.exe: 00000E4C: 11:35:21 [TUniServerModule]:HTTP Server Started on Port: 8077
menu.exe: 00000970: 11:35:25 [127.0.0.1]:EUniSessionException : Invalid session or session Timeout. (Session not found: xDkTR2BkQg10559F162 ) : Addr: $007CD7E6
menu.exe: 00000E4C: 11:35:31 [TUniServerModule]:Shutting Down Server.
menu.exe: 00000E4C: 11:35:31 [TUniServerModule]:Stopping HTTP Server.
menu.exe: 00000E4C: 11:35:32 [TUniServerModule]:HTTP Server Stopped.
menu.exe: 00000E4C: 11:35:32 [TUniGUISessionManager]:Terminating Session manager.
menu.exe: 00000E4C: 11:35:32 [TUniGUISessionManager]:Stopping Cache Eraser...
menu.exe: 00000E4C: 11:35:32 [TUniGUISessionManager]:Cache Eraser Stopped.
menu.exe: 00000E4C: 11:35:32 [TUniGUISessionManager]:Destroying Worker Threads.
menu.exe: 00000E4C: 11:35:32 [TUniGUISessionManager]:Session manager terminated.
menu.exe: 00000E4C: 11:35:32 [TUniServerModule]:Server Shutdown Completed.
menu.exe: 00000E4C: 11:35:32 []:<-------------------------------------------------------------->
menu.exe: 00000E4C: 11:35:32 [Terminated]:Exit Code: 0
menu.exe: 000004FC: 11:41:14 []:>--------------------------------------------------------------<
menu.exe: 000004FC: 11:41:14 [TUniServerModule]:Server First Init.
menu.exe: 000004FC: 11:41:14 [TUniServerModule]:Starting HTTP Server on Port: 8077...
menu.exe: 000004FC: 11:41:14 [TUniServerModule]:HTTP Server Started on Port: 8077
menu.exe: 000021B4: 11:41:17 [127.0.0.1]:EAccessViolation : Access violation at address 00409AF4 in module 'menu.exe'. Read of address FFFFFFFE : Addr: $00409AF4
menu.exe: 000021B4: 11:41:17 [127.0.0.1]:EUniSessionException : Invalid session or session Timeout. (Session not found: rf6XiYzYl710559F305 ) : Addr: $007CD7E6
menu.exe: 000004FC: 11:41:23 [TUniServerModule]:Shutting Down Server.
menu.exe: 000004FC: 11:41:23 [TUniServerModule]:Stopping HTTP Server.
menu.exe: 000004FC: 11:41:24 [TUniServerModule]:HTTP Server Stopped.
menu.exe: 000004FC: 11:41:24 [TUniGUISessionManager]:Terminating Session manager.
menu.exe: 000004FC: 11:41:24 [TUniGUISessionManager]:Stopping Cache Eraser...
menu.exe: 000004FC: 11:41:24 [TUniGUISessionManager]:Cache Eraser Stopped.
menu.exe: 000004FC: 11:41:24 [TUniGUISessionManager]:Destroying Worker Threads.
menu.exe: 000004FC: 11:41:24 [TUniGUISessionManager]:Session manager terminated.
menu.exe: 000004FC: 11:41:24 [TUniServerModule]:Server Shutdown Completed.
menu.exe: 000004FC: 11:41:24 []:<-------------------------------------------------------------->
menu.exe: 000004FC: 11:41:24 [Terminated]:Exit Code: 0
menu.exe: 00000EFC: 11:42:29 []:>--------------------------------------------------------------<
menu.exe: 00000EFC: 11:42:29 [TUniServerModule]:Server First Init.
menu.exe: 00000EFC: 11:42:29 [TUniServerModule]:Starting HTTP Server on Port: 8077...
menu.exe: 00000EFC: 11:42:29 [TUniServerModule]:HTTP Server Started on Port: 8077
menu.exe: 00000F24: 11:42:33 [127.0.0.1]:EUniSessionException : Invalid session or session Timeout. (Session not found: YjMMI9smC610559F49D ) : Addr: $007CD7E6
menu.exe: 00000EFC: 11:42:40 [TUniServerModule]:Shutting Down Server.
menu.exe: 00000EFC: 11:42:40 [TUniServerModule]:Stopping HTTP Server.
menu.exe: 00000EFC: 11:42:41 [TUniServerModule]:HTTP Server Stopped.
menu.exe: 00000EFC: 11:42:41 [TUniGUISessionManager]:Terminating Session manager.
menu.exe: 00000EFC: 11:42:41 [TUniGUISessionManager]:Stopping Cache Eraser...
menu.exe: 00000EFC: 11:42:41 [TUniGUISessionManager]:Cache Eraser Stopped.
menu.exe: 00000EFC: 11:42:41 [TUniGUISessionManager]:Destroying Worker Threads.
menu.exe: 00000EFC: 11:42:41 [TUniGUISessionManager]:Session manager terminated.
menu.exe: 00000EFC: 11:42:41 [TUniServerModule]:Server Shutdown Completed.
menu.exe: 00000EFC: 11:42:41 []:<-------------------------------------------------------------->
menu.exe: 00000EFC: 11:42:41 [Terminated]:Exit Code: 0
menu.exe: 000029D0: 11:43:57 []:>--------------------------------------------------------------<
menu.exe: 000029D0: 11:43:57 [TUniServerModule]:Server First Init.
menu.exe: 000029D0: 11:43:57 [TUniServerModule]:Starting HTTP Server on Port: 8077...
menu.exe: 000029D0: 11:43:57 [TUniServerModule]:HTTP Server Started on Port: 8077
menu.exe: 0000196C: 11:44:02 [127.0.0.1]:EUniSessionException : Invalid session or session Timeout. (Session not found: 4qV56Bo8FT10559F4F5 ) : Addr: $007CD7E6
menu.exe: 000029D0: 11:44:18 [TUniServerModule]:Shutting Down Server.
menu.exe: 000029D0: 11:44:18 [TUniServerModule]:Stopping HTTP Server.
menu.exe: 000029D0: 11:44:19 [TUniServerModule]:HTTP Server Stopped.
menu.exe: 000029D0: 11:44:19 [TUniGUISessionManager]:Terminating Session manager.
menu.exe: 000029D0: 11:44:19 [TUniGUISessionManager]:Stopping Cache Eraser...
menu.exe: 000029D0: 11:44:19 [TUniGUISessionManager]:Cache Eraser Stopped.
menu.exe: 000029D0: 11:44:19 [TUniGUISessionManager]:Destroying Worker Threads.
menu.exe: 000029D0: 11:44:19 [TUniGUISessionManager]:Session manager terminated.
menu.exe: 000029D0: 11:44:19 [TUniServerModule]:Server Shutdown Completed.
menu.exe: 000029D0: 11:44:19 []:<-------------------------------------------------------------->
menu.exe: 000029D0: 11:44:19 [Terminated]:Exit Code: 0
menu.exe: 00000E48: 11:47:05 []:>--------------------------------------------------------------<
menu.exe: 00000E48: 11:47:05 [TUniServerModule]:Server First Init.
menu.exe: 00000E48: 11:47:05 [TUniServerModule]:Starting HTTP Server on Port: 8077...
menu.exe: 00000E48: 11:47:05 [TUniServerModule]:HTTP Server Started on Port: 8077
menu.exe: 00002ABC: 11:47:09 [127.0.0.1]:EUniSessionException : Invalid session or session Timeout. (Session not found: Rel58G7owJ10559F55C ) : Addr: $007CD7E6
menu.exe: 00000E48: 11:47:18 [TUniServerModule]:Shutting Down Server.
menu.exe: 00000E48: 11:47:18 [TUniServerModule]:Stopping HTTP Server.
menu.exe: 00000E48: 11:47:19 [TUniServerModule]:HTTP Server Stopped.
menu.exe: 00000E48: 11:47:19 [TUniGUISessionManager]:Terminating Session manager.
menu.exe: 00000E48: 11:47:19 [TUniGUISessionManager]:Stopping Cache Eraser...
menu.exe: 00000E48: 11:47:19 [TUniGUISessionManager]:Cache Eraser Stopped.
menu.exe: 00000E48: 11:47:19 [TUniGUISessionManager]:Destroying Worker Threads.
menu.exe: 00000E48: 11:47:19 [TUniGUISessionManager]:Session manager terminated.
menu.exe: 00000E48: 11:47:19 [TUniServerModule]:Server Shutdown Completed.
menu.exe: 00000E48: 11:47:19 []:<-------------------------------------------------------------->
menu.exe: 00000E48: 11:47:19 [Terminated]:Exit Code: 0
menu.exe: 00001298: 11:47:39 []:>--------------------------------------------------------------<
menu.exe: 00001298: 11:47:39 [TUniServerModule]:Server First Init.
menu.exe: 00001298: 11:47:39 [TUniServerModule]:Starting HTTP Server on Port: 8077...
menu.exe: 00001298: 11:47:39 [TUniServerModule]:HTTP Server Started on Port: 8077
menu.exe: 00002A58: 11:47:44 [127.0.0.1]:EUniSessionException : Invalid session or session Timeout. (Session not found: MrftpXGa7M10559F634 ) : Addr: $007CD7E6
menu.exe: 00001138: 11:47:47 [127.0.0.1]:EAccessViolation : Access violation at address 00CA8ADB in module 'menu.exe'. Read of address 0000003C : Addr: $00CA8ADB
menu.exe: 00001138: 11:47:53 [127.0.0.1]:EAccessViolation : Access violation at address 00CA8ADB in module 'menu.exe'. Read of address 0000003C : Addr: $00CA8ADB
menu.exe: 00001298: 11:49:46 [TUniServerModule]:Shutting Down Server.
menu.exe: 00001298: 11:49:46 [TUniServerModule]:Stopping HTTP Server.
menu.exe: 00001298: 11:49:47 [TUniServerModule]:HTTP Server Stopped.
menu.exe: 00001298: 11:49:47 [TUniGUISessionManager]:Terminating Session manager.
menu.exe: 00001298: 11:49:47 [TUniGUISessionManager]:Stopping Cache Eraser...
menu.exe: 00001298: 11:49:48 [TUniGUISessionManager]:Cache Eraser Stopped.
menu.exe: 00001298: 11:49:48 [TUniGUISessionManager]:Destroying Worker Threads.
menu.exe: 00001298: 11:49:48 [TUniGUISessionManager]:Session manager terminated.
menu.exe: 00001298: 11:49:48 [TUniServerModule]:Server Shutdown Completed.
menu.exe: 00001298: 11:49:48 []:<-------------------------------------------------------------->
menu.exe: 00001298: 11:49:48 [Terminated]:Exit Code: 0
menu.exe: 0000157C: 11:49:54 []:>--------------------------------------------------------------<
menu.exe: 0000157C: 11:49:54 [TUniServerModule]:Server First Init.
menu.exe: 0000157C: 11:49:54 [TUniServerModule]:Starting HTTP Server on Port: 8077...
menu.exe: 0000157C: 11:49:54 [TUniServerModule]:HTTP Server Started on Port: 8077
menu.exe: 00001378: 11:49:58 [127.0.0.1]:EUniSessionException : Invalid session or session Timeout. (Session not found: EPwIy7gdf910559F65C ) : Addr: $007CD7E6
menu.exe: 00000F5C: 11:50:01 [127.0.0.1]:EComponentError : A component named UniFrame already exists : Addr: $0048AF46
menu.exe: 00000F5C: 11:50:14 [127.0.0.1]:EComponentError : A component named UniFrame already exists : Addr: $0048AF46
menu.exe: 00000F5C: 11:50:24 [127.0.0.1]:EComponentError : A component named UniFrame already exists : Addr: $0048AF46
menu.exe: 0000157C: 11:50:59 [TUniServerModule]:Shutting Down Server.
menu.exe: 0000157C: 11:50:59 [TUniServerModule]:Stopping HTTP Server.
menu.exe: 0000157C: 11:51:00 [TUniServerModule]:HTTP Server Stopped.
menu.exe: 0000157C: 11:51:00 [TUniGUISessionManager]:Terminating Session manager.
menu.exe: 0000157C: 11:51:00 [TUniGUISessionManager]:Stopping Cache Eraser...
menu.exe: 0000157C: 11:51:00 [TUniGUISessionManager]:Cache Eraser Stopped.
menu.exe: 0000157C: 11:51:00 [TUniGUISessionManager]:Destroying Worker Threads.
menu.exe: 0000157C: 11:51:00 [TUniGUISessionManager]:Session manager terminated.
menu.exe: 0000157C: 11:51:00 [TUniServerModule]:Server Shutdown Completed.
menu.exe: 0000157C: 11:51:00 []:<-------------------------------------------------------------->
menu.exe: 0000157C: 11:51:00 [Terminated]:Exit Code: 0
menu.exe: 000022E4: 12:00:48 []:>--------------------------------------------------------------<
menu.exe: 000022E4: 12:00:48 [TUniServerModule]:Server First Init.
menu.exe: 000022E4: 12:00:48 [TUniServerModule]:Starting HTTP Server on Port: 8077...
menu.exe: 000022E4: 12:00:48 [TUniServerModule]:HTTP Server Started on Port: 8077
menu.exe: 00002248: 12:00:59 [127.0.0.1]:EUniSessionException : Invalid session or session Timeout. (Session not found: KsfqvpRWVi10559F6F7 ) : Addr: $007CD7E6
menu.exe: 00001FAC: 12:01:03 [127.0.0.1]:EComponentError : A component named UniFrame already exists : Addr: $0048AF46
menu.exe: 000022E4: 12:02:38 [TUniServerModule]:Shutting Down Server.
menu.exe: 000022E4: 12:02:38 [TUniServerModule]:Stopping HTTP Server.
menu.exe: 000022E4: 12:02:39 [TUniServerModule]:HTTP Server Stopped.
menu.exe: 000022E4: 12:02:39 [TUniGUISessionManager]:Terminating Session manager.
menu.exe: 000022E4: 12:02:39 [TUniGUISessionManager]:Stopping Cache Eraser...
menu.exe: 000022E4: 12:02:39 [TUniGUISessionManager]:Cache Eraser Stopped.
menu.exe: 000022E4: 12:02:39 [TUniGUISessionManager]:Destroying Worker Threads.
menu.exe: 000022E4: 12:02:39 [TUniGUISessionManager]:Session manager terminated.
menu.exe: 000022E4: 12:02:39 [TUniServerModule]:Server Shutdown Completed.
menu.exe: 000022E4: 12:02:39 []:<-------------------------------------------------------------->
menu.exe: 000022E4: 12:02:39 [Terminated]:Exit Code: 0
menu.exe: 00000020: 12:02:50 []:>--------------------------------------------------------------<
menu.exe: 00000020: 12:02:50 [TUniServerModule]:Server First Init.
menu.exe: 00000020: 12:02:50 [TUniServerModule]:Debug Mode = ON
menu.exe: 00000020: 12:02:50 [TUniServerModule]:Starting HTTP Server on Port: 8077...
menu.exe: 00000020: 12:02:50 [TUniServerModule]:HTTP Server Started on Port: 8077
menu.exe: 000019A0: 12:02:57 [127.0.0.1]:EUniSessionException : Invalid session or session Timeout. (Session not found: yIDw1tNYHg10559F9F4 ) : Addr: $007CD7E6
menu.exe: 0000235C: 12:03:53 [127.0.0.1]:EComponentError : A component named UniFrame already exists : Addr: $0048AF46
menu.exe: 00002264: 12:04:41 []:>--------------------------------------------------------------<
menu.exe: 00002264: 12:04:42 [TUniServerModule]:Server First Init.
menu.exe: 00002264: 12:04:42 [TUniServerModule]:Debug Mode = ON
menu.exe: 00002264: 12:04:42 [TUniServerModule]:Global Cache Folder Erased. <5> Files deleted.
menu.exe: 00002264: 12:04:42 [TUniServerModule]:Starting HTTP Server on Port: 8077...
menu.exe: 00002264: 12:04:42 [TUniServerModule]:HTTP Server Started on Port: 8077
menu.exe: 00001BB0: 12:04:44 [127.0.0.1]:EUniSessionException : Invalid session or session Timeout. (Session not found: ZoHVrHxZTZ10559FA81 ) : Addr: $007CD7E6
menu.exe: 00001688: 12:04:47 [127.0.0.1]:EUniSessionException : Invalid session or session Timeout. (Session not found: ZoHVrHxZTZ10559FA81 ) : Addr: $007CD7E6
menu.exe: 0000254C: 12:05:41 [127.0.0.1]:EComponentError : A component named UniFrame already exists : Addr: $0048AF46
menu.exe: 000028C0: 12:06:03 [127.0.0.1]:EComponentError : A component named UniFrame already exists : Addr: $0048AF46
menu.exe: 00000BB0: 12:06:41 []:>--------------------------------------------------------------<
menu.exe: 00000BB0: 12:06:41 [TUniServerModule]:Server First Init.
menu.exe: 00000BB0: 12:06:41 [TUniServerModule]:Debug Mode = ON
menu.exe: 00000BB0: 12:06:41 [TUniServerModule]:Global Cache Folder Erased. <6> Files deleted.
menu.exe: 00000BB0: 12:06:41 [TUniServerModule]:Starting HTTP Server on Port: 8077...
menu.exe: 00000BB0: 12:06:41 [TUniServerModule]:HTTP Server Started on Port: 8077
menu.exe: 00001A8C: 12:06:50 [127.0.0.1]:EUniSessionException : Invalid session or session Timeout. (Session not found: 4tbpQTa2L410559FB02 ) : Addr: $007CD7E6
menu.exe: 00002704: 12:06:59 [127.0.0.1]:EComponentError : A component named UniFrame already exists : Addr: $0048AF46
menu.exe: 00000D94: 12:07:17 []:>--------------------------------------------------------------<
menu.exe: 00000D94: 12:07:17 [TUniServerModule]:Server First Init.
menu.exe: 00000D94: 12:07:17 [TUniServerModule]:Global Cache Folder Erased. <5> Files deleted.
menu.exe: 00000D94: 12:07:17 [TUniServerModule]:Starting HTTP Server on Port: 8077...
menu.exe: 00000D94: 12:07:17 [TUniServerModule]:HTTP Server Started on Port: 8077
menu.exe: 00002574: 12:07:46 [127.0.0.1]:EUniSessionException : Invalid session or session Timeout. (Session not found: 5hiEakIct910559FB88 ) : Addr: $007CD7E6
menu.exe: 00000D94: 12:08:11 [TUniServerModule]:Shutting Down Server.
menu.exe: 00000D94: 12:08:11 [TUniServerModule]:Stopping HTTP Server.
menu.exe: 00000D94: 12:08:12 [TUniServerModule]:HTTP Server Stopped.
menu.exe: 00000D94: 12:08:12 [TUniGUISessionManager]:Terminating Session manager.
menu.exe: 00000D94: 12:08:12 [TUniGUISessionManager]:Stopping Cache Eraser...
menu.exe: 00000D94: 12:08:13 [TUniGUISessionManager]:Cache Eraser Stopped.
menu.exe: 00000D94: 12:08:13 [TUniGUISessionManager]:Destroying Worker Threads.
menu.exe: 00000D94: 12:08:13 [TUniGUISessionManager]:Session manager terminated.
menu.exe: 00000D94: 12:08:13 [TUniServerModule]:Server Shutdown Completed.
menu.exe: 00000D94: 12:08:13 []:<-------------------------------------------------------------->
menu.exe: 00000D94: 12:08:13 [Terminated]:Exit Code: 0
menu.exe: 0000131C: 12:08:22 []:>--------------------------------------------------------------<
menu.exe: 0000131C: 12:08:22 [TUniServerModule]:Server First Init.
menu.exe: 0000131C: 12:08:22 [TUniServerModule]:Starting HTTP Server on Port: 8077...
menu.exe: 0000131C: 12:08:22 [TUniServerModule]:HTTP Server Started on Port: 8077
menu.exe: 00002088: 12:08:28 [127.0.0.1]:EUniSessionException : Invalid session or session Timeout. (Session not found: StaI3INstr10559FBCC ) : Addr: $007CD7E6
menu.exe: 00000524: 12:08:31 [127.0.0.1]:EClassNotFound : Class tuniframe3 not found : Addr: $004686FA
menu.exe: 00000524: 12:08:38 [127.0.0.1]:EClassNotFound : Class tuniframe4 not found : Addr: $004686FA
menu.exe: 00002088: 12:09:47 [127.0.0.1]:EClassNotFound : Class tuniframe3 not found : Addr: $004686FA
menu.exe: 0000131C: 12:10:02 [TUniServerModule]:Shutting Down Server.
menu.exe: 0000131C: 12:10:02 [TUniServerModule]:Stopping HTTP Server.
menu.exe: 0000131C: 12:10:03 [TUniServerModule]:HTTP Server Stopped.
menu.exe: 0000131C: 12:10:03 [TUniGUISessionManager]:Terminating Session manager.
menu.exe: 0000131C: 12:10:03 [TUniGUISessionManager]:Stopping Cache Eraser...
menu.exe: 0000131C: 12:10:03 [TUniGUISessionManager]:Cache Eraser Stopped.
menu.exe: 0000131C: 12:10:03 [TUniGUISessionManager]:Destroying Worker Threads.
menu.exe: 0000131C: 12:10:03 [TUniGUISessionManager]:Session manager terminated.
menu.exe: 0000131C: 12:10:03 [TUniServerModule]:Server Shutdown Completed.
menu.exe: 0000131C: 12:10:03 []:<-------------------------------------------------------------->
menu.exe: 0000131C: 12:10:03 [Terminated]:Exit Code: 0
menu.exe: 0000116C: 12:10:09 []:>--------------------------------------------------------------<
menu.exe: 0000116C: 12:10:09 [TUniServerModule]:Server First Init.
menu.exe: 0000116C: 12:10:09 [TUniServerModule]:Starting HTTP Server on Port: 8077...
menu.exe: 0000116C: 12:10:09 [TUniServerModule]:HTTP Server Started on Port: 8077
menu.exe: 00002A7C: 12:10:14 [127.0.0.1]:EUniSessionException : Invalid session or session Timeout. (Session not found: GOrbuUFL1t10559FC54 ) : Addr: $007CD7E6
menu.exe: 0000116C: 12:11:18 [TUniServerModule]:Shutting Down Server.
menu.exe: 0000116C: 12:11:18 [TUniServerModule]:Stopping HTTP Server.
menu.exe: 0000116C: 12:11:19 [TUniServerModule]:HTTP Server Stopped.
menu.exe: 0000116C: 12:11:19 [TUniGUISessionManager]:Terminating Session manager.
menu.exe: 0000116C: 12:11:19 [TUniGUISessionManager]:Stopping Cache Eraser...
menu.exe: 0000116C: 12:11:19 [TUniGUISessionManager]:Cache Eraser Stopped.
menu.exe: 0000116C: 12:11:19 [TUniGUISessionManager]:Destroying Worker Threads.
menu.exe: 0000116C: 12:11:19 [TUniGUISessionManager]:Session manager terminated.
menu.exe: 0000116C: 12:11:19 [TUniServerModule]:Server Shutdown Completed.
menu.exe: 0000116C: 12:11:19 []:<-------------------------------------------------------------->
menu.exe: 0000116C: 12:11:19 [Terminated]:Exit Code: 0
menu.exe: 00002BE0: 12:11:25 []:>--------------------------------------------------------------<
menu.exe: 00002BE0: 12:11:25 [TUniServerModule]:Server First Init.
menu.exe: 00002BE0: 12:11:25 [TUniServerModule]:Starting HTTP Server on Port: 8077...
menu.exe: 00002BE0: 12:11:25 [TUniServerModule]:HTTP Server Started on Port: 8077
menu.exe: 00002A94: 12:11:28 [127.0.0.1]:EUniSessionException : Invalid session or session Timeout. (Session not found: Gp9gUUV4ZN10559FC77 ) : Addr: $007CD7E6
menu.exe: 00002760: 12:11:33 [127.0.0.1]:EClassNotFound : Class tuniframe4 not found : Addr: $004686FA
menu.exe: 00002BE0: 12:12:06 [TUniServerModule]:Shutting Down Server.
menu.exe: 00002BE0: 12:12:06 [TUniServerModule]:Stopping HTTP Server.
menu.exe: 00002BE0: 12:12:07 [TUniServerModule]:HTTP Server Stopped.
menu.exe: 00002BE0: 12:12:07 [TUniGUISessionManager]:Terminating Session manager.
menu.exe: 00002BE0: 12:12:07 [TUniGUISessionManager]:Stopping Cache Eraser...
menu.exe: 00002BE0: 12:12:07 [TUniGUISessionManager]:Cache Eraser Stopped.
menu.exe: 00002BE0: 12:12:07 [TUniGUISessionManager]:Destroying Worker Threads.
menu.exe: 00002BE0: 12:12:07 [TUniGUISessionManager]:Session manager terminated.
menu.exe: 00002BE0: 12:12:07 [TUniServerModule]:Server Shutdown Completed.
menu.exe: 00002BE0: 12:12:07 []:<-------------------------------------------------------------->
menu.exe: 00002BE0: 12:12:07 [Terminated]:Exit Code: 0
menu.exe: 00002398: 12:12:15 []:>--------------------------------------------------------------<
menu.exe: 00002398: 12:12:15 [TUniServerModule]:Server First Init.
menu.exe: 00002398: 12:12:15 [TUniServerModule]:Starting HTTP Server on Port: 8077...
menu.exe: 00002398: 12:12:15 [TUniServerModule]:HTTP Server Started on Port: 8077
menu.exe: 0000274C: 12:12:17 [127.0.0.1]:EUniSessionException : Invalid session or session Timeout. (Session not found: 9M25UKXGGI10559FCCD ) : Addr: $007CD7E6
menu.exe: 000005E4: 12:12:21 [127.0.0.1]:EComponentError : A component named UniFrame already exists : Addr: $0048AF46
menu.exe: 000005E4: 12:12:31 [127.0.0.1]:EComponentError : A component named UniFrame already exists : Addr: $0048AF46
menu.exe: 000005E4: 12:12:34 [127.0.0.1]:EComponentError : A component named UniFrame already exists : Addr: $0048AF46
menu.exe: 000005E4: 12:12:38 [127.0.0.1]:EComponentError : A component named UniFrame already exists : Addr: $0048AF46
menu.exe: 00002398: 12:13:13 [TUniServerModule]:Shutting Down Server.
menu.exe: 00002398: 12:13:13 [TUniServerModule]:Stopping HTTP Server.
menu.exe: 00002398: 12:13:14 [TUniServerModule]:HTTP Server Stopped.
menu.exe: 00002398: 12:13:14 [TUniGUISessionManager]:Terminating Session manager.
menu.exe: 00002398: 12:13:14 [TUniGUISessionManager]:Stopping Cache Eraser...
menu.exe: 00002398: 12:13:14 [TUniGUISessionManager]:Cache Eraser Stopped.
menu.exe: 00002398: 12:13:14 [TUniGUISessionManager]:Destroying Worker Threads.
menu.exe: 00002398: 12:13:14 [TUniGUISessionManager]:Session manager terminated.
menu.exe: 00002398: 12:13:14 [TUniServerModule]:Server Shutdown Completed.
menu.exe: 00002398: 12:13:14 []:<-------------------------------------------------------------->
menu.exe: 00002398: 12:13:14 [Terminated]:Exit Code: 0
menu.exe: 00002630: 12:13:20 []:>--------------------------------------------------------------<
menu.exe: 00002630: 12:13:20 [TUniServerModule]:Server First Init.
menu.exe: 00002630: 12:13:20 [TUniServerModule]:Starting HTTP Server on Port: 8077...
menu.exe: 00002630: 12:13:20 [TUniServerModule]:HTTP Server Started on Port: 8077
menu.exe: 00000DB8: 12:13:22 [127.0.0.1]:EUniSessionException : Invalid session or session Timeout. (Session not found: yWnmDEOXIp10559FD05 ) : Addr: $007CD7E6
menu.exe: 00002750: 12:13:26 [127.0.0.1]:EComponentError : A component named UniFrame already exists : Addr: $0048AF46
menu.exe: 00002630: 12:14:45 [TUniServerModule]:Shutting Down Server.
menu.exe: 00002630: 12:14:45 [TUniServerModule]:Stopping HTTP Server.
menu.exe: 00002630: 12:14:46 [TUniServerModule]:HTTP Server Stopped.
menu.exe: 00002630: 12:14:46 [TUniGUISessionManager]:Terminating Session manager.
menu.exe: 00002630: 12:14:46 [TUniGUISessionManager]:Stopping Cache Eraser...
menu.exe: 00002630: 12:14:46 [TUniGUISessionManager]:Cache Eraser Stopped.
menu.exe: 00002630: 12:14:47 [TUniGUISessionManager]:Destroying Worker Threads.
menu.exe: 00002630: 12:14:47 [TUniGUISessionManager]:Session manager terminated.
menu.exe: 00002630: 12:14:47 [TUniServerModule]:Server Shutdown Completed.
menu.exe: 00002630: 12:14:47 []:<-------------------------------------------------------------->
menu.exe: 00002630: 12:14:47 [Terminated]:Exit Code: 0
menu.exe: 0000273C: 12:14:54 []:>--------------------------------------------------------------<
menu.exe: 0000273C: 12:14:54 [TUniServerModule]:Server First Init.
menu.exe: 0000273C: 12:14:54 [TUniServerModule]:Starting HTTP Server on Port: 8077...
menu.exe: 0000273C: 12:14:54 [TUniServerModule]:HTTP Server Started on Port: 8077
menu.exe: 00002418: 12:14:56 [127.0.0.1]:EUniSessionException : Invalid session or session Timeout. (Session not found: UK26peMiZl10559FD51 ) : Addr: $007CD7E6
menu.exe: 0000273C: 12:15:30 [TUniServerModule]:Shutting Down Server.
menu.exe: 0000273C: 12:15:30 [TUniServerModule]:Stopping HTTP Server.
menu.exe: 0000273C: 12:15:31 [TUniServerModule]:HTTP Server Stopped.
menu.exe: 0000273C: 12:15:31 [TUniGUISessionManager]:Terminating Session manager.
menu.exe: 0000273C: 12:15:31 [TUniGUISessionManager]:Stopping Cache Eraser...
menu.exe: 0000273C: 12:15:31 [TUniGUISessionManager]:Cache Eraser Stopped.
menu.exe: 0000273C: 12:15:31 [TUniGUISessionManager]:Destroying Worker Threads.
menu.exe: 0000273C: 12:15:31 [TUniGUISessionManager]:Session manager terminated.
menu.exe: 0000273C: 12:15:31 [TUniServerModule]:Server Shutdown Completed.
menu.exe: 0000273C: 12:15:31 []:<-------------------------------------------------------------->
menu.exe: 0000273C: 12:15:31 [Terminated]:Exit Code: 0
menu.exe: 000008C4: 12:15:37 []:>--------------------------------------------------------------<
menu.exe: 000008C4: 12:15:37 [TUniServerModule]:Server First Init.
menu.exe: 000008C4: 12:15:37 [TUniServerModule]:Starting HTTP Server on Port: 8077...
menu.exe: 000008C4: 12:15:37 [TUniServerModule]:HTTP Server Started on Port: 8077
menu.exe: 00002458: 12:15:40 [127.0.0.1]:EUniSessionException : Invalid session or session Timeout. (Session not found: Mo2Bzruv3X10559FDBE ) : Addr: $007CD7E6
menu.exe: 000008C4: 12:15:50 [TUniServerModule]:Shutting Down Server.
menu.exe: 000008C4: 12:15:50 [TUniServerModule]:Stopping HTTP Server.
menu.exe: 000008C4: 12:15:51 [TUniServerModule]:HTTP Server Stopped.
menu.exe: 000008C4: 12:15:51 [TUniGUISessionManager]:Terminating Session manager.
menu.exe: 000008C4: 12:15:51 [TUniGUISessionManager]:Stopping Cache Eraser...
menu.exe: 000008C4: 12:15:51 [TUniGUISessionManager]:Cache Eraser Stopped.
menu.exe: 000008C4: 12:15:51 [TUniGUISessionManager]:Destroying Worker Threads.
menu.exe: 000008C4: 12:15:51 [TUniGUISessionManager]:Session manager terminated.
menu.exe: 000008C4: 12:15:51 [TUniServerModule]:Server Shutdown Completed.
menu.exe: 000008C4: 12:15:51 []:<-------------------------------------------------------------->
menu.exe: 000008C4: 12:15:51 [Terminated]:Exit Code: 0
menu.exe: 000028B4: 12:16:03 []:>--------------------------------------------------------------<
menu.exe: 000028B4: 12:16:03 [TUniServerModule]:Server First Init.
menu.exe: 000028B4: 12:16:03 [TUniServerModule]:Starting HTTP Server on Port: 8077...
menu.exe: 000028B4: 12:16:03 [TUniServerModule]:HTTP Server Started on Port: 8077
menu.exe: 00001B9C: 12:16:07 [127.0.0.1]:EUniSessionException : Invalid session or session Timeout. (Session not found: wrgMCjGlpz10559FDF0 ) : Addr: $007CD7E6
menu.exe: 000028B4: 12:16:36 [TUniServerModule]:Shutting Down Server.
menu.exe: 000028B4: 12:16:36 [TUniServerModule]:Stopping HTTP Server.
menu.exe: 000028B4: 12:16:37 [TUniServerModule]:HTTP Server Stopped.
menu.exe: 000028B4: 12:16:37 [TUniGUISessionManager]:Terminating Session manager.
menu.exe: 000028B4: 12:16:37 [TUniGUISessionManager]:Stopping Cache Eraser...
menu.exe: 000028B4: 12:16:37 [TUniGUISessionManager]:Cache Eraser Stopped.
menu.exe: 000028B4: 12:16:37 [TUniGUISessionManager]:Destroying Worker Threads.
menu.exe: 000028B4: 12:16:37 [TUniGUISessionManager]:Session manager terminated.
menu.exe: 000028B4: 12:16:37 [TUniServerModule]:Server Shutdown Completed.
menu.exe: 000028B4: 12:16:37 []:<-------------------------------------------------------------->
menu.exe: 000028B4: 12:16:37 [Terminated]:Exit Code: 0
menu.exe: 0000112C: 12:17:17 []:>--------------------------------------------------------------<
menu.exe: 0000112C: 12:17:17 [TUniServerModule]:Server First Init.
menu.exe: 0000112C: 12:17:18 [TUniServerModule]:Starting HTTP Server on Port: 8077...
menu.exe: 0000112C: 12:17:18 [TUniServerModule]:HTTP Server Started on Port: 8077
menu.exe: 00002878: 12:17:23 [127.0.0.1]:EUniSessionException : Invalid session or session Timeout. (Session not found: 8rS62SyFTW10559FE10 ) : Addr: $007CD7E6
menu.exe: 0000112C: 12:17:31 [TUniServerModule]:Shutting Down Server.
menu.exe: 0000112C: 12:17:31 [TUniServerModule]:Stopping HTTP Server.
menu.exe: 0000112C: 12:17:32 [TUniServerModule]:HTTP Server Stopped.
menu.exe: 0000112C: 12:17:32 [TUniGUISessionManager]:Terminating Session manager.
menu.exe: 0000112C: 12:17:32 [TUniGUISessionManager]:Stopping Cache Eraser...
menu.exe: 0000112C: 12:17:32 [TUniGUISessionManager]:Cache Eraser Stopped.
menu.exe: 0000112C: 12:17:32 [TUniGUISessionManager]:Destroying Worker Threads.
menu.exe: 0000112C: 12:17:32 [TUniGUISessionManager]:Session manager terminated.
menu.exe: 0000112C: 12:17:32 [TUniServerModule]:Server Shutdown Completed.
menu.exe: 0000112C: 12:17:32 []:<-------------------------------------------------------------->
menu.exe: 0000112C: 12:17:32 [Terminated]:Exit Code: 0
menu.exe: 00002960: 13:07:37 []:>--------------------------------------------------------------<
menu.exe: 00002960: 13:07:37 [TUniServerModule]:Server First Init.
menu.exe: 00002960: 13:07:37 [TUniServerModule]:Starting HTTP Server on Port: 8077...
menu.exe: 00002960: 13:07:37 [TUniServerModule]:HTTP Server Started on Port: 8077
menu.exe: 00000D04: 13:07:41 [127.0.0.1]:EUniSessionException : Invalid session or session Timeout. (Session not found: epz6fcxsXR10559FE67 ) : Addr: $007CD7E6
menu.exe: 00002960: 13:13:37 [TUniServerModule]:Shutting Down Server.
menu.exe: 00002960: 13:13:37 [TUniServerModule]:Stopping HTTP Server.
menu.exe: 00002960: 13:13:38 [TUniServerModule]:HTTP Server Stopped.
menu.exe: 00002960: 13:13:38 [TUniGUISessionManager]:Terminating Session manager.
menu.exe: 00002960: 13:13:38 [TUniGUISessionManager]:Stopping Cache Eraser...
menu.exe: 00002960: 13:13:38 [TUniGUISessionManager]:Cache Eraser Stopped.
menu.exe: 00002960: 13:13:38 [TUniGUISessionManager]:Destroying Worker Threads.
menu.exe: 00002960: 13:13:39 [TUniGUISessionManager]:Session manager terminated.
menu.exe: 00002960: 13:13:39 [TUniServerModule]:Server Shutdown Completed.
menu.exe: 00002960: 13:13:39 []:<-------------------------------------------------------------->
menu.exe: 00002960: 13:13:39 [Terminated]:Exit Code: 0
menu.exe: 00001384: 13:14:32 []:>--------------------------------------------------------------<
menu.exe: 00001384: 13:14:32 [TUniServerModule]:Server First Init.
menu.exe: 00001384: 13:14:32 [TUniServerModule]:Starting HTTP Server on Port: 8077...
menu.exe: 00001384: 13:14:32 [TUniServerModule]:HTTP Server Started on Port: 8077
menu.exe: 000005AC: 13:14:37 [127.0.0.1]:EUniSessionException : Invalid session or session Timeout. (Session not found: lX2SQ6Zq3u1055A0C0D ) : Addr: $007CD7E6
menu.exe: 00001384: 13:19:42 [TUniServerModule]:Shutting Down Server.
menu.exe: 00001384: 13:19:42 [TUniServerModule]:Stopping HTTP Server.
menu.exe: 00001384: 13:19:43 [TUniServerModule]:HTTP Server Stopped.
menu.exe: 00001384: 13:19:43 [TUniGUISessionManager]:Terminating Session manager.
menu.exe: 00001384: 13:19:43 [TUniGUISessionManager]:Stopping Cache Eraser...
menu.exe: 00001384: 13:19:43 [TUniGUISessionManager]:Cache Eraser Stopped.
menu.exe: 00001384: 13:19:43 [TUniGUISessionManager]:Destroying Worker Threads.
menu.exe: 00001384: 13:19:43 [TUniGUISessionManager]:Session manager terminated.
menu.exe: 00001384: 13:19:43 [TUniServerModule]:Server Shutdown Completed.
menu.exe: 00001384: 13:19:43 []:<-------------------------------------------------------------->
menu.exe: 00001384: 13:19:43 [Terminated]:Exit Code: 0
menu.exe: 00000894: 13:20:13 []:>--------------------------------------------------------------<
menu.exe: 00000894: 13:20:13 [TUniServerModule]:Server First Init.
menu.exe: 00000894: 13:20:14 [TUniServerModule]:Starting HTTP Server on Port: 8077...
menu.exe: 00000894: 13:20:14 [TUniServerModule]:HTTP Server Started on Port: 8077
menu.exe: 00000C84: 13:20:16 [127.0.0.1]:EUniSessionException : Invalid session or session Timeout. (Session not found: zqVHFIeI421055A0DEE ) : Addr: $007CD7E6
menu.exe: 00000894: 13:20:52 [TUniServerModule]:Shutting Down Server.
menu.exe: 00000894: 13:20:52 [TUniServerModule]:Stopping HTTP Server.
menu.exe: 00000894: 13:20:53 [TUniServerModule]:HTTP Server Stopped.
menu.exe: 00000894: 13:20:53 [TUniGUISessionManager]:Terminating Session manager.
menu.exe: 00000894: 13:20:53 [TUniGUISessionManager]:Stopping Cache Eraser...
menu.exe: 00000894: 13:20:53 [TUniGUISessionManager]:Cache Eraser Stopped.
menu.exe: 00000894: 13:20:53 [TUniGUISessionManager]:Destroying Worker Threads.
menu.exe: 00000894: 13:20:53 [TUniGUISessionManager]:Session manager terminated.
menu.exe: 00000894: 13:20:53 [TUniServerModule]:Server Shutdown Completed.
menu.exe: 00000894: 13:20:53 []:<-------------------------------------------------------------->
menu.exe: 00000894: 13:20:53 [Terminated]:Exit Code: 0
menu.exe: 00002298: 13:21:32 []:>--------------------------------------------------------------<
menu.exe: 00002298: 13:21:32 [TUniServerModule]:Server First Init.
menu.exe: 00002298: 13:21:32 [TUniServerModule]:Starting HTTP Server on Port: 8077...
menu.exe: 00002298: 13:21:32 [TUniServerModule]:HTTP Server Started on Port: 8077
menu.exe: 00000C6C: 13:21:34 [127.0.0.1]:EUniSessionException : Invalid session or session Timeout. (Session not found: RoqrDpPlqA1055A0F76 ) : Addr: $007CD7E6
menu.exe: 0000027C: 13:22:39 [127.0.0.1]:EUniSessionException : Invalid session or session Timeout. (Session not found: D25QwV3JHQ10559F155 ) : Addr: $007CD7E6
menu.exe: 00002298: 13:30:23 [TUniServerModule]:Shutting Down Server.
menu.exe: 00002298: 13:30:23 [TUniServerModule]:Stopping HTTP Server.
menu.exe: 00002298: 13:30:24 [TUniServerModule]:HTTP Server Stopped.
menu.exe: 00002298: 13:30:24 [TUniGUISessionManager]:Terminating Session manager.
menu.exe: 00002298: 13:30:24 [TUniGUISessionManager]:Stopping Cache Eraser...
menu.exe: 00002298: 13:30:24 [TUniGUISessionManager]:Cache Eraser Stopped.
menu.exe: 00002298: 13:30:24 [TUniGUISessionManager]:Destroying Worker Threads.
menu.exe: 00002298: 13:30:24 [TUniGUISessionManager]:Session manager terminated.
menu.exe: 00002298: 13:30:24 [TUniServerModule]:Server Shutdown Completed.
menu.exe: 00002298: 13:30:24 []:<-------------------------------------------------------------->
menu.exe: 00002298: 13:30:24 [Terminated]:Exit Code: 0
menu.exe: 000013B8: 13:30:31 []:>--------------------------------------------------------------<
menu.exe: 000013B8: 13:30:31 [TUniServerModule]:Server First Init.
menu.exe: 000013B8: 13:30:32 [TUniServerModule]:Starting HTTP Server on Port: 8077...
menu.exe: 000013B8: 13:30:32 [TUniServerModule]:HTTP Server Started on Port: 8077
menu.exe: 00001A54: 13:30:35 [127.0.0.1]:EUniSessionException : Invalid session or session Timeout. (Session not found: OVLApIctHQ1055A0FD0 ) : Addr: $007CD7E6
menu.exe: 000013B8: 13:33:08 [TUniServerModule]:Shutting Down Server.
menu.exe: 000013B8: 13:33:08 [TUniServerModule]:Stopping HTTP Server.
menu.exe: 000013B8: 13:33:09 [TUniServerModule]:HTTP Server Stopped.
menu.exe: 000013B8: 13:33:09 [TUniGUISessionManager]:Terminating Session manager.
menu.exe: 000013B8: 13:33:09 [TUniGUISessionManager]:Stopping Cache Eraser...
menu.exe: 000013B8: 13:33:09 [TUniGUISessionManager]:Cache Eraser Stopped.
menu.exe: 000013B8: 13:33:09 [TUniGUISessionManager]:Destroying Worker Threads.
menu.exe: 000013B8: 13:33:09 [TUniGUISessionManager]:Session manager terminated.
menu.exe: 000013B8: 13:33:10 [TUniServerModule]:Server Shutdown Completed.
menu.exe: 000013B8: 13:33:10 []:<-------------------------------------------------------------->
menu.exe: 000013B8: 13:33:10 [Terminated]:Exit Code: 0
menu.exe: 00002B04: 13:33:18 []:>--------------------------------------------------------------<
menu.exe: 00002B04: 13:33:18 [TUniServerModule]:Server First Init.
menu.exe: 00002B04: 13:33:18 [TUniServerModule]:Debug Mode = ON
menu.exe: 00002B04: 13:33:18 [TUniServerModule]:Starting HTTP Server on Port: 8077...
menu.exe: 00002B04: 13:33:18 [TUniServerModule]:HTTP Server Started on Port: 8077
menu.exe: 00001ED4: 13:33:22 [127.0.0.1]:EUniSessionException : Invalid session or session Timeout. (Session not found: EI4LGqQQFj1055A1286 ) : Addr: $007CDB52
menu.exe: 00000F20: 13:34:51 []:>--------------------------------------------------------------<
menu.exe: 00000F20: 13:34:51 [TUniServerModule]:Server First Init.
menu.exe: 00000F20: 13:34:51 [TUniServerModule]:Global Cache Folder Erased. <3> Files deleted.
menu.exe: 00000F20: 13:34:51 [TUniServerModule]:Starting HTTP Server on Port: 8077...
menu.exe: 00000F20: 13:34:51 [TUniServerModule]:HTTP Server Started on Port: 8077
menu.exe: 000013D8: 13:34:55 [127.0.0.1]:EUniSessionException : Invalid session or session Timeout. (Session not found: eDqOSNNwUy1055A131D ) : Addr: $007CDB52
menu.exe: 00000F20: 13:35:39 [TUniServerModule]:Shutting Down Server.
menu.exe: 00000F20: 13:35:39 [TUniServerModule]:Stopping HTTP Server.
menu.exe: 00000F20: 13:35:40 [TUniServerModule]:HTTP Server Stopped.
menu.exe: 00000F20: 13:35:40 [TUniGUISessionManager]:Terminating Session manager.
menu.exe: 00000F20: 13:35:41 [TUniGUISessionManager]:Stopping Cache Eraser...
menu.exe: 00000F20: 13:35:41 [TUniGUISessionManager]:Cache Eraser Stopped.
menu.exe: 00000F20: 13:35:41 [TUniGUISessionManager]:Destroying Worker Threads.
menu.exe: 00000F20: 13:35:41 [TUniGUISessionManager]:Session manager terminated.
menu.exe: 00000F20: 13:35:41 [TUniServerModule]:Server Shutdown Completed.
menu.exe: 00000F20: 13:35:41 []:<-------------------------------------------------------------->
menu.exe: 00000F20: 13:35:41 [Terminated]:Exit Code: 0
menu.exe: 00002044: 13:37:11 []:>--------------------------------------------------------------<
menu.exe: 00002044: 13:37:11 [TUniServerModule]:Server First Init.
menu.exe: 00002044: 13:37:12 [TUniServerModule]:Starting HTTP Server on Port: 8077...
menu.exe: 00002044: 13:37:12 [TUniServerModule]:HTTP Server Started on Port: 8077
menu.exe: 00001F20: 13:37:15 [127.0.0.1]:EUniSessionException : Invalid session or session Timeout. (Session not found: QuVSLkwJqA1055A1370 ) : Addr: $007CDB52
menu.exe: 00002044: 13:37:25 [TUniServerModule]:Shutting Down Server.
menu.exe: 00002044: 13:37:25 [TUniServerModule]:Stopping HTTP Server.
menu.exe: 00002044: 13:37:26 [TUniServerModule]:HTTP Server Stopped.
menu.exe: 00002044: 13:37:26 [TUniGUISessionManager]:Terminating Session manager.
menu.exe: 00002044: 13:37:26 [TUniGUISessionManager]:Stopping Cache Eraser...
menu.exe: 00002044: 13:37:26 [TUniGUISessionManager]:Cache Eraser Stopped.
menu.exe: 00002044: 13:37:26 [TUniGUISessionManager]:Destroying Worker Threads.
menu.exe: 00002044: 13:37:26 [TUniGUISessionManager]:Session manager terminated.
menu.exe: 00002044: 13:37:26 [TUniServerModule]:Server Shutdown Completed.
menu.exe: 00002044: 13:37:26 []:<-------------------------------------------------------------->
menu.exe: 00002044: 13:37:26 [Terminated]:Exit Code: 0
menu.exe: 000016E4: 13:37:38 []:>--------------------------------------------------------------<
menu.exe: 000016E4: 13:37:38 [TUniServerModule]:Server First Init.
menu.exe: 000016E4: 13:37:38 [TUniServerModule]:Starting HTTP Server on Port: 8077...
menu.exe: 000016E4: 13:37:38 [TUniServerModule]:HTTP Server Started on Port: 8077
menu.exe: 0000248C: 13:37:40 [127.0.0.1]:EUniSessionException : Invalid session or session Timeout. (Session not found: sEGkamjkIt1055A1411 ) : Addr: $007CDB52
menu.exe: 000016E4: 13:38:19 [TUniServerModule]:Shutting Down Server.
menu.exe: 000016E4: 13:38:19 [TUniServerModule]:Stopping HTTP Server.
menu.exe: 000016E4: 13:38:21 [TUniServerModule]:HTTP Server Stopped.
menu.exe: 000016E4: 13:38:21 [TUniGUISessionManager]:Terminating Session manager.
menu.exe: 000016E4: 13:38:21 [TUniGUISessionManager]:Stopping Cache Eraser...
menu.exe: 000016E4: 13:38:21 [TUniGUISessionManager]:Cache Eraser Stopped.
menu.exe: 000016E4: 13:38:21 [TUniGUISessionManager]:Destroying Worker Threads.
menu.exe: 000016E4: 13:38:21 [TUniGUISessionManager]:Session manager terminated.
menu.exe: 000016E4: 13:38:21 [TUniServerModule]:Server Shutdown Completed.
menu.exe: 000016E4: 13:38:21 []:<-------------------------------------------------------------->
menu.exe: 000016E4: 13:38:21 [Terminated]:Exit Code: 0
menu.exe: 00000DB8: 13:39:32 []:>--------------------------------------------------------------<
menu.exe: 00000DB8: 13:39:32 [TUniServerModule]:Server First Init.
menu.exe: 00000DB8: 13:39:32 [TUniServerModule]:Starting HTTP Server on Port: 8077...
menu.exe: 00000DB8: 13:39:32 [TUniServerModule]:HTTP Server Started on Port: 8077
menu.exe: 00002984: 13:39:35 [127.0.0.1]:EUniSessionException : Invalid session or session Timeout. (Session not found: DwSAB8tOEo1055A142E ) : Addr: $007CDB52
menu.exe: 00000DB8: 13:40:03 [TUniServerModule]:Shutting Down Server.
menu.exe: 00000DB8: 13:40:03 [TUniServerModule]:Stopping HTTP Server.
menu.exe: 00000DB8: 13:40:04 [TUniServerModule]:HTTP Server Stopped.
menu.exe: 00000DB8: 13:40:04 [TUniGUISessionManager]:Terminating Session manager.
menu.exe: 00000DB8: 13:40:04 [TUniGUISessionManager]:Stopping Cache Eraser...
menu.exe: 00000DB8: 13:40:04 [TUniGUISessionManager]:Cache Eraser Stopped.
menu.exe: 00000DB8: 13:40:04 [TUniGUISessionManager]:Destroying Worker Threads.
menu.exe: 00000DB8: 13:40:04 [TUniGUISessionManager]:Session manager terminated.
menu.exe: 00000DB8: 13:40:04 [TUniServerModule]:Server Shutdown Completed.
menu.exe: 00000DB8: 13:40:04 []:<-------------------------------------------------------------->
menu.exe: 00000DB8: 13:40:04 [Terminated]:Exit Code: 0
menu.exe: 00001E50: 17:13:23 []:>--------------------------------------------------------------<
menu.exe: 00001E50: 17:13:23 [TUniServerModule]:Server First Init.
menu.exe: 00001E50: 17:13:23 [TUniServerModule]:Starting HTTP Server on Port: 8077...
menu.exe: 00001E50: 17:13:23 [TUniServerModule]:HTTP Server Started on Port: 8077
menu.exe: 00001E50: 17:13:52 [TUniServerModule]:Shutting Down Server.
menu.exe: 00001E50: 17:13:52 [TUniServerModule]:Stopping HTTP Server.
menu.exe: 00001E50: 17:13:53 [TUniServerModule]:HTTP Server Stopped.
menu.exe: 00001E50: 17:13:53 [TUniGUISessionManager]:Terminating Session manager.
menu.exe: 00001E50: 17:13:53 [TUniGUISessionManager]:Stopping Cache Eraser...
menu.exe: 00001E50: 17:13:53 [TUniGUISessionManager]:Cache Eraser Stopped.
menu.exe: 00001E50: 17:13:53 [TUniGUISessionManager]:Destroying Worker Threads.
menu.exe: 00001E50: 17:13:53 [TUniGUISessionManager]:Session manager terminated.
menu.exe: 00001E50: 17:13:53 [TUniServerModule]:Server Shutdown Completed.
menu.exe: 00001E50: 17:13:53 []:<-------------------------------------------------------------->
menu.exe: 00001E50: 17:13:53 [Terminated]:Exit Code: 0
menu.exe: 00002288: 17:27:54 []:>--------------------------------------------------------------<
menu.exe: 00002288: 17:27:54 [TUniServerModule]:Server First Init.
menu.exe: 00002288: 17:27:54 [TUniServerModule]:Starting HTTP Server on Port: 8077...
menu.exe: 00002288: 17:27:54 [TUniServerModule]:HTTP Server Started on Port: 8077
menu.exe: 000025E0: 17:28:00 [127.0.0.1]:EUniSessionException : Invalid session or session Timeout. (Session not found: ZJtyTuR3Tz1055A4EB8 ) : Addr: $007CDB52
menu.exe: 00002288: 17:30:35 [TUniServerModule]:Shutting Down Server.
menu.exe: 00002288: 17:30:35 [TUniServerModule]:Stopping HTTP Server.
menu.exe: 00002288: 17:30:36 [TUniServerModule]:HTTP Server Stopped.
menu.exe: 00002288: 17:30:36 [TUniGUISessionManager]:Terminating Session manager.
menu.exe: 00002288: 17:30:36 [TUniGUISessionManager]:Stopping Cache Eraser...
menu.exe: 00002288: 17:30:36 [TUniGUISessionManager]:Cache Eraser Stopped.
menu.exe: 00002288: 17:30:36 [TUniGUISessionManager]:Destroying Worker Threads.
menu.exe: 00002288: 17:30:36 [TUniGUISessionManager]:Session manager terminated.
menu.exe: 00002288: 17:30:36 [TUniServerModule]:Server Shutdown Completed.
menu.exe: 00002288: 17:30:36 []:<-------------------------------------------------------------->
menu.exe: 00002288: 17:30:36 [Terminated]:Exit Code: 0
menu.exe: 000009BC: 17:33:06 []:>--------------------------------------------------------------<
menu.exe: 000009BC: 17:33:06 [TUniServerModule]:Server First Init.
menu.exe: 000009BC: 17:33:06 [TUniServerModule]:Starting HTTP Server on Port: 8077...
menu.exe: 000009BC: 17:33:06 [TUniServerModule]:HTTP Server Started on Port: 8077
menu.exe: 00002504: 17:33:10 [127.0.0.1]:EUniSessionException : Invalid session or session Timeout. (Session not found: Z1swTedgyg1055A52AA ) : Addr: $007CDB52
menu.exe: 000009BC: 17:34:55 [TUniServerModule]:Shutting Down Server.
menu.exe: 000009BC: 17:34:55 [TUniServerModule]:Stopping HTTP Server.
menu.exe: 000009BC: 17:34:56 [TUniServerModule]:HTTP Server Stopped.
menu.exe: 000009BC: 17:34:56 [TUniGUISessionManager]:Terminating Session manager.
menu.exe: 000009BC: 17:34:56 [TUniGUISessionManager]:Stopping Cache Eraser...
menu.exe: 000009BC: 17:34:56 [TUniGUISessionManager]:Cache Eraser Stopped.
menu.exe: 000009BC: 17:34:56 [TUniGUISessionManager]:Destroying Worker Threads.
menu.exe: 000009BC: 17:34:56 [TUniGUISessionManager]:Session manager terminated.
menu.exe: 000009BC: 17:34:56 [TUniServerModule]:Server Shutdown Completed.
menu.exe: 000009BC: 17:34:56 []:<-------------------------------------------------------------->
menu.exe: 000009BC: 17:34:56 [Terminated]:Exit Code: 0
menu.exe: 00000120: 17:35:02 []:>--------------------------------------------------------------<
menu.exe: 00000120: 17:35:02 [TUniServerModule]:Server First Init.
menu.exe: 00000120: 17:35:02 [TUniServerModule]:Starting HTTP Server on Port: 8077...
menu.exe: 00000120: 17:35:02 [TUniServerModule]:HTTP Server Started on Port: 8077
menu.exe: 00000118: 17:35:08 [127.0.0.1]:EUniSessionException : Invalid session or session Timeout. (Session not found: WFWsW8xcww1055A5411 ) : Addr: $007CDB52
menu.exe: 00000120: 17:35:45 [TUniServerModule]:Shutting Down Server.
menu.exe: 00000120: 17:35:45 [TUniServerModule]:Stopping HTTP Server.
menu.exe: 00000120: 17:35:46 [TUniServerModule]:HTTP Server Stopped.
menu.exe: 00000120: 17:35:46 [TUniGUISessionManager]:Terminating Session manager.
menu.exe: 00000120: 17:35:46 [TUniGUISessionManager]:Stopping Cache Eraser...
menu.exe: 00000120: 17:35:46 [TUniGUISessionManager]:Cache Eraser Stopped.
menu.exe: 00000120: 17:35:46 [TUniGUISessionManager]:Destroying Worker Threads.
menu.exe: 00000120: 17:35:46 [TUniGUISessionManager]:Session manager terminated.
menu.exe: 00000120: 17:35:46 [TUniServerModule]:Server Shutdown Completed.
menu.exe: 00000120: 17:35:46 []:<-------------------------------------------------------------->
menu.exe: 00000120: 17:35:46 [Terminated]:Exit Code: 0
menu.exe: 00000500: 17:53:40 []:>--------------------------------------------------------------<
menu.exe: 00000500: 17:53:40 [TUniServerModule]:Server First Init.
menu.exe: 00000500: 17:53:40 [TUniServerModule]:Starting HTTP Server on Port: 8077...
menu.exe: 00000500: 17:53:40 [TUniServerModule]:HTTP Server Started on Port: 8077
menu.exe: 00001010: 17:53:45 [127.0.0.1]:EUniSessionException : Invalid session or session Timeout. (Session not found: ukxNIcEtqw1055A5497 ) : Addr: $007CDB52
menu.exe: 00000500: 17:54:02 [TUniServerModule]:Shutting Down Server.
menu.exe: 00000500: 17:54:02 [TUniServerModule]:Stopping HTTP Server.
menu.exe: 00000500: 17:54:03 [TUniServerModule]:HTTP Server Stopped.
menu.exe: 00000500: 17:54:03 [TUniGUISessionManager]:Terminating Session manager.
menu.exe: 00000500: 17:54:03 [TUniGUISessionManager]:Stopping Cache Eraser...
menu.exe: 00000500: 17:54:03 [TUniGUISessionManager]:Cache Eraser Stopped.
menu.exe: 00000500: 17:54:04 [TUniGUISessionManager]:Destroying Worker Threads.
menu.exe: 00000500: 17:54:04 [TUniGUISessionManager]:Session manager terminated.
menu.exe: 00000500: 17:54:04 [TUniServerModule]:Server Shutdown Completed.
menu.exe: 00000500: 17:54:04 []:<-------------------------------------------------------------->
menu.exe: 00000500: 17:54:04 [Terminated]:Exit Code: 0
